INFO - 2024-11-03 12:11:37 --> Session: Class initialized using 'CodeIgniter\Session\Handlers\FileHandler' driver.
INFO - 2024-11-03 12:11:38 --> Session: Class initialized using 'CodeIgniter\Session\Handlers\FileHandler' driver.
CRITICAL - 2024-11-03 12:11:50 --> Trying to access array offset on value of type null
in APPPATH\Views\transaksi\details.php on line 16.
 1 APPPATH\Views\transaksi\details.php(16): CodeIgniter\Debug\Exceptions->errorHandler(2, 'Trying to access array offset on value of type null', 'C:\\Users\\atiz2\\Music\\ecomerce8\\admin2\\app\\Views\\transaksi\\details.php', 16)
 2 SYSTEMPATH\View\View.php(226): include('C:\\Users\\atiz2\\Music\\ecomerce8\\admin2\\app\\Views\\transaksi\\details.php')
 3 SYSTEMPATH\View\View.php(229): CodeIgniter\View\View->CodeIgniter\View\{closure}()
 4 SYSTEMPATH\Common.php(1188): CodeIgniter\View\View->render('transaksi/details', [], true)
 5 APPPATH\Controllers\transaksi.php(153): view('transaksi/details', [...])
 6 SYSTEMPATH\CodeIgniter.php(919): App\Controllers\Transaksi->details('details', '1686')
 7 SYSTEMPATH\CodeIgniter.php(494): CodeIgniter\CodeIgniter->runController(Object(App\Controllers\Transaksi))
 8 SYSTEMPATH\CodeIgniter.php(353): CodeIgniter\CodeIgniter->handleRequest(null, Object(Config\Cache), false)
 9 FCPATH\index.php(79): CodeIgniter\CodeIgniter->run()
10 SYSTEMPATH\Commands\Server\rewrite.php(47): require_once('C:\\Users\\atiz2\\Music\\ecomerce8\\admin2\\public\\index.php')
INFO - 2024-11-03 12:11:55 --> Session: Class initialized using 'CodeIgniter\Session\Handlers\FileHandler' driver.
INFO - 2024-11-03 12:18:01 --> Session: Class initialized using 'CodeIgniter\Session\Handlers\FileHandler' driver.
INFO - 2024-11-03 12:18:40 --> Session: Class initialized using 'CodeIgniter\Session\Handlers\FileHandler' driver.
CRITICAL - 2024-11-03 12:18:44 --> Trying to access array offset on value of type null
in APPPATH\Views\transaksi\details.php on line 16.
 1 APPPATH\Views\transaksi\details.php(16): CodeIgniter\Debug\Exceptions->errorHandler(2, 'Trying to access array offset on value of type null', 'C:\\Users\\atiz2\\Music\\ecomerce8\\admin2\\app\\Views\\transaksi\\details.php', 16)
 2 SYSTEMPATH\View\View.php(226): include('C:\\Users\\atiz2\\Music\\ecomerce8\\admin2\\app\\Views\\transaksi\\details.php')
 3 SYSTEMPATH\View\View.php(229): CodeIgniter\View\View->CodeIgniter\View\{closure}()
 4 SYSTEMPATH\Common.php(1188): CodeIgniter\View\View->render('transaksi/details', [], true)
 5 APPPATH\Controllers\transaksi.php(153): view('transaksi/details', [...])
 6 SYSTEMPATH\CodeIgniter.php(919): App\Controllers\Transaksi->details('details', '1686')
 7 SYSTEMPATH\CodeIgniter.php(494): CodeIgniter\CodeIgniter->runController(Object(App\Controllers\Transaksi))
 8 SYSTEMPATH\CodeIgniter.php(353): CodeIgniter\CodeIgniter->handleRequest(null, Object(Config\Cache), false)
 9 FCPATH\index.php(79): CodeIgniter\CodeIgniter->run()
10 SYSTEMPATH\Commands\Server\rewrite.php(47): require_once('C:\\Users\\atiz2\\Music\\ecomerce8\\admin2\\public\\index.php')
CRITICAL - 2024-11-03 12:21:26 --> foreach() argument must be of type array|object, null given
in APPPATH\Views\transaksi\details.php on line 10.
 1 APPPATH\Views\transaksi\details.php(10): CodeIgniter\Debug\Exceptions->errorHandler(2, 'foreach() argument must be of type array|object, null given', 'C:\\Users\\atiz2\\Music\\ecomerce8\\admin2\\app\\Views\\transaksi\\details.php', 10)
 2 SYSTEMPATH\View\View.php(226): include('C:\\Users\\atiz2\\Music\\ecomerce8\\admin2\\app\\Views\\transaksi\\details.php')
 3 SYSTEMPATH\View\View.php(229): CodeIgniter\View\View->CodeIgniter\View\{closure}()
 4 SYSTEMPATH\Common.php(1188): CodeIgniter\View\View->render('transaksi/details', [], true)
 5 APPPATH\Controllers\transaksi.php(153): view('transaksi/details', [...])
 6 SYSTEMPATH\CodeIgniter.php(919): App\Controllers\Transaksi->details('details', '1686')
 7 SYSTEMPATH\CodeIgniter.php(494): CodeIgniter\CodeIgniter->runController(Object(App\Controllers\Transaksi))
 8 SYSTEMPATH\CodeIgniter.php(353): CodeIgniter\CodeIgniter->handleRequest(null, Object(Config\Cache), false)
 9 FCPATH\index.php(79): CodeIgniter\CodeIgniter->run()
10 SYSTEMPATH\Commands\Server\rewrite.php(47): require_once('C:\\Users\\atiz2\\Music\\ecomerce8\\admin2\\public\\index.php')
CRITICAL - 2024-11-03 12:24:35 --> foreach() argument must be of type array|object, null given
in APPPATH\Views\transaksi\details.php on line 10.
 1 APPPATH\Views\transaksi\details.php(10): CodeIgniter\Debug\Exceptions->errorHandler(2, 'foreach() argument must be of type array|object, null given', 'C:\\Users\\atiz2\\Music\\ecomerce8\\admin2\\app\\Views\\transaksi\\details.php', 10)
 2 SYSTEMPATH\View\View.php(226): include('C:\\Users\\atiz2\\Music\\ecomerce8\\admin2\\app\\Views\\transaksi\\details.php')
 3 SYSTEMPATH\View\View.php(229): CodeIgniter\View\View->CodeIgniter\View\{closure}()
 4 SYSTEMPATH\Common.php(1188): CodeIgniter\View\View->render('transaksi/details', [], true)
 5 APPPATH\Controllers\transaksi.php(153): view('transaksi/details', [...])
 6 SYSTEMPATH\CodeIgniter.php(919): App\Controllers\Transaksi->details('details', '1686')
 7 SYSTEMPATH\CodeIgniter.php(494): CodeIgniter\CodeIgniter->runController(Object(App\Controllers\Transaksi))
 8 SYSTEMPATH\CodeIgniter.php(353): CodeIgniter\CodeIgniter->handleRequest(null, Object(Config\Cache), false)
 9 FCPATH\index.php(79): CodeIgniter\CodeIgniter->run()
10 SYSTEMPATH\Commands\Server\rewrite.php(47): require_once('C:\\Users\\atiz2\\Music\\ecomerce8\\admin2\\public\\index.php')
INFO - 2024-11-03 12:25:21 --> Session: Class initialized using 'CodeIgniter\Session\Handlers\FileHandler' driver.
CRITICAL - 2024-11-03 12:27:36 --> foreach() argument must be of type array|object, null given
in APPPATH\Views\transaksi\details.php on line 10.
 1 APPPATH\Views\transaksi\details.php(10): CodeIgniter\Debug\Exceptions->errorHandler(2, 'foreach() argument must be of type array|object, null given', 'C:\\Users\\atiz2\\Music\\ecomerce8\\admin2\\app\\Views\\transaksi\\details.php', 10)
 2 SYSTEMPATH\View\View.php(226): include('C:\\Users\\atiz2\\Music\\ecomerce8\\admin2\\app\\Views\\transaksi\\details.php')
 3 SYSTEMPATH\View\View.php(229): CodeIgniter\View\View->CodeIgniter\View\{closure}()
 4 SYSTEMPATH\Common.php(1188): CodeIgniter\View\View->render('transaksi/details', [], true)
 5 APPPATH\Controllers\transaksi.php(153): view('transaksi/details', [...])
 6 SYSTEMPATH\CodeIgniter.php(919): App\Controllers\Transaksi->details('details', '168')
 7 SYSTEMPATH\CodeIgniter.php(494): CodeIgniter\CodeIgniter->runController(Object(App\Controllers\Transaksi))
 8 SYSTEMPATH\CodeIgniter.php(353): CodeIgniter\CodeIgniter->handleRequest(null, Object(Config\Cache), false)
 9 FCPATH\index.php(79): CodeIgniter\CodeIgniter->run()
10 SYSTEMPATH\Commands\Server\rewrite.php(47): require_once('C:\\Users\\atiz2\\Music\\ecomerce8\\admin2\\public\\index.php')
INFO - 2024-11-03 12:27:39 --> Session: Class initialized using 'CodeIgniter\Session\Handlers\FileHandler' driver.
CRITICAL - 2024-11-03 12:29:10 --> foreach() argument must be of type array|object, null given
in APPPATH\Views\transaksi\details.php on line 10.
 1 APPPATH\Views\transaksi\details.php(10): CodeIgniter\Debug\Exceptions->errorHandler(2, 'foreach() argument must be of type array|object, null given', 'C:\\Users\\atiz2\\Music\\ecomerce8\\admin2\\app\\Views\\transaksi\\details.php', 10)
 2 SYSTEMPATH\View\View.php(226): include('C:\\Users\\atiz2\\Music\\ecomerce8\\admin2\\app\\Views\\transaksi\\details.php')
 3 SYSTEMPATH\View\View.php(229): CodeIgniter\View\View->CodeIgniter\View\{closure}()
 4 SYSTEMPATH\Common.php(1188): CodeIgniter\View\View->render('transaksi/details', [], true)
 5 APPPATH\Controllers\transaksi.php(153): view('transaksi/details', [...])
 6 SYSTEMPATH\CodeIgniter.php(919): App\Controllers\Transaksi->details('details', '168')
 7 SYSTEMPATH\CodeIgniter.php(494): CodeIgniter\CodeIgniter->runController(Object(App\Controllers\Transaksi))
 8 SYSTEMPATH\CodeIgniter.php(353): CodeIgniter\CodeIgniter->handleRequest(null, Object(Config\Cache), false)
 9 FCPATH\index.php(79): CodeIgniter\CodeIgniter->run()
10 SYSTEMPATH\Commands\Server\rewrite.php(47): require_once('C:\\Users\\atiz2\\Music\\ecomerce8\\admin2\\public\\index.php')
INFO - 2024-11-03 12:29:19 --> Session: Class initialized using 'CodeIgniter\Session\Handlers\FileHandler' driver.
CRITICAL - 2024-11-03 12:33:35 --> foreach() argument must be of type array|object, null given
in APPPATH\Views\transaksi\details.php on line 10.
 1 APPPATH\Views\transaksi\details.php(10): CodeIgniter\Debug\Exceptions->errorHandler(2, 'foreach() argument must be of type array|object, null given', 'C:\\Users\\atiz2\\Music\\ecomerce8\\admin2\\app\\Views\\transaksi\\details.php', 10)
 2 SYSTEMPATH\View\View.php(226): include('C:\\Users\\atiz2\\Music\\ecomerce8\\admin2\\app\\Views\\transaksi\\details.php')
 3 SYSTEMPATH\View\View.php(229): CodeIgniter\View\View->CodeIgniter\View\{closure}()
 4 SYSTEMPATH\Common.php(1188): CodeIgniter\View\View->render('transaksi/details', [], true)
 5 APPPATH\Controllers\transaksi.php(153): view('transaksi/details', [...])
 6 SYSTEMPATH\CodeIgniter.php(919): App\Controllers\Transaksi->details('details', '168')
 7 SYSTEMPATH\CodeIgniter.php(494): CodeIgniter\CodeIgniter->runController(Object(App\Controllers\Transaksi))
 8 SYSTEMPATH\CodeIgniter.php(353): CodeIgniter\CodeIgniter->handleRequest(null, Object(Config\Cache), false)
 9 FCPATH\index.php(79): CodeIgniter\CodeIgniter->run()
10 SYSTEMPATH\Commands\Server\rewrite.php(47): require_once('C:\\Users\\atiz2\\Music\\ecomerce8\\admin2\\public\\index.php')
CRITICAL - 2024-11-03 12:34:01 --> foreach() argument must be of type array|object, null given
in APPPATH\Views\transaksi\details.php on line 10.
 1 APPPATH\Views\transaksi\details.php(10): CodeIgniter\Debug\Exceptions->errorHandler(2, 'foreach() argument must be of type array|object, null given', 'C:\\Users\\atiz2\\Music\\ecomerce8\\admin2\\app\\Views\\transaksi\\details.php', 10)
 2 SYSTEMPATH\View\View.php(226): include('C:\\Users\\atiz2\\Music\\ecomerce8\\admin2\\app\\Views\\transaksi\\details.php')
 3 SYSTEMPATH\View\View.php(229): CodeIgniter\View\View->CodeIgniter\View\{closure}()
 4 SYSTEMPATH\Common.php(1188): CodeIgniter\View\View->render('transaksi/details', [], true)
 5 APPPATH\Controllers\transaksi.php(153): view('transaksi/details', [...])
 6 SYSTEMPATH\CodeIgniter.php(919): App\Controllers\Transaksi->details('details', '168')
 7 SYSTEMPATH\CodeIgniter.php(494): CodeIgniter\CodeIgniter->runController(Object(App\Controllers\Transaksi))
 8 SYSTEMPATH\CodeIgniter.php(353): CodeIgniter\CodeIgniter->handleRequest(null, Object(Config\Cache), false)
 9 FCPATH\index.php(79): CodeIgniter\CodeIgniter->run()
10 SYSTEMPATH\Commands\Server\rewrite.php(47): require_once('C:\\Users\\atiz2\\Music\\ecomerce8\\admin2\\public\\index.php')
INFO - 2024-11-03 13:35:52 --> Session: Class initialized using 'CodeIgniter\Session\Handlers\FileHandler' driver.
INFO - 2024-11-03 13:35:53 --> Session: Class initialized using 'CodeIgniter\Session\Handlers\FileHandler' driver.
INFO - 2024-11-03 13:35:59 --> Session: Class initialized using 'CodeIgniter\Session\Handlers\FileHandler' driver.
INFO - 2024-11-03 13:42:17 --> Session: Class initialized using 'CodeIgniter\Session\Handlers\FileHandler' driver.
INFO - 2024-11-03 13:47:52 --> Session: Class initialized using 'CodeIgniter\Session\Handlers\FileHandler' driver.
INFO - 2024-11-03 13:47:53 --> Session: Class initialized using 'CodeIgniter\Session\Handlers\FileHandler' driver.
CRITICAL - 2024-11-03 13:47:58 --> foreach() argument must be of type array|object, null given
in APPPATH\Views\transaksi\details.php on line 10.
 1 APPPATH\Views\transaksi\details.php(10): CodeIgniter\Debug\Exceptions->errorHandler(2, 'foreach() argument must be of type array|object, null given', 'C:\\Users\\atiz2\\Music\\ecomerce8\\admin2\\app\\Views\\transaksi\\details.php', 10)
 2 SYSTEMPATH\View\View.php(226): include('C:\\Users\\atiz2\\Music\\ecomerce8\\admin2\\app\\Views\\transaksi\\details.php')
 3 SYSTEMPATH\View\View.php(229): CodeIgniter\View\View->CodeIgniter\View\{closure}()
 4 SYSTEMPATH\Common.php(1188): CodeIgniter\View\View->render('transaksi/details', [], true)
 5 APPPATH\Controllers\transaksi.php(153): view('transaksi/details', [...])
 6 SYSTEMPATH\CodeIgniter.php(919): App\Controllers\Transaksi->details('details', '168')
 7 SYSTEMPATH\CodeIgniter.php(494): CodeIgniter\CodeIgniter->runController(Object(App\Controllers\Transaksi))
 8 SYSTEMPATH\CodeIgniter.php(353): CodeIgniter\CodeIgniter->handleRequest(null, Object(Config\Cache), false)
 9 FCPATH\index.php(79): CodeIgniter\CodeIgniter->run()
10 SYSTEMPATH\Commands\Server\rewrite.php(47): require_once('C:\\Users\\atiz2\\Music\\ecomerce8\\admin2\\public\\index.php')
INFO - 2024-11-03 13:50:04 --> Session: Class initialized using 'CodeIgniter\Session\Handlers\FileHandler' driver.
CRITICAL - 2024-11-03 13:50:08 --> foreach() argument must be of type array|object, null given
in APPPATH\Views\transaksi\details.php on line 10.
 1 APPPATH\Views\transaksi\details.php(10): CodeIgniter\Debug\Exceptions->errorHandler(2, 'foreach() argument must be of type array|object, null given', 'C:\\Users\\atiz2\\Music\\ecomerce8\\admin2\\app\\Views\\transaksi\\details.php', 10)
 2 SYSTEMPATH\View\View.php(226): include('C:\\Users\\atiz2\\Music\\ecomerce8\\admin2\\app\\Views\\transaksi\\details.php')
 3 SYSTEMPATH\View\View.php(229): CodeIgniter\View\View->CodeIgniter\View\{closure}()
 4 SYSTEMPATH\Common.php(1188): CodeIgniter\View\View->render('transaksi/details', [], true)
 5 APPPATH\Controllers\transaksi.php(153): view('transaksi/details', [...])
 6 SYSTEMPATH\CodeIgniter.php(919): App\Controllers\Transaksi->details('details', '168')
 7 SYSTEMPATH\CodeIgniter.php(494): CodeIgniter\CodeIgniter->runController(Object(App\Controllers\Transaksi))
 8 SYSTEMPATH\CodeIgniter.php(353): CodeIgniter\CodeIgniter->handleRequest(null, Object(Config\Cache), false)
 9 FCPATH\index.php(79): CodeIgniter\CodeIgniter->run()
10 SYSTEMPATH\Commands\Server\rewrite.php(47): require_once('C:\\Users\\atiz2\\Music\\ecomerce8\\admin2\\public\\index.php')
INFO - 2024-11-03 13:50:48 --> Session: Class initialized using 'CodeIgniter\Session\Handlers\FileHandler' driver.
CRITICAL - 2024-11-03 13:50:52 --> foreach() argument must be of type array|object, null given
in APPPATH\Views\transaksi\details.php on line 10.
 1 APPPATH\Views\transaksi\details.php(10): CodeIgniter\Debug\Exceptions->errorHandler(2, 'foreach() argument must be of type array|object, null given', 'C:\\Users\\atiz2\\Music\\ecomerce8\\admin2\\app\\Views\\transaksi\\details.php', 10)
 2 SYSTEMPATH\View\View.php(226): include('C:\\Users\\atiz2\\Music\\ecomerce8\\admin2\\app\\Views\\transaksi\\details.php')
 3 SYSTEMPATH\View\View.php(229): CodeIgniter\View\View->CodeIgniter\View\{closure}()
 4 SYSTEMPATH\Common.php(1188): CodeIgniter\View\View->render('transaksi/details', [], true)
 5 APPPATH\Controllers\transaksi.php(153): view('transaksi/details', [...])
 6 SYSTEMPATH\CodeIgniter.php(919): App\Controllers\Transaksi->details('details', '168')
 7 SYSTEMPATH\CodeIgniter.php(494): CodeIgniter\CodeIgniter->runController(Object(App\Controllers\Transaksi))
 8 SYSTEMPATH\CodeIgniter.php(353): CodeIgniter\CodeIgniter->handleRequest(null, Object(Config\Cache), false)
 9 FCPATH\index.php(79): CodeIgniter\CodeIgniter->run()
10 SYSTEMPATH\Commands\Server\rewrite.php(47): require_once('C:\\Users\\atiz2\\Music\\ecomerce8\\admin2\\public\\index.php')
CRITICAL - 2024-11-03 13:51:43 --> Trying to access array offset on value of type null
in APPPATH\Views\transaksi\details.php on line 15.
 1 APPPATH\Views\transaksi\details.php(15): CodeIgniter\Debug\Exceptions->errorHandler(2, 'Trying to access array offset on value of type null', 'C:\\Users\\atiz2\\Music\\ecomerce8\\admin2\\app\\Views\\transaksi\\details.php', 15)
 2 SYSTEMPATH\View\View.php(226): include('C:\\Users\\atiz2\\Music\\ecomerce8\\admin2\\app\\Views\\transaksi\\details.php')
 3 SYSTEMPATH\View\View.php(229): CodeIgniter\View\View->CodeIgniter\View\{closure}()
 4 SYSTEMPATH\Common.php(1188): CodeIgniter\View\View->render('transaksi/details', [], true)
 5 APPPATH\Controllers\transaksi.php(153): view('transaksi/details', [...])
 6 SYSTEMPATH\CodeIgniter.php(919): App\Controllers\Transaksi->details('details', '168')
 7 SYSTEMPATH\CodeIgniter.php(494): CodeIgniter\CodeIgniter->runController(Object(App\Controllers\Transaksi))
 8 SYSTEMPATH\CodeIgniter.php(353): CodeIgniter\CodeIgniter->handleRequest(null, Object(Config\Cache), false)
 9 FCPATH\index.php(79): CodeIgniter\CodeIgniter->run()
10 SYSTEMPATH\Commands\Server\rewrite.php(47): require_once('C:\\Users\\atiz2\\Music\\ecomerce8\\admin2\\public\\index.php')
INFO - 2024-11-03 13:51:53 --> Session: Class initialized using 'CodeIgniter\Session\Handlers\FileHandler' driver.
INFO - 2024-11-03 13:52:07 --> Session: Class initialized using 'CodeIgniter\Session\Handlers\FileHandler' driver.
INFO - 2024-11-03 13:52:43 --> Session: Class initialized using 'CodeIgniter\Session\Handlers\FileHandler' driver.
INFO - 2024-11-03 13:53:25 --> Session: Class initialized using 'CodeIgniter\Session\Handlers\FileHandler' driver.
INFO - 2024-11-03 13:55:00 --> Session: Class initialized using 'CodeIgniter\Session\Handlers\FileHandler' driver.
INFO - 2024-11-03 13:56:36 --> Session: Class initialized using 'CodeIgniter\Session\Handlers\FileHandler' driver.
CRITICAL - 2024-11-03 13:56:39 --> Invalid file: "gaji/edit2.php"
in SYSTEMPATH\Exceptions\FrameworkException.php on line 39.
 1 SYSTEMPATH\View\View.php(214): CodeIgniter\Exceptions\FrameworkException::forInvalidFile('gaji/edit2.php')
 2 SYSTEMPATH\Common.php(1188): CodeIgniter\View\View->render('gaji/edit2', [], true)
 3 APPPATH\Controllers\gaji.php(126): view('gaji/edit2', [...])
 4 SYSTEMPATH\CodeIgniter.php(919): App\Controllers\gaji->edit2('168')
 5 SYSTEMPATH\CodeIgniter.php(494): CodeIgniter\CodeIgniter->runController(Object(App\Controllers\gaji))
 6 SYSTEMPATH\CodeIgniter.php(353): CodeIgniter\CodeIgniter->handleRequest(null, Object(Config\Cache), false)
 7 FCPATH\index.php(79): CodeIgniter\CodeIgniter->run()
 8 SYSTEMPATH\Commands\Server\rewrite.php(47): require_once('C:\\Users\\atiz2\\Music\\ecomerce8\\admin2\\public\\index.php')
CRITICAL - 2024-11-03 13:57:07 --> Invalid file: "gaji/edit2.php"
in SYSTEMPATH\Exceptions\FrameworkException.php on line 39.
 1 SYSTEMPATH\View\View.php(214): CodeIgniter\Exceptions\FrameworkException::forInvalidFile('gaji/edit2.php')
 2 SYSTEMPATH\Common.php(1188): CodeIgniter\View\View->render('gaji/edit2', [], true)
 3 APPPATH\Controllers\gaji.php(126): view('gaji/edit2', [...])
 4 SYSTEMPATH\CodeIgniter.php(919): App\Controllers\gaji->edit2('168')
 5 SYSTEMPATH\CodeIgniter.php(494): CodeIgniter\CodeIgniter->runController(Object(App\Controllers\gaji))
 6 SYSTEMPATH\CodeIgniter.php(353): CodeIgniter\CodeIgniter->handleRequest(null, Object(Config\Cache), false)
 7 FCPATH\index.php(79): CodeIgniter\CodeIgniter->run()
 8 SYSTEMPATH\Commands\Server\rewrite.php(47): require_once('C:\\Users\\atiz2\\Music\\ecomerce8\\admin2\\public\\index.php')
INFO - 2024-11-03 13:57:14 --> Session: Class initialized using 'CodeIgniter\Session\Handlers\FileHandler' driver.
CRITICAL - 2024-11-03 13:57:19 --> Invalid file: "gaji/edit2.php"
in SYSTEMPATH\Exceptions\FrameworkException.php on line 39.
 1 SYSTEMPATH\View\View.php(214): CodeIgniter\Exceptions\FrameworkException::forInvalidFile('gaji/edit2.php')
 2 SYSTEMPATH\Common.php(1188): CodeIgniter\View\View->render('gaji/edit2', [], true)
 3 APPPATH\Controllers\gaji.php(126): view('gaji/edit2', [...])
 4 SYSTEMPATH\CodeIgniter.php(919): App\Controllers\gaji->edit2('168')
 5 SYSTEMPATH\CodeIgniter.php(494): CodeIgniter\CodeIgniter->runController(Object(App\Controllers\gaji))
 6 SYSTEMPATH\CodeIgniter.php(353): CodeIgniter\CodeIgniter->handleRequest(null, Object(Config\Cache), false)
 7 FCPATH\index.php(79): CodeIgniter\CodeIgniter->run()
 8 SYSTEMPATH\Commands\Server\rewrite.php(47): require_once('C:\\Users\\atiz2\\Music\\ecomerce8\\admin2\\public\\index.php')
INFO - 2024-11-03 14:02:01 --> Session: Class initialized using 'CodeIgniter\Session\Handlers\FileHandler' driver.
INFO - 2024-11-03 14:02:09 --> Session: Class initialized using 'CodeIgniter\Session\Handlers\FileHandler' driver.
INFO - 2024-11-03 14:02:26 --> Session: Class initialized using 'CodeIgniter\Session\Handlers\FileHandler' driver.
INFO - 2024-11-03 14:02:34 --> Session: Class initialized using 'CodeIgniter\Session\Handlers\FileHandler' driver.
INFO - 2024-11-03 14:02:35 --> Session: Class initialized using 'CodeIgniter\Session\Handlers\FileHandler' driver.
INFO - 2024-11-03 14:04:29 --> Session: Class initialized using 'CodeIgniter\Session\Handlers\FileHandler' driver.
INFO - 2024-11-03 14:04:35 --> Session: Class initialized using 'CodeIgniter\Session\Handlers\FileHandler' driver.
INFO - 2024-11-03 14:04:44 --> Session: Class initialized using 'CodeIgniter\Session\Handlers\FileHandler' driver.
INFO - 2024-11-03 14:04:58 --> Session: Class initialized using 'CodeIgniter\Session\Handlers\FileHandler' driver.
CRITICAL - 2024-11-03 14:13:35 --> Undefined variable $item
in APPPATH\Views\gaji\edit2.php on line 12.
 1 APPPATH\Views\gaji\edit2.php(12): CodeIgniter\Debug\Exceptions->errorHandler(2, 'Undefined variable $item', 'C:\\Users\\atiz2\\Music\\ecomerce8\\admin2\\app\\Views\\gaji\\edit2.php', 12)
 2 SYSTEMPATH\View\View.php(226): include('C:\\Users\\atiz2\\Music\\ecomerce8\\admin2\\app\\Views\\gaji\\edit2.php')
 3 SYSTEMPATH\View\View.php(229): CodeIgniter\View\View->CodeIgniter\View\{closure}()
 4 SYSTEMPATH\Common.php(1188): CodeIgniter\View\View->render('gaji/edit2', [], true)
 5 APPPATH\Controllers\gaji.php(126): view('gaji/edit2', [...])
 6 SYSTEMPATH\CodeIgniter.php(919): App\Controllers\gaji->edit2('168')
 7 SYSTEMPATH\CodeIgniter.php(494): CodeIgniter\CodeIgniter->runController(Object(App\Controllers\gaji))
 8 SYSTEMPATH\CodeIgniter.php(353): CodeIgniter\CodeIgniter->handleRequest(null, Object(Config\Cache), false)
 9 FCPATH\index.php(79): CodeIgniter\CodeIgniter->run()
10 SYSTEMPATH\Commands\Server\rewrite.php(47): require_once('C:\\Users\\atiz2\\Music\\ecomerce8\\admin2\\public\\index.php')
