INFO - 2024-01-19 02:06:58 --> Session: Class initialized using 'CodeIgniter\Session\Handlers\FileHandler' driver.
INFO - 2024-01-19 02:06:58 --> Session: Class initialized using 'CodeIgniter\Session\Handlers\FileHandler' driver.
INFO - 2024-01-19 02:07:02 --> Session: Class initialized using 'CodeIgniter\Session\Handlers\FileHandler' driver.
INFO - 2024-01-19 02:07:10 --> Session: Class initialized using 'CodeIgniter\Session\Handlers\FileHandler' driver.
INFO - 2024-01-19 02:10:29 --> Session: Class initialized using 'CodeIgniter\Session\Handlers\FileHandler' driver.
INFO - 2024-01-19 02:10:57 --> Session: Class initialized using 'CodeIgniter\Session\Handlers\FileHandler' driver.
INFO - 2024-01-19 02:11:00 --> Session: Class initialized using 'CodeIgniter\Session\Handlers\FileHandler' driver.
INFO - 2024-01-19 02:11:06 --> Session: Class initialized using 'CodeIgniter\Session\Handlers\FileHandler' driver.
INFO - 2024-01-19 02:11:11 --> Session: Class initialized using 'CodeIgniter\Session\Handlers\FileHandler' driver.
INFO - 2024-01-19 02:14:34 --> Session: Class initialized using 'CodeIgniter\Session\Handlers\FileHandler' driver.
INFO - 2024-01-19 02:14:37 --> Session: Class initialized using 'CodeIgniter\Session\Handlers\FileHandler' driver.
INFO - 2024-01-19 02:14:41 --> Session: Class initialized using 'CodeIgniter\Session\Handlers\FileHandler' driver.
INFO - 2024-01-19 02:14:48 --> Session: Class initialized using 'CodeIgniter\Session\Handlers\FileHandler' driver.
INFO - 2024-01-19 02:15:48 --> Session: Class initialized using 'CodeIgniter\Session\Handlers\FileHandler' driver.
INFO - 2024-01-19 02:18:31 --> Session: Class initialized using 'CodeIgniter\Session\Handlers\FileHandler' driver.
INFO - 2024-01-19 02:18:38 --> Session: Class initialized using 'CodeIgniter\Session\Handlers\FileHandler' driver.
INFO - 2024-01-19 02:18:43 --> Session: Class initialized using 'CodeIgniter\Session\Handlers\FileHandler' driver.
INFO - 2024-01-19 02:19:02 --> Session: Class initialized using 'CodeIgniter\Session\Handlers\FileHandler' driver.
INFO - 2024-01-19 02:19:05 --> Session: Class initialized using 'CodeIgniter\Session\Handlers\FileHandler' driver.
ERROR - 2024-01-19 02:19:42 --> mysqli_sql_exception: Column 'kontak' cannot be null in D:\PerkulianðŸ’ª\Semester 3\Pemrograman berbasis web 2\TUGAS\Individu\admindua\admin2\system\Database\MySQLi\Connection.php:306
Stack trace:
#0 D:\PerkulianðŸ’ª\Semester 3\Pemrograman berbasis web 2\TUGAS\Individu\admindua\admin2\system\Database\MySQLi\Connection.php(306): mysqli->query('INSERT INTO `do...', 0)
#1 D:\PerkulianðŸ’ª\Semester 3\Pemrograman berbasis web 2\TUGAS\Individu\admindua\admin2\system\Database\BaseConnection.php(692): CodeIgniter\Database\MySQLi\Connection->execute('INSERT INTO `do...')
#2 D:\PerkulianðŸ’ª\Semester 3\Pemrograman berbasis web 2\TUGAS\Individu\admindua\admin2\system\Database\BaseConnection.php(606): CodeIgniter\Database\BaseConnection->simpleQuery('INSERT INTO `do...')
#3 D:\PerkulianðŸ’ª\Semester 3\Pemrograman berbasis web 2\TUGAS\Individu\admindua\admin2\system\Database\BaseBuilder.php(2308): CodeIgniter\Database\BaseConnection->query('INSERT INTO `do...', Array, false)
#4 D:\PerkulianðŸ’ª\Semester 3\Pemrograman berbasis web 2\TUGAS\Individu\admindua\admin2\system\Model.php(319): CodeIgniter\Database\BaseBuilder->insert()
#5 D:\PerkulianðŸ’ª\Semester 3\Pemrograman berbasis web 2\TUGAS\Individu\admindua\admin2\system\BaseModel.php(788): CodeIgniter\Model->doInsert(Array)
#6 D:\PerkulianðŸ’ª\Semester 3\Pemrograman berbasis web 2\TUGAS\Individu\admindua\admin2\system\Model.php(715): CodeIgniter\BaseModel->insert(Array, false)
#7 D:\PerkulianðŸ’ª\Semester 3\Pemrograman berbasis web 2\TUGAS\Individu\admindua\admin2\system\BaseModel.php(698): CodeIgniter\Model->insert(Array, false)
#8 D:\PerkulianðŸ’ª\Semester 3\Pemrograman berbasis web 2\TUGAS\Individu\admindua\admin2\app\Controllers\dosen.php(61): CodeIgniter\BaseModel->save(Array)
#9 D:\PerkulianðŸ’ª\Semester 3\Pemrograman berbasis web 2\TUGAS\Individu\admindua\admin2\system\CodeIgniter.php(919): App\Controllers\Dosen->simpan()
#10 D:\PerkulianðŸ’ª\Semester 3\Pemrograman berbasis web 2\TUGAS\Individu\admindua\admin2\system\CodeIgniter.php(494): CodeIgniter\CodeIgniter->runController(Object(App\Controllers\Dosen))
#11 D:\PerkulianðŸ’ª\Semester 3\Pemrograman berbasis web 2\TUGAS\Individu\admindua\admin2\system\CodeIgniter.php(353): CodeIgniter\CodeIgniter->handleRequest(NULL, Object(Config\Cache), false)
#12 D:\PerkulianðŸ’ª\Semester 3\Pemrograman berbasis web 2\TUGAS\Individu\admindua\admin2\public\index.php(79): CodeIgniter\CodeIgniter->run()
#13 D:\PerkulianðŸ’ª\Semester 3\Pemrograman berbasis web 2\TUGAS\Individu\admindua\admin2\system\Commands\Server\rewrite.php(47): require_once('D:\\Perkulian\xF0\x9F\x92...')
#14 {main}
CRITICAL - 2024-01-19 02:19:42 --> Column 'kontak' cannot be null
in SYSTEMPATH\Database\BaseConnection.php on line 646.
 1 SYSTEMPATH\Database\BaseBuilder.php(2308): CodeIgniter\Database\BaseConnection->query('INSERT INTO `dosen` (`nama`, `alamat`, `kontak`) VALUES (:nama:, :alamat:, :kontak:)', [...], false)
 2 SYSTEMPATH\Model.php(319): CodeIgniter\Database\BaseBuilder->insert()
 3 SYSTEMPATH\BaseModel.php(788): CodeIgniter\Model->doInsert([...])
 4 SYSTEMPATH\Model.php(715): CodeIgniter\BaseModel->insert([...], false)
 5 SYSTEMPATH\BaseModel.php(698): CodeIgniter\Model->insert([...], false)
 6 APPPATH\Controllers\dosen.php(61): CodeIgniter\BaseModel->save([...])
 7 SYSTEMPATH\CodeIgniter.php(919): App\Controllers\Dosen->simpan()
 8 SYSTEMPATH\CodeIgniter.php(494): CodeIgniter\CodeIgniter->runController(Object(App\Controllers\Dosen))
 9 SYSTEMPATH\CodeIgniter.php(353): CodeIgniter\CodeIgniter->handleRequest(null, Object(Config\Cache), false)
10 FCPATH\index.php(79): CodeIgniter\CodeIgniter->run()
11 SYSTEMPATH\Commands\Server\rewrite.php(47): require_once('D:\\PerkulianðŸ’ª\\Semester 3\\Pemrograman berbasis web 2\\TUGAS\\Individu\\admindua\\admin2\\public\\index.php')
INFO - 2024-01-19 02:21:01 --> Session: Class initialized using 'CodeIgniter\Session\Handlers\FileHandler' driver.
INFO - 2024-01-19 02:21:01 --> Session: Class initialized using 'CodeIgniter\Session\Handlers\FileHandler' driver.
INFO - 2024-01-19 02:21:07 --> Session: Class initialized using 'CodeIgniter\Session\Handlers\FileHandler' driver.
INFO - 2024-01-19 02:21:15 --> Session: Class initialized using 'CodeIgniter\Session\Handlers\FileHandler' driver.
INFO - 2024-01-19 02:21:26 --> Session: Class initialized using 'CodeIgniter\Session\Handlers\FileHandler' driver.
INFO - 2024-01-19 02:24:11 --> Session: Class initialized using 'CodeIgniter\Session\Handlers\FileHandler' driver.
INFO - 2024-01-19 02:24:12 --> Session: Class initialized using 'CodeIgniter\Session\Handlers\FileHandler' driver.
INFO - 2024-01-19 02:24:15 --> Session: Class initialized using 'CodeIgniter\Session\Handlers\FileHandler' driver.
INFO - 2024-01-19 02:24:42 --> Session: Class initialized using 'CodeIgniter\Session\Handlers\FileHandler' driver.
INFO - 2024-01-19 02:28:53 --> Session: Class initialized using 'CodeIgniter\Session\Handlers\FileHandler' driver.
INFO - 2024-01-19 02:28:53 --> Session: Class initialized using 'CodeIgniter\Session\Handlers\FileHandler' driver.
INFO - 2024-01-19 02:28:57 --> Session: Class initialized using 'CodeIgniter\Session\Handlers\FileHandler' driver.
INFO - 2024-01-19 02:29:02 --> Session: Class initialized using 'CodeIgniter\Session\Handlers\FileHandler' driver.
INFO - 2024-01-19 02:30:29 --> Session: Class initialized using 'CodeIgniter\Session\Handlers\FileHandler' driver.
INFO - 2024-01-19 02:30:37 --> Session: Class initialized using 'CodeIgniter\Session\Handlers\FileHandler' driver.
INFO - 2024-01-19 02:30:42 --> Session: Class initialized using 'CodeIgniter\Session\Handlers\FileHandler' driver.
INFO - 2024-01-19 02:30:44 --> Session: Class initialized using 'CodeIgniter\Session\Handlers\FileHandler' driver.
INFO - 2024-01-19 02:30:46 --> Session: Class initialized using 'CodeIgniter\Session\Handlers\FileHandler' driver.
ERROR - 2024-01-19 02:30:58 --> mysqli_sql_exception: Column 'kontak' cannot be null in D:\PerkulianðŸ’ª\Semester 3\Pemrograman berbasis web 2\TUGAS\Individu\admindua\admin2\system\Database\MySQLi\Connection.php:306
Stack trace:
#0 D:\PerkulianðŸ’ª\Semester 3\Pemrograman berbasis web 2\TUGAS\Individu\admindua\admin2\system\Database\MySQLi\Connection.php(306): mysqli->query('INSERT INTO `do...', 0)
#1 D:\PerkulianðŸ’ª\Semester 3\Pemrograman berbasis web 2\TUGAS\Individu\admindua\admin2\system\Database\BaseConnection.php(692): CodeIgniter\Database\MySQLi\Connection->execute('INSERT INTO `do...')
#2 D:\PerkulianðŸ’ª\Semester 3\Pemrograman berbasis web 2\TUGAS\Individu\admindua\admin2\system\Database\BaseConnection.php(606): CodeIgniter\Database\BaseConnection->simpleQuery('INSERT INTO `do...')
#3 D:\PerkulianðŸ’ª\Semester 3\Pemrograman berbasis web 2\TUGAS\Individu\admindua\admin2\system\Database\BaseBuilder.php(2308): CodeIgniter\Database\BaseConnection->query('INSERT INTO `do...', Array, false)
#4 D:\PerkulianðŸ’ª\Semester 3\Pemrograman berbasis web 2\TUGAS\Individu\admindua\admin2\system\Model.php(319): CodeIgniter\Database\BaseBuilder->insert()
#5 D:\PerkulianðŸ’ª\Semester 3\Pemrograman berbasis web 2\TUGAS\Individu\admindua\admin2\system\BaseModel.php(788): CodeIgniter\Model->doInsert(Array)
#6 D:\PerkulianðŸ’ª\Semester 3\Pemrograman berbasis web 2\TUGAS\Individu\admindua\admin2\system\Model.php(715): CodeIgniter\BaseModel->insert(Array, false)
#7 D:\PerkulianðŸ’ª\Semester 3\Pemrograman berbasis web 2\TUGAS\Individu\admindua\admin2\system\BaseModel.php(698): CodeIgniter\Model->insert(Array, false)
#8 D:\PerkulianðŸ’ª\Semester 3\Pemrograman berbasis web 2\TUGAS\Individu\admindua\admin2\app\Controllers\dosen.php(61): CodeIgniter\BaseModel->save(Array)
#9 D:\PerkulianðŸ’ª\Semester 3\Pemrograman berbasis web 2\TUGAS\Individu\admindua\admin2\system\CodeIgniter.php(919): App\Controllers\Dosen->simpan()
#10 D:\PerkulianðŸ’ª\Semester 3\Pemrograman berbasis web 2\TUGAS\Individu\admindua\admin2\system\CodeIgniter.php(494): CodeIgniter\CodeIgniter->runController(Object(App\Controllers\Dosen))
#11 D:\PerkulianðŸ’ª\Semester 3\Pemrograman berbasis web 2\TUGAS\Individu\admindua\admin2\system\CodeIgniter.php(353): CodeIgniter\CodeIgniter->handleRequest(NULL, Object(Config\Cache), false)
#12 D:\PerkulianðŸ’ª\Semester 3\Pemrograman berbasis web 2\TUGAS\Individu\admindua\admin2\public\index.php(79): CodeIgniter\CodeIgniter->run()
#13 D:\PerkulianðŸ’ª\Semester 3\Pemrograman berbasis web 2\TUGAS\Individu\admindua\admin2\system\Commands\Server\rewrite.php(47): require_once('D:\\Perkulian\xF0\x9F\x92...')
#14 {main}
CRITICAL - 2024-01-19 02:30:58 --> Column 'kontak' cannot be null
in SYSTEMPATH\Database\BaseConnection.php on line 646.
 1 SYSTEMPATH\Database\BaseBuilder.php(2308): CodeIgniter\Database\BaseConnection->query('INSERT INTO `dosen` (`nama`, `alamat`, `kontak`) VALUES (:nama:, :alamat:, :kontak:)', [...], false)
 2 SYSTEMPATH\Model.php(319): CodeIgniter\Database\BaseBuilder->insert()
 3 SYSTEMPATH\BaseModel.php(788): CodeIgniter\Model->doInsert([...])
 4 SYSTEMPATH\Model.php(715): CodeIgniter\BaseModel->insert([...], false)
 5 SYSTEMPATH\BaseModel.php(698): CodeIgniter\Model->insert([...], false)
 6 APPPATH\Controllers\dosen.php(61): CodeIgniter\BaseModel->save([...])
 7 SYSTEMPATH\CodeIgniter.php(919): App\Controllers\Dosen->simpan()
 8 SYSTEMPATH\CodeIgniter.php(494): CodeIgniter\CodeIgniter->runController(Object(App\Controllers\Dosen))
 9 SYSTEMPATH\CodeIgniter.php(353): CodeIgniter\CodeIgniter->handleRequest(null, Object(Config\Cache), false)
10 FCPATH\index.php(79): CodeIgniter\CodeIgniter->run()
11 SYSTEMPATH\Commands\Server\rewrite.php(47): require_once('D:\\PerkulianðŸ’ª\\Semester 3\\Pemrograman berbasis web 2\\TUGAS\\Individu\\admindua\\admin2\\public\\index.php')
INFO - 2024-01-19 02:32:16 --> Session: Class initialized using 'CodeIgniter\Session\Handlers\FileHandler' driver.
INFO - 2024-01-19 02:32:22 --> Session: Class initialized using 'CodeIgniter\Session\Handlers\FileHandler' driver.
ERROR - 2024-01-19 02:32:23 --> mysqli_sql_exception: Column 'kontak' cannot be null in D:\PerkulianðŸ’ª\Semester 3\Pemrograman berbasis web 2\TUGAS\Individu\admindua\admin2\system\Database\MySQLi\Connection.php:306
Stack trace:
#0 D:\PerkulianðŸ’ª\Semester 3\Pemrograman berbasis web 2\TUGAS\Individu\admindua\admin2\system\Database\MySQLi\Connection.php(306): mysqli->query('INSERT INTO `do...', 0)
#1 D:\PerkulianðŸ’ª\Semester 3\Pemrograman berbasis web 2\TUGAS\Individu\admindua\admin2\system\Database\BaseConnection.php(692): CodeIgniter\Database\MySQLi\Connection->execute('INSERT INTO `do...')
#2 D:\PerkulianðŸ’ª\Semester 3\Pemrograman berbasis web 2\TUGAS\Individu\admindua\admin2\system\Database\BaseConnection.php(606): CodeIgniter\Database\BaseConnection->simpleQuery('INSERT INTO `do...')
#3 D:\PerkulianðŸ’ª\Semester 3\Pemrograman berbasis web 2\TUGAS\Individu\admindua\admin2\system\Database\BaseBuilder.php(2308): CodeIgniter\Database\BaseConnection->query('INSERT INTO `do...', Array, false)
#4 D:\PerkulianðŸ’ª\Semester 3\Pemrograman berbasis web 2\TUGAS\Individu\admindua\admin2\system\Model.php(319): CodeIgniter\Database\BaseBuilder->insert()
#5 D:\PerkulianðŸ’ª\Semester 3\Pemrograman berbasis web 2\TUGAS\Individu\admindua\admin2\system\BaseModel.php(788): CodeIgniter\Model->doInsert(Array)
#6 D:\PerkulianðŸ’ª\Semester 3\Pemrograman berbasis web 2\TUGAS\Individu\admindua\admin2\system\Model.php(715): CodeIgniter\BaseModel->insert(Array, false)
#7 D:\PerkulianðŸ’ª\Semester 3\Pemrograman berbasis web 2\TUGAS\Individu\admindua\admin2\system\BaseModel.php(698): CodeIgniter\Model->insert(Array, false)
#8 D:\PerkulianðŸ’ª\Semester 3\Pemrograman berbasis web 2\TUGAS\Individu\admindua\admin2\app\Controllers\dosen.php(61): CodeIgniter\BaseModel->save(Array)
#9 D:\PerkulianðŸ’ª\Semester 3\Pemrograman berbasis web 2\TUGAS\Individu\admindua\admin2\system\CodeIgniter.php(919): App\Controllers\Dosen->simpan()
#10 D:\PerkulianðŸ’ª\Semester 3\Pemrograman berbasis web 2\TUGAS\Individu\admindua\admin2\system\CodeIgniter.php(494): CodeIgniter\CodeIgniter->runController(Object(App\Controllers\Dosen))
#11 D:\PerkulianðŸ’ª\Semester 3\Pemrograman berbasis web 2\TUGAS\Individu\admindua\admin2\system\CodeIgniter.php(353): CodeIgniter\CodeIgniter->handleRequest(NULL, Object(Config\Cache), false)
#12 D:\PerkulianðŸ’ª\Semester 3\Pemrograman berbasis web 2\TUGAS\Individu\admindua\admin2\public\index.php(79): CodeIgniter\CodeIgniter->run()
#13 D:\PerkulianðŸ’ª\Semester 3\Pemrograman berbasis web 2\TUGAS\Individu\admindua\admin2\system\Commands\Server\rewrite.php(47): require_once('D:\\Perkulian\xF0\x9F\x92...')
#14 {main}
CRITICAL - 2024-01-19 02:32:23 --> Column 'kontak' cannot be null
in SYSTEMPATH\Database\BaseConnection.php on line 646.
 1 SYSTEMPATH\Database\BaseBuilder.php(2308): CodeIgniter\Database\BaseConnection->query('INSERT INTO `dosen` (`nama`, `alamat`, `kontak`) VALUES (:nama:, :alamat:, :kontak:)', [...], false)
 2 SYSTEMPATH\Model.php(319): CodeIgniter\Database\BaseBuilder->insert()
 3 SYSTEMPATH\BaseModel.php(788): CodeIgniter\Model->doInsert([...])
 4 SYSTEMPATH\Model.php(715): CodeIgniter\BaseModel->insert([...], false)
 5 SYSTEMPATH\BaseModel.php(698): CodeIgniter\Model->insert([...], false)
 6 APPPATH\Controllers\dosen.php(61): CodeIgniter\BaseModel->save([...])
 7 SYSTEMPATH\CodeIgniter.php(919): App\Controllers\Dosen->simpan()
 8 SYSTEMPATH\CodeIgniter.php(494): CodeIgniter\CodeIgniter->runController(Object(App\Controllers\Dosen))
 9 SYSTEMPATH\CodeIgniter.php(353): CodeIgniter\CodeIgniter->handleRequest(null, Object(Config\Cache), false)
10 FCPATH\index.php(79): CodeIgniter\CodeIgniter->run()
11 SYSTEMPATH\Commands\Server\rewrite.php(47): require_once('D:\\PerkulianðŸ’ª\\Semester 3\\Pemrograman berbasis web 2\\TUGAS\\Individu\\admindua\\admin2\\public\\index.php')
INFO - 2024-01-19 02:36:01 --> Session: Class initialized using 'CodeIgniter\Session\Handlers\FileHandler' driver.
INFO - 2024-01-19 02:36:01 --> Session: Class initialized using 'CodeIgniter\Session\Handlers\FileHandler' driver.
INFO - 2024-01-19 02:36:19 --> Session: Class initialized using 'CodeIgniter\Session\Handlers\FileHandler' driver.
INFO - 2024-01-19 02:36:26 --> Session: Class initialized using 'CodeIgniter\Session\Handlers\FileHandler' driver.
INFO - 2024-01-19 02:37:39 --> Session: Class initialized using 'CodeIgniter\Session\Handlers\FileHandler' driver.
INFO - 2024-01-19 02:37:43 --> Session: Class initialized using 'CodeIgniter\Session\Handlers\FileHandler' driver.
INFO - 2024-01-19 02:38:04 --> Session: Class initialized using 'CodeIgniter\Session\Handlers\FileHandler' driver.
INFO - 2024-01-19 02:38:04 --> Session: Class initialized using 'CodeIgniter\Session\Handlers\FileHandler' driver.
INFO - 2024-01-19 02:38:24 --> Session: Class initialized using 'CodeIgniter\Session\Handlers\FileHandler' driver.
INFO - 2024-01-19 02:41:32 --> Session: Class initialized using 'CodeIgniter\Session\Handlers\FileHandler' driver.
INFO - 2024-01-19 02:41:36 --> Session: Class initialized using 'CodeIgniter\Session\Handlers\FileHandler' driver.
ERROR - 2024-01-19 02:41:48 --> mysqli_sql_exception: Column 'kontak' cannot be null in D:\PerkulianðŸ’ª\Semester 3\Pemrograman berbasis web 2\TUGAS\Individu\admindua\admin2\system\Database\MySQLi\Connection.php:306
Stack trace:
#0 D:\PerkulianðŸ’ª\Semester 3\Pemrograman berbasis web 2\TUGAS\Individu\admindua\admin2\system\Database\MySQLi\Connection.php(306): mysqli->query('INSERT INTO `do...', 0)
#1 D:\PerkulianðŸ’ª\Semester 3\Pemrograman berbasis web 2\TUGAS\Individu\admindua\admin2\system\Database\BaseConnection.php(692): CodeIgniter\Database\MySQLi\Connection->execute('INSERT INTO `do...')
#2 D:\PerkulianðŸ’ª\Semester 3\Pemrograman berbasis web 2\TUGAS\Individu\admindua\admin2\system\Database\BaseConnection.php(606): CodeIgniter\Database\BaseConnection->simpleQuery('INSERT INTO `do...')
#3 D:\PerkulianðŸ’ª\Semester 3\Pemrograman berbasis web 2\TUGAS\Individu\admindua\admin2\system\Database\BaseBuilder.php(2308): CodeIgniter\Database\BaseConnection->query('INSERT INTO `do...', Array, false)
#4 D:\PerkulianðŸ’ª\Semester 3\Pemrograman berbasis web 2\TUGAS\Individu\admindua\admin2\system\Model.php(319): CodeIgniter\Database\BaseBuilder->insert()
#5 D:\PerkulianðŸ’ª\Semester 3\Pemrograman berbasis web 2\TUGAS\Individu\admindua\admin2\system\BaseModel.php(788): CodeIgniter\Model->doInsert(Array)
#6 D:\PerkulianðŸ’ª\Semester 3\Pemrograman berbasis web 2\TUGAS\Individu\admindua\admin2\system\Model.php(715): CodeIgniter\BaseModel->insert(Array, false)
#7 D:\PerkulianðŸ’ª\Semester 3\Pemrograman berbasis web 2\TUGAS\Individu\admindua\admin2\system\BaseModel.php(698): CodeIgniter\Model->insert(Array, false)
#8 D:\PerkulianðŸ’ª\Semester 3\Pemrograman berbasis web 2\TUGAS\Individu\admindua\admin2\app\Controllers\dosen.php(61): CodeIgniter\BaseModel->save(Array)
#9 D:\PerkulianðŸ’ª\Semester 3\Pemrograman berbasis web 2\TUGAS\Individu\admindua\admin2\system\CodeIgniter.php(919): App\Controllers\Dosen->simpan()
#10 D:\PerkulianðŸ’ª\Semester 3\Pemrograman berbasis web 2\TUGAS\Individu\admindua\admin2\system\CodeIgniter.php(494): CodeIgniter\CodeIgniter->runController(Object(App\Controllers\Dosen))
#11 D:\PerkulianðŸ’ª\Semester 3\Pemrograman berbasis web 2\TUGAS\Individu\admindua\admin2\system\CodeIgniter.php(353): CodeIgniter\CodeIgniter->handleRequest(NULL, Object(Config\Cache), false)
#12 D:\PerkulianðŸ’ª\Semester 3\Pemrograman berbasis web 2\TUGAS\Individu\admindua\admin2\public\index.php(79): CodeIgniter\CodeIgniter->run()
#13 D:\PerkulianðŸ’ª\Semester 3\Pemrograman berbasis web 2\TUGAS\Individu\admindua\admin2\system\Commands\Server\rewrite.php(47): require_once('D:\\Perkulian\xF0\x9F\x92...')
#14 {main}
CRITICAL - 2024-01-19 02:41:48 --> Column 'kontak' cannot be null
in SYSTEMPATH\Database\BaseConnection.php on line 646.
 1 SYSTEMPATH\Database\BaseBuilder.php(2308): CodeIgniter\Database\BaseConnection->query('INSERT INTO `dosen` (`nama`, `alamat`, `kontak`) VALUES (:nama:, :alamat:, :kontak:)', [...], false)
 2 SYSTEMPATH\Model.php(319): CodeIgniter\Database\BaseBuilder->insert()
 3 SYSTEMPATH\BaseModel.php(788): CodeIgniter\Model->doInsert([...])
 4 SYSTEMPATH\Model.php(715): CodeIgniter\BaseModel->insert([...], false)
 5 SYSTEMPATH\BaseModel.php(698): CodeIgniter\Model->insert([...], false)
 6 APPPATH\Controllers\dosen.php(61): CodeIgniter\BaseModel->save([...])
 7 SYSTEMPATH\CodeIgniter.php(919): App\Controllers\Dosen->simpan()
 8 SYSTEMPATH\CodeIgniter.php(494): CodeIgniter\CodeIgniter->runController(Object(App\Controllers\Dosen))
 9 SYSTEMPATH\CodeIgniter.php(353): CodeIgniter\CodeIgniter->handleRequest(null, Object(Config\Cache), false)
10 FCPATH\index.php(79): CodeIgniter\CodeIgniter->run()
11 SYSTEMPATH\Commands\Server\rewrite.php(47): require_once('D:\\PerkulianðŸ’ª\\Semester 3\\Pemrograman berbasis web 2\\TUGAS\\Individu\\admindua\\admin2\\public\\index.php')
CRITICAL - 2024-01-19 02:45:04 --> "" is not a valid rule.
in SYSTEMPATH\Validation\Validation.php on line 317.
 1 SYSTEMPATH\Validation\Validation.php(317): CodeIgniter\Validation\Exceptions\ValidationException::forRuleNotFound('')
 2 SYSTEMPATH\Validation\Validation.php(195): CodeIgniter\Validation\Validation->processRules('kontak', 'kontak', '0282920292029', [...], [...])
 3 SYSTEMPATH\Controller.php(150): CodeIgniter\Validation\Validation->run()
 4 APPPATH\Controllers\dosen.php(55): CodeIgniter\Controller->validate([...])
 5 SYSTEMPATH\CodeIgniter.php(919): App\Controllers\Dosen->simpan()
 6 SYSTEMPATH\CodeIgniter.php(494): CodeIgniter\CodeIgniter->runController(Object(App\Controllers\Dosen))
 7 SYSTEMPATH\CodeIgniter.php(353): CodeIgniter\CodeIgniter->handleRequest(null, Object(Config\Cache), false)
 8 FCPATH\index.php(79): CodeIgniter\CodeIgniter->run()
 9 SYSTEMPATH\Commands\Server\rewrite.php(47): require_once('D:\\PerkulianðŸ’ª\\Semester 3\\Pemrograman berbasis web 2\\TUGAS\\Individu\\admindua\\admin2\\public\\index.php')
INFO - 2024-01-19 02:45:16 --> Session: Class initialized using 'CodeIgniter\Session\Handlers\FileHandler' driver.
CRITICAL - 2024-01-19 02:45:18 --> "" is not a valid rule.
in SYSTEMPATH\Validation\Validation.php on line 317.
 1 SYSTEMPATH\Validation\Validation.php(317): CodeIgniter\Validation\Exceptions\ValidationException::forRuleNotFound('')
 2 SYSTEMPATH\Validation\Validation.php(195): CodeIgniter\Validation\Validation->processRules('kontak', 'kontak', '0282920292029', [...], [...])
 3 SYSTEMPATH\Controller.php(150): CodeIgniter\Validation\Validation->run()
 4 APPPATH\Controllers\dosen.php(55): CodeIgniter\Controller->validate([...])
 5 SYSTEMPATH\CodeIgniter.php(919): App\Controllers\Dosen->simpan()
 6 SYSTEMPATH\CodeIgniter.php(494): CodeIgniter\CodeIgniter->runController(Object(App\Controllers\Dosen))
 7 SYSTEMPATH\CodeIgniter.php(353): CodeIgniter\CodeIgniter->handleRequest(null, Object(Config\Cache), false)
 8 FCPATH\index.php(79): CodeIgniter\CodeIgniter->run()
 9 SYSTEMPATH\Commands\Server\rewrite.php(47): require_once('D:\\PerkulianðŸ’ª\\Semester 3\\Pemrograman berbasis web 2\\TUGAS\\Individu\\admindua\\admin2\\public\\index.php')
INFO - 2024-01-19 02:46:04 --> Session: Class initialized using 'CodeIgniter\Session\Handlers\FileHandler' driver.
INFO - 2024-01-19 02:46:04 --> Session: Class initialized using 'CodeIgniter\Session\Handlers\FileHandler' driver.
INFO - 2024-01-19 02:46:09 --> Session: Class initialized using 'CodeIgniter\Session\Handlers\FileHandler' driver.
INFO - 2024-01-19 02:46:09 --> Session: Class initialized using 'CodeIgniter\Session\Handlers\FileHandler' driver.
INFO - 2024-01-19 02:46:23 --> Session: Class initialized using 'CodeIgniter\Session\Handlers\FileHandler' driver.
INFO - 2024-01-19 02:46:29 --> Session: Class initialized using 'CodeIgniter\Session\Handlers\FileHandler' driver.
INFO - 2024-01-19 02:46:32 --> Session: Class initialized using 'CodeIgniter\Session\Handlers\FileHandler' driver.
INFO - 2024-01-19 02:46:35 --> Session: Class initialized using 'CodeIgniter\Session\Handlers\FileHandler' driver.
INFO - 2024-01-19 02:46:38 --> Session: Class initialized using 'CodeIgniter\Session\Handlers\FileHandler' driver.
INFO - 2024-01-19 02:47:14 --> Session: Class initialized using 'CodeIgniter\Session\Handlers\FileHandler' driver.
INFO - 2024-01-19 02:47:33 --> Session: Class initialized using 'CodeIgniter\Session\Handlers\FileHandler' driver.
INFO - 2024-01-19 02:47:39 --> Session: Class initialized using 'CodeIgniter\Session\Handlers\FileHandler' driver.
INFO - 2024-01-19 02:47:51 --> Session: Class initialized using 'CodeIgniter\Session\Handlers\FileHandler' driver.
INFO - 2024-01-19 02:55:49 --> Session: Class initialized using 'CodeIgniter\Session\Handlers\FileHandler' driver.
INFO - 2024-01-19 03:00:45 --> Session: Class initialized using 'CodeIgniter\Session\Handlers\FileHandler' driver.
INFO - 2024-01-19 03:03:11 --> Session: Class initialized using 'CodeIgniter\Session\Handlers\FileHandler' driver.
INFO - 2024-01-19 03:03:26 --> Session: Class initialized using 'CodeIgniter\Session\Handlers\FileHandler' driver.
INFO - 2024-01-19 03:03:30 --> Session: Class initialized using 'CodeIgniter\Session\Handlers\FileHandler' driver.
INFO - 2024-01-19 03:03:34 --> Session: Class initialized using 'CodeIgniter\Session\Handlers\FileHandler' driver.
INFO - 2024-01-19 03:03:34 --> Session: Class initialized using 'CodeIgniter\Session\Handlers\FileHandler' driver.
INFO - 2024-01-19 03:05:52 --> Session: Class initialized using 'CodeIgniter\Session\Handlers\FileHandler' driver.
INFO - 2024-01-19 03:06:01 --> Session: Class initialized using 'CodeIgniter\Session\Handlers\FileHandler' driver.
INFO - 2024-01-19 03:06:12 --> Session: Class initialized using 'CodeIgniter\Session\Handlers\FileHandler' driver.
INFO - 2024-01-19 03:06:12 --> Session: Class initialized using 'CodeIgniter\Session\Handlers\FileHandler' driver.
INFO - 2024-01-19 03:06:16 --> Session: Class initialized using 'CodeIgniter\Session\Handlers\FileHandler' driver.
INFO - 2024-01-19 03:08:47 --> Session: Class initialized using 'CodeIgniter\Session\Handlers\FileHandler' driver.
INFO - 2024-01-19 03:08:47 --> Session: Class initialized using 'CodeIgniter\Session\Handlers\FileHandler' driver.
INFO - 2024-01-19 03:08:50 --> Session: Class initialized using 'CodeIgniter\Session\Handlers\FileHandler' driver.
INFO - 2024-01-19 03:08:53 --> Session: Class initialized using 'CodeIgniter\Session\Handlers\FileHandler' driver.
INFO - 2024-01-19 03:09:30 --> Session: Class initialized using 'CodeIgniter\Session\Handlers\FileHandler' driver.
INFO - 2024-01-19 03:09:33 --> Session: Class initialized using 'CodeIgniter\Session\Handlers\FileHandler' driver.
INFO - 2024-01-19 03:09:33 --> Session: Class initialized using 'CodeIgniter\Session\Handlers\FileHandler' driver.
INFO - 2024-01-19 03:10:53 --> Session: Class initialized using 'CodeIgniter\Session\Handlers\FileHandler' driver.
INFO - 2024-01-19 03:10:58 --> Session: Class initialized using 'CodeIgniter\Session\Handlers\FileHandler' driver.
INFO - 2024-01-19 03:23:40 --> Session: Class initialized using 'CodeIgniter\Session\Handlers\FileHandler' driver.
INFO - 2024-01-19 03:31:10 --> Session: Class initialized using 'CodeIgniter\Session\Handlers\FileHandler' driver.
INFO - 2024-01-19 03:31:49 --> Session: Class initialized using 'CodeIgniter\Session\Handlers\FileHandler' driver.
INFO - 2024-01-19 03:32:31 --> Session: Class initialized using 'CodeIgniter\Session\Handlers\FileHandler' driver.
INFO - 2024-01-19 03:32:31 --> Session: Class initialized using 'CodeIgniter\Session\Handlers\FileHandler' driver.
INFO - 2024-01-19 03:33:15 --> Session: Class initialized using 'CodeIgniter\Session\Handlers\FileHandler' driver.
INFO - 2024-01-19 03:33:28 --> Session: Class initialized using 'CodeIgniter\Session\Handlers\FileHandler' driver.
INFO - 2024-01-19 03:33:28 --> Session: Class initialized using 'CodeIgniter\Session\Handlers\FileHandler' driver.
INFO - 2024-01-19 04:01:21 --> Session: Class initialized using 'CodeIgniter\Session\Handlers\FileHandler' driver.
INFO - 2024-01-19 04:01:23 --> Session: Class initialized using 'CodeIgniter\Session\Handlers\FileHandler' driver.
INFO - 2024-01-19 04:01:26 --> Session: Class initialized using 'CodeIgniter\Session\Handlers\FileHandler' driver.
INFO - 2024-01-19 04:01:29 --> Session: Class initialized using 'CodeIgniter\Session\Handlers\FileHandler' driver.
INFO - 2024-01-19 04:01:32 --> Session: Class initialized using 'CodeIgniter\Session\Handlers\FileHandler' driver.
INFO - 2024-01-19 04:05:39 --> Session: Class initialized using 'CodeIgniter\Session\Handlers\FileHandler' driver.
INFO - 2024-01-19 04:05:39 --> Session: Class initialized using 'CodeIgniter\Session\Handlers\FileHandler' driver.
INFO - 2024-01-19 04:08:43 --> Session: Class initialized using 'CodeIgniter\Session\Handlers\FileHandler' driver.
INFO - 2024-01-19 04:08:43 --> Session: Class initialized using 'CodeIgniter\Session\Handlers\FileHandler' driver.
CRITICAL - 2024-01-19 06:05:14 --> The framework needs the following extension(s) installed and loaded: intl.
in SYSTEMPATH\CodeIgniter.php on line 246.
 1 SYSTEMPATH\CodeIgniter.php(246): CodeIgniter\Exceptions\FrameworkException::forMissingExtension('intl')
 2 SYSTEMPATH\CodeIgniter.php(210): CodeIgniter\CodeIgniter->resolvePlatformExtensions()
 3 ROOTPATH\spark(88): CodeIgniter\CodeIgniter->initialize()
CRITICAL - 2024-01-19 06:05:14 --> Uncaught Error: Class "Locale" not found in D:\web id\admin2\system\I18n\TimeTrait.php:74
Stack trace:
#0 D:\web id\admin2\system\I18n\TimeTrait.php(115): CodeIgniter\I18n\Time->__construct(NULL, NULL, NULL)
#1 D:\web id\admin2\system\HTTP\ResponseTrait.php(468): CodeIgniter\I18n\Time::now()
#2 D:\web id\admin2\system\HTTP\ResponseTrait.php(446): CodeIgniter\HTTP\Response->sendHeaders()
#3 D:\web id\admin2\system\Debug\ExceptionHandler.php(78): CodeIgniter\HTTP\Response->send()
#4 D:\web id\admin2\system\Debug\Exceptions.php(146): CodeIgniter\Debug\ExceptionHandler->handle(Object(CodeIgniter\Exceptions\FrameworkException), Object(CodeIgniter\HTTP\IncomingRequest), Object(CodeIgniter\HTTP\Response), 500, 1)
#5 [internal function]: CodeIgniter\Debug\Exceptions->exceptionHandler(Object(CodeIgniter\Exceptions\FrameworkException))
#6 {main}
  thrown
ã€Previous Exceptionã€‘
CodeIgniter\Exceptions\FrameworkException
The framework needs the following extension(s) installed and loaded: intl.
#0 D:\web id\admin2\system\CodeIgniter.php(246): CodeIgniter\Exceptions\FrameworkException::forMissingExtension('intl')
#1 D:\web id\admin2\system\CodeIgniter.php(210): CodeIgniter\CodeIgniter->resolvePlatformExtensions()
#2 D:\web id\admin2\spark(88): CodeIgniter\CodeIgniter->initialize()
#3 {main}
in SYSTEMPATH\I18n\TimeTrait.php on line 74.
 1 [internal function]: CodeIgniter\Debug\Exceptions->shutdownHandler()
INFO - 2024-01-19 07:50:35 --> Session: Class initialized using 'CodeIgniter\Session\Handlers\FileHandler' driver.
INFO - 2024-01-19 07:50:35 --> Session: Class initialized using 'CodeIgniter\Session\Handlers\FileHandler' driver.
INFO - 2024-01-19 07:50:50 --> Session: Class initialized using 'CodeIgniter\Session\Handlers\FileHandler' driver.
INFO - 2024-01-19 07:51:08 --> Session: Class initialized using 'CodeIgniter\Session\Handlers\FileHandler' driver.
INFO - 2024-01-19 07:51:13 --> Session: Class initialized using 'CodeIgniter\Session\Handlers\FileHandler' driver.
INFO - 2024-01-19 08:05:57 --> Session: Class initialized using 'CodeIgniter\Session\Handlers\FileHandler' driver.
INFO - 2024-01-19 08:05:57 --> Session: Class initialized using 'CodeIgniter\Session\Handlers\FileHandler' driver.
INFO - 2024-01-19 08:06:05 --> Session: Class initialized using 'CodeIgniter\Session\Handlers\FileHandler' driver.
INFO - 2024-01-19 08:06:18 --> Session: Class initialized using 'CodeIgniter\Session\Handlers\FileHandler' driver.
INFO - 2024-01-19 08:09:17 --> Session: Class initialized using 'CodeIgniter\Session\Handlers\FileHandler' driver.
INFO - 2024-01-19 08:09:34 --> Session: Class initialized using 'CodeIgniter\Session\Handlers\FileHandler' driver.
INFO - 2024-01-19 08:09:43 --> Session: Class initialized using 'CodeIgniter\Session\Handlers\FileHandler' driver.
CRITICAL - 2024-01-19 08:09:43 --> Undefined variable $matkul
in APPPATH\Views\Matkul\index.php on line 30.
 1 APPPATH\Views\Matkul\index.php(30): CodeIgniter\Debug\Exceptions->errorHandler(2, 'Undefined variable $matkul', 'C:\\Users\\atiz2\\Videos\\jumat\\admin2 sg ono matkul e\\admin2\\app\\Views\\Matkul\\index.php', 30)
 2 SYSTEMPATH\View\View.php(226): include('C:\\Users\\atiz2\\Videos\\jumat\\admin2 sg ono matkul e\\admin2\\app\\Views\\Matkul\\index.php')
 3 SYSTEMPATH\View\View.php(229): CodeIgniter\View\View->CodeIgniter\View\{closure}()
 4 SYSTEMPATH\Common.php(1188): CodeIgniter\View\View->render('matkul/index', [], true)
 5 APPPATH\Controllers\matkul.php(22): view('matkul/index', [...])
 6 SYSTEMPATH\CodeIgniter.php(919): App\Controllers\matkul->index()
 7 SYSTEMPATH\CodeIgniter.php(494): CodeIgniter\CodeIgniter->runController(Object(App\Controllers\matkul))
 8 SYSTEMPATH\CodeIgniter.php(353): CodeIgniter\CodeIgniter->handleRequest(null, Object(Config\Cache), false)
 9 FCPATH\index.php(79): CodeIgniter\CodeIgniter->run()
10 SYSTEMPATH\Commands\Server\rewrite.php(47): require_once('C:\\Users\\atiz2\\Videos\\jumat\\admin2 sg ono matkul e\\admin2\\public\\index.php')
INFO - 2024-01-19 08:09:49 --> Session: Class initialized using 'CodeIgniter\Session\Handlers\FileHandler' driver.
INFO - 2024-01-19 08:25:05 --> Session: Class initialized using 'CodeIgniter\Session\Handlers\FileHandler' driver.
INFO - 2024-01-19 08:29:33 --> Session: Class initialized using 'CodeIgniter\Session\Handlers\FileHandler' driver.
INFO - 2024-01-19 08:29:49 --> Session: Class initialized using 'CodeIgniter\Session\Handlers\FileHandler' driver.
INFO - 2024-01-19 08:29:51 --> Session: Class initialized using 'CodeIgniter\Session\Handlers\FileHandler' driver.
INFO - 2024-01-19 08:29:55 --> Session: Class initialized using 'CodeIgniter\Session\Handlers\FileHandler' driver.
INFO - 2024-01-19 08:30:59 --> Session: Class initialized using 'CodeIgniter\Session\Handlers\FileHandler' driver.
INFO - 2024-01-19 08:31:05 --> Session: Class initialized using 'CodeIgniter\Session\Handlers\FileHandler' driver.
INFO - 2024-01-19 08:32:49 --> Session: Class initialized using 'CodeIgniter\Session\Handlers\FileHandler' driver.
INFO - 2024-01-19 08:32:53 --> Session: Class initialized using 'CodeIgniter\Session\Handlers\FileHandler' driver.
CRITICAL - 2024-01-19 08:32:53 --> Undefined variable $matkul
in APPPATH\Views\Matkul\indexmtkl.php on line 30.
 1 APPPATH\Views\Matkul\indexmtkl.php(30): CodeIgniter\Debug\Exceptions->errorHandler(2, 'Undefined variable $matkul', 'C:\\Users\\atiz2\\Videos\\jumat\\admin2 sg ono matkul e\\admin2\\app\\Views\\Matkul\\indexmtkl.php', 30)
 2 SYSTEMPATH\View\View.php(226): include('C:\\Users\\atiz2\\Videos\\jumat\\admin2 sg ono matkul e\\admin2\\app\\Views\\Matkul\\indexmtkl.php')
 3 SYSTEMPATH\View\View.php(229): CodeIgniter\View\View->CodeIgniter\View\{closure}()
 4 SYSTEMPATH\Common.php(1188): CodeIgniter\View\View->render('matkul/indexmtkl', [], true)
 5 APPPATH\Controllers\matkul.php(22): view('matkul/indexmtkl', [...])
 6 SYSTEMPATH\CodeIgniter.php(919): App\Controllers\matkul->indexmtkl()
 7 SYSTEMPATH\CodeIgniter.php(494): CodeIgniter\CodeIgniter->runController(Object(App\Controllers\matkul))
 8 SYSTEMPATH\CodeIgniter.php(353): CodeIgniter\CodeIgniter->handleRequest(null, Object(Config\Cache), false)
 9 FCPATH\index.php(79): CodeIgniter\CodeIgniter->run()
10 SYSTEMPATH\Commands\Server\rewrite.php(47): require_once('C:\\Users\\atiz2\\Videos\\jumat\\admin2 sg ono matkul e\\admin2\\public\\index.php')
INFO - 2024-01-19 08:34:34 --> Session: Class initialized using 'CodeIgniter\Session\Handlers\FileHandler' driver.
INFO - 2024-01-19 08:34:38 --> Session: Class initialized using 'CodeIgniter\Session\Handlers\FileHandler' driver.
CRITICAL - 2024-01-19 08:34:38 --> Undefined variable $matkul
in APPPATH\Views\Matkul\indexmtkl.php on line 30.
 1 APPPATH\Views\Matkul\indexmtkl.php(30): CodeIgniter\Debug\Exceptions->errorHandler(2, 'Undefined variable $matkul', 'C:\\Users\\atiz2\\Videos\\jumat\\admin2 sg ono matkul e\\admin2\\app\\Views\\Matkul\\indexmtkl.php', 30)
 2 SYSTEMPATH\View\View.php(226): include('C:\\Users\\atiz2\\Videos\\jumat\\admin2 sg ono matkul e\\admin2\\app\\Views\\Matkul\\indexmtkl.php')
 3 SYSTEMPATH\View\View.php(229): CodeIgniter\View\View->CodeIgniter\View\{closure}()
 4 SYSTEMPATH\Common.php(1188): CodeIgniter\View\View->render('matkul/indexmtkl', [], true)
 5 APPPATH\Controllers\matkul.php(22): view('matkul/indexmtkl', [...])
 6 SYSTEMPATH\CodeIgniter.php(919): App\Controllers\matkul->indexmtkl()
 7 SYSTEMPATH\CodeIgniter.php(494): CodeIgniter\CodeIgniter->runController(Object(App\Controllers\matkul))
 8 SYSTEMPATH\CodeIgniter.php(353): CodeIgniter\CodeIgniter->handleRequest(null, Object(Config\Cache), false)
 9 FCPATH\index.php(79): CodeIgniter\CodeIgniter->run()
10 SYSTEMPATH\Commands\Server\rewrite.php(47): require_once('C:\\Users\\atiz2\\Videos\\jumat\\admin2 sg ono matkul e\\admin2\\public\\index.php')
INFO - 2024-01-19 08:44:31 --> Session: Class initialized using 'CodeIgniter\Session\Handlers\FileHandler' driver.
INFO - 2024-01-19 08:44:35 --> Session: Class initialized using 'CodeIgniter\Session\Handlers\FileHandler' driver.
CRITICAL - 2024-01-19 08:44:35 --> Undefined variable $matkul
in APPPATH\Views\Matkul\indexmtkl.php on line 30.
 1 APPPATH\Views\Matkul\indexmtkl.php(30): CodeIgniter\Debug\Exceptions->errorHandler(2, 'Undefined variable $matkul', 'C:\\Users\\atiz2\\Videos\\jumat\\admin2 sg ono matkul e\\admin2\\app\\Views\\Matkul\\indexmtkl.php', 30)
 2 SYSTEMPATH\View\View.php(226): include('C:\\Users\\atiz2\\Videos\\jumat\\admin2 sg ono matkul e\\admin2\\app\\Views\\Matkul\\indexmtkl.php')
 3 SYSTEMPATH\View\View.php(229): CodeIgniter\View\View->CodeIgniter\View\{closure}()
 4 SYSTEMPATH\Common.php(1188): CodeIgniter\View\View->render('matkul/indexmtkl', [], true)
 5 APPPATH\Controllers\matkul.php(22): view('matkul/indexmtkl', [...])
 6 SYSTEMPATH\CodeIgniter.php(919): App\Controllers\matkul->indexmtkl()
 7 SYSTEMPATH\CodeIgniter.php(494): CodeIgniter\CodeIgniter->runController(Object(App\Controllers\matkul))
 8 SYSTEMPATH\CodeIgniter.php(353): CodeIgniter\CodeIgniter->handleRequest(null, Object(Config\Cache), false)
 9 FCPATH\index.php(79): CodeIgniter\CodeIgniter->run()
10 SYSTEMPATH\Commands\Server\rewrite.php(47): require_once('C:\\Users\\atiz2\\Videos\\jumat\\admin2 sg ono matkul e\\admin2\\public\\index.php')
INFO - 2024-01-19 08:45:19 --> Session: Class initialized using 'CodeIgniter\Session\Handlers\FileHandler' driver.
INFO - 2024-01-19 08:45:23 --> Session: Class initialized using 'CodeIgniter\Session\Handlers\FileHandler' driver.
INFO - 2024-01-19 08:49:23 --> Session: Class initialized using 'CodeIgniter\Session\Handlers\FileHandler' driver.
INFO - 2024-01-19 08:49:31 --> Session: Class initialized using 'CodeIgniter\Session\Handlers\FileHandler' driver.
CRITICAL - 2024-01-19 08:49:31 --> Undefined variable $matkul
in APPPATH\Views\Matkul\indexmtkl.php on line 30.
 1 APPPATH\Views\Matkul\indexmtkl.php(30): CodeIgniter\Debug\Exceptions->errorHandler(2, 'Undefined variable $matkul', 'C:\\Users\\atiz2\\Videos\\jumat\\admin2 sg ono matkul e\\admin2\\app\\Views\\Matkul\\indexmtkl.php', 30)
 2 SYSTEMPATH\View\View.php(226): include('C:\\Users\\atiz2\\Videos\\jumat\\admin2 sg ono matkul e\\admin2\\app\\Views\\Matkul\\indexmtkl.php')
 3 SYSTEMPATH\View\View.php(229): CodeIgniter\View\View->CodeIgniter\View\{closure}()
 4 SYSTEMPATH\Common.php(1188): CodeIgniter\View\View->render('matkul/indexmtkl', [], true)
 5 APPPATH\Controllers\matkul.php(22): view('matkul/indexmtkl', [...])
 6 SYSTEMPATH\CodeIgniter.php(919): App\Controllers\matkul->indexmtkl()
 7 SYSTEMPATH\CodeIgniter.php(494): CodeIgniter\CodeIgniter->runController(Object(App\Controllers\matkul))
 8 SYSTEMPATH\CodeIgniter.php(353): CodeIgniter\CodeIgniter->handleRequest(null, Object(Config\Cache), false)
 9 FCPATH\index.php(79): CodeIgniter\CodeIgniter->run()
10 SYSTEMPATH\Commands\Server\rewrite.php(47): require_once('C:\\Users\\atiz2\\Videos\\jumat\\admin2 sg ono matkul e\\admin2\\public\\index.php')
INFO - 2024-01-19 08:50:08 --> Session: Class initialized using 'CodeIgniter\Session\Handlers\FileHandler' driver.
CRITICAL - 2024-01-19 08:50:08 --> Undefined array key "nama_matkul"
in APPPATH\Views\Matkul\indexmtkl.php on line 34.
 1 APPPATH\Views\Matkul\indexmtkl.php(34): CodeIgniter\Debug\Exceptions->errorHandler(2, 'Undefined array key "nama_matkul"', 'C:\\Users\\atiz2\\Videos\\jumat\\admin2 sg ono matkul e\\admin2\\app\\Views\\Matkul\\indexmtkl.php', 34)
 2 SYSTEMPATH\View\View.php(226): include('C:\\Users\\atiz2\\Videos\\jumat\\admin2 sg ono matkul e\\admin2\\app\\Views\\Matkul\\indexmtkl.php')
 3 SYSTEMPATH\View\View.php(229): CodeIgniter\View\View->CodeIgniter\View\{closure}()
 4 SYSTEMPATH\Common.php(1188): CodeIgniter\View\View->render('matkul/indexmtkl', [], true)
 5 APPPATH\Controllers\matkul.php(22): view('matkul/indexmtkl', [...])
 6 SYSTEMPATH\CodeIgniter.php(919): App\Controllers\matkul->indexmtkl()
 7 SYSTEMPATH\CodeIgniter.php(494): CodeIgniter\CodeIgniter->runController(Object(App\Controllers\matkul))
 8 SYSTEMPATH\CodeIgniter.php(353): CodeIgniter\CodeIgniter->handleRequest(null, Object(Config\Cache), false)
 9 FCPATH\index.php(79): CodeIgniter\CodeIgniter->run()
10 SYSTEMPATH\Commands\Server\rewrite.php(47): require_once('C:\\Users\\atiz2\\Videos\\jumat\\admin2 sg ono matkul e\\admin2\\public\\index.php')
INFO - 2024-01-19 08:53:30 --> Session: Class initialized using 'CodeIgniter\Session\Handlers\FileHandler' driver.
INFO - 2024-01-19 08:55:34 --> Session: Class initialized using 'CodeIgniter\Session\Handlers\FileHandler' driver.
INFO - 2024-01-19 08:55:55 --> Session: Class initialized using 'CodeIgniter\Session\Handlers\FileHandler' driver.
INFO - 2024-01-19 08:57:32 --> Session: Class initialized using 'CodeIgniter\Session\Handlers\FileHandler' driver.
INFO - 2024-01-19 08:58:22 --> Session: Class initialized using 'CodeIgniter\Session\Handlers\FileHandler' driver.
INFO - 2024-01-19 08:58:48 --> Session: Class initialized using 'CodeIgniter\Session\Handlers\FileHandler' driver.
INFO - 2024-01-19 08:59:11 --> Session: Class initialized using 'CodeIgniter\Session\Handlers\FileHandler' driver.
INFO - 2024-01-19 08:59:57 --> Session: Class initialized using 'CodeIgniter\Session\Handlers\FileHandler' driver.
INFO - 2024-01-19 09:08:05 --> Session: Class initialized using 'CodeIgniter\Session\Handlers\FileHandler' driver.
INFO - 2024-01-19 09:08:12 --> Session: Class initialized using 'CodeIgniter\Session\Handlers\FileHandler' driver.
CRITICAL - 2024-01-19 09:08:12 --> Invalid file: "mahasiswa/index.php"
in SYSTEMPATH\Exceptions\FrameworkException.php on line 39.
 1 SYSTEMPATH\View\View.php(214): CodeIgniter\Exceptions\FrameworkException::forInvalidFile('mahasiswa/index.php')
 2 SYSTEMPATH\Common.php(1188): CodeIgniter\View\View->render('mahasiswa/index', [], true)
 3 APPPATH\Controllers\mahasiswa.php(21): view('mahasiswa/index', [...])
 4 SYSTEMPATH\CodeIgniter.php(919): App\Controllers\Mahasiswa->indexmhs()
 5 SYSTEMPATH\CodeIgniter.php(494): CodeIgniter\CodeIgniter->runController(Object(App\Controllers\Mahasiswa))
 6 SYSTEMPATH\CodeIgniter.php(353): CodeIgniter\CodeIgniter->handleRequest(null, Object(Config\Cache), false)
 7 FCPATH\index.php(79): CodeIgniter\CodeIgniter->run()
 8 SYSTEMPATH\Commands\Server\rewrite.php(47): require_once('C:\\Users\\atiz2\\Videos\\jumat\\admin2 sg ono matkul e\\admin2\\public\\index.php')
INFO - 2024-01-19 09:08:50 --> Session: Class initialized using 'CodeIgniter\Session\Handlers\FileHandler' driver.
INFO - 2024-01-19 09:09:01 --> Session: Class initialized using 'CodeIgniter\Session\Handlers\FileHandler' driver.
INFO - 2024-01-19 09:09:09 --> Session: Class initialized using 'CodeIgniter\Session\Handlers\FileHandler' driver.
INFO - 2024-01-19 09:10:33 --> Session: Class initialized using 'CodeIgniter\Session\Handlers\FileHandler' driver.
INFO - 2024-01-19 09:10:34 --> Session: Class initialized using 'CodeIgniter\Session\Handlers\FileHandler' driver.
INFO - 2024-01-19 09:16:10 --> Session: Class initialized using 'CodeIgniter\Session\Handlers\FileHandler' driver.
INFO - 2024-01-19 09:19:56 --> Session: Class initialized using 'CodeIgniter\Session\Handlers\FileHandler' driver.
INFO - 2024-01-19 09:22:40 --> Session: Class initialized using 'CodeIgniter\Session\Handlers\FileHandler' driver.
INFO - 2024-01-19 09:22:48 --> Session: Class initialized using 'CodeIgniter\Session\Handlers\FileHandler' driver.
INFO - 2024-01-19 09:23:34 --> Session: Class initialized using 'CodeIgniter\Session\Handlers\FileHandler' driver.
INFO - 2024-01-19 09:23:36 --> Session: Class initialized using 'CodeIgniter\Session\Handlers\FileHandler' driver.
INFO - 2024-01-19 09:23:47 --> Session: Class initialized using 'CodeIgniter\Session\Handlers\FileHandler' driver.
INFO - 2024-01-19 09:23:56 --> Session: Class initialized using 'CodeIgniter\Session\Handlers\FileHandler' driver.
INFO - 2024-01-19 09:24:01 --> Session: Class initialized using 'CodeIgniter\Session\Handlers\FileHandler' driver.
INFO - 2024-01-19 09:28:12 --> Session: Class initialized using 'CodeIgniter\Session\Handlers\FileHandler' driver.
INFO - 2024-01-19 09:28:16 --> Session: Class initialized using 'CodeIgniter\Session\Handlers\FileHandler' driver.
INFO - 2024-01-19 09:28:17 --> Session: Class initialized using 'CodeIgniter\Session\Handlers\FileHandler' driver.
INFO - 2024-01-19 09:28:21 --> Session: Class initialized using 'CodeIgniter\Session\Handlers\FileHandler' driver.
INFO - 2024-01-19 09:28:27 --> Session: Class initialized using 'CodeIgniter\Session\Handlers\FileHandler' driver.
INFO - 2024-01-19 09:29:09 --> Session: Class initialized using 'CodeIgniter\Session\Handlers\FileHandler' driver.
INFO - 2024-01-19 09:37:34 --> Session: Class initialized using 'CodeIgniter\Session\Handlers\FileHandler' driver.
INFO - 2024-01-19 10:21:58 --> Session: Class initialized using 'CodeIgniter\Session\Handlers\FileHandler' driver.
INFO - 2024-01-19 10:23:45 --> Session: Class initialized using 'CodeIgniter\Session\Handlers\FileHandler' driver.
INFO - 2024-01-19 10:23:52 --> Session: Class initialized using 'CodeIgniter\Session\Handlers\FileHandler' driver.
CRITICAL - 2024-01-19 10:23:52 --> Call to undefined method App\Models\kelasModel::getkelas
in SYSTEMPATH\Model.php on line 873.
 1 APPPATH\Controllers\kelas.php(19): CodeIgniter\Model->__call('getkelas', [])
 2 SYSTEMPATH\CodeIgniter.php(919): App\Controllers\Kelas->indexkls()
 3 SYSTEMPATH\CodeIgniter.php(494): CodeIgniter\CodeIgniter->runController(Object(App\Controllers\Kelas))
 4 SYSTEMPATH\CodeIgniter.php(353): CodeIgniter\CodeIgniter->handleRequest(null, Object(Config\Cache), false)
 5 FCPATH\index.php(79): CodeIgniter\CodeIgniter->run()
 6 SYSTEMPATH\Commands\Server\rewrite.php(47): require_once('C:\\Users\\atiz2\\Videos\\jumat\\admin2 sg ono matkul e\\admin2\\public\\index.php')
INFO - 2024-01-19 10:24:40 --> Session: Class initialized using 'CodeIgniter\Session\Handlers\FileHandler' driver.
INFO - 2024-01-19 10:24:44 --> Session: Class initialized using 'CodeIgniter\Session\Handlers\FileHandler' driver.
INFO - 2024-01-19 10:24:58 --> Session: Class initialized using 'CodeIgniter\Session\Handlers\FileHandler' driver.
INFO - 2024-01-19 10:25:09 --> Session: Class initialized using 'CodeIgniter\Session\Handlers\FileHandler' driver.
INFO - 2024-01-19 10:25:28 --> Session: Class initialized using 'CodeIgniter\Session\Handlers\FileHandler' driver.
INFO - 2024-01-19 10:26:58 --> Session: Class initialized using 'CodeIgniter\Session\Handlers\FileHandler' driver.
INFO - 2024-01-19 10:44:40 --> Session: Class initialized using 'CodeIgniter\Session\Handlers\FileHandler' driver.
INFO - 2024-01-19 10:54:23 --> Session: Class initialized using 'CodeIgniter\Session\Handlers\FileHandler' driver.
CRITICAL - 2024-01-19 11:00:51 --> "nama_kelas" is not a valid rule.
in SYSTEMPATH\Validation\Validation.php on line 317.
 1 SYSTEMPATH\Validation\Validation.php(317): CodeIgniter\Validation\Exceptions\ValidationException::forRuleNotFound('nama_kelas')
 2 SYSTEMPATH\Validation\Validation.php(195): CodeIgniter\Validation\Validation->processRules('nama_kelas', 'nama_kelas', 'c11', [...], [...])
 3 SYSTEMPATH\Controller.php(150): CodeIgniter\Validation\Validation->run()
 4 APPPATH\Controllers\kelas.php(54): CodeIgniter\Controller->validate([...])
 5 SYSTEMPATH\CodeIgniter.php(919): App\Controllers\Kelas->simpan()
 6 SYSTEMPATH\CodeIgniter.php(494): CodeIgniter\CodeIgniter->runController(Object(App\Controllers\Kelas))
 7 SYSTEMPATH\CodeIgniter.php(353): CodeIgniter\CodeIgniter->handleRequest(null, Object(Config\Cache), false)
 8 FCPATH\index.php(79): CodeIgniter\CodeIgniter->run()
 9 SYSTEMPATH\Commands\Server\rewrite.php(47): require_once('C:\\Users\\atiz2\\Music\\kelompok_akademik\\admin2\\public\\index.php')
INFO - 2024-01-19 11:01:22 --> Session: Class initialized using 'CodeIgniter\Session\Handlers\FileHandler' driver.
INFO - 2024-01-19 11:01:31 --> Session: Class initialized using 'CodeIgniter\Session\Handlers\FileHandler' driver.
INFO - 2024-01-19 11:01:39 --> Session: Class initialized using 'CodeIgniter\Session\Handlers\FileHandler' driver.
INFO - 2024-01-19 11:01:46 --> Session: Class initialized using 'CodeIgniter\Session\Handlers\FileHandler' driver.
INFO - 2024-01-19 11:01:47 --> Session: Class initialized using 'CodeIgniter\Session\Handlers\FileHandler' driver.
INFO - 2024-01-19 11:02:54 --> Session: Class initialized using 'CodeIgniter\Session\Handlers\FileHandler' driver.
CRITICAL - 2024-01-19 11:03:27 --> "nama_kelas" is not a valid rule.
in SYSTEMPATH\Validation\Validation.php on line 317.
 1 SYSTEMPATH\Validation\Validation.php(317): CodeIgniter\Validation\Exceptions\ValidationException::forRuleNotFound('nama_kelas')
 2 SYSTEMPATH\Validation\Validation.php(195): CodeIgniter\Validation\Validation->processRules('nama_kelas', 'nama_kelas', 'lab77', [...], [...])
 3 SYSTEMPATH\Controller.php(150): CodeIgniter\Validation\Validation->run()
 4 APPPATH\Controllers\kelas.php(54): CodeIgniter\Controller->validate([...])
 5 SYSTEMPATH\CodeIgniter.php(919): App\Controllers\Kelas->simpan()
 6 SYSTEMPATH\CodeIgniter.php(494): CodeIgniter\CodeIgniter->runController(Object(App\Controllers\Kelas))
 7 SYSTEMPATH\CodeIgniter.php(353): CodeIgniter\CodeIgniter->handleRequest(null, Object(Config\Cache), false)
 8 FCPATH\index.php(79): CodeIgniter\CodeIgniter->run()
 9 SYSTEMPATH\Commands\Server\rewrite.php(47): require_once('C:\\Users\\atiz2\\Music\\kelompok_akademik\\admin2\\public\\index.php')
INFO - 2024-01-19 11:04:49 --> Session: Class initialized using 'CodeIgniter\Session\Handlers\FileHandler' driver.
INFO - 2024-01-19 11:04:52 --> Session: Class initialized using 'CodeIgniter\Session\Handlers\FileHandler' driver.
INFO - 2024-01-19 11:04:53 --> Session: Class initialized using 'CodeIgniter\Session\Handlers\FileHandler' driver.
INFO - 2024-01-19 11:05:49 --> Session: Class initialized using 'CodeIgniter\Session\Handlers\FileHandler' driver.
INFO - 2024-01-19 11:06:00 --> Session: Class initialized using 'CodeIgniter\Session\Handlers\FileHandler' driver.
INFO - 2024-01-19 11:06:01 --> Session: Class initialized using 'CodeIgniter\Session\Handlers\FileHandler' driver.
INFO - 2024-01-19 11:12:27 --> Session: Class initialized using 'CodeIgniter\Session\Handlers\FileHandler' driver.
INFO - 2024-01-19 11:12:30 --> Session: Class initialized using 'CodeIgniter\Session\Handlers\FileHandler' driver.
INFO - 2024-01-19 11:12:34 --> Session: Class initialized using 'CodeIgniter\Session\Handlers\FileHandler' driver.
INFO - 2024-01-19 11:12:41 --> Session: Class initialized using 'CodeIgniter\Session\Handlers\FileHandler' driver.
INFO - 2024-01-19 11:12:50 --> Session: Class initialized using 'CodeIgniter\Session\Handlers\FileHandler' driver.
INFO - 2024-01-19 11:12:57 --> Session: Class initialized using 'CodeIgniter\Session\Handlers\FileHandler' driver.
INFO - 2024-01-19 11:12:59 --> Session: Class initialized using 'CodeIgniter\Session\Handlers\FileHandler' driver.
INFO - 2024-01-19 11:13:03 --> Session: Class initialized using 'CodeIgniter\Session\Handlers\FileHandler' driver.
INFO - 2024-01-19 11:13:55 --> Session: Class initialized using 'CodeIgniter\Session\Handlers\FileHandler' driver.
INFO - 2024-01-19 11:14:03 --> Session: Class initialized using 'CodeIgniter\Session\Handlers\FileHandler' driver.
INFO - 2024-01-19 11:14:08 --> Session: Class initialized using 'CodeIgniter\Session\Handlers\FileHandler' driver.
INFO - 2024-01-19 11:14:10 --> Session: Class initialized using 'CodeIgniter\Session\Handlers\FileHandler' driver.
INFO - 2024-01-19 11:32:24 --> Session: Class initialized using 'CodeIgniter\Session\Handlers\FileHandler' driver.
INFO - 2024-01-19 11:32:36 --> Session: Class initialized using 'CodeIgniter\Session\Handlers\FileHandler' driver.
INFO - 2024-01-19 11:32:37 --> Session: Class initialized using 'CodeIgniter\Session\Handlers\FileHandler' driver.
INFO - 2024-01-19 11:32:39 --> Session: Class initialized using 'CodeIgniter\Session\Handlers\FileHandler' driver.
INFO - 2024-01-19 11:32:42 --> Session: Class initialized using 'CodeIgniter\Session\Handlers\FileHandler' driver.
INFO - 2024-01-19 11:32:51 --> Session: Class initialized using 'CodeIgniter\Session\Handlers\FileHandler' driver.
INFO - 2024-01-19 11:32:51 --> Session: Class initialized using 'CodeIgniter\Session\Handlers\FileHandler' driver.
INFO - 2024-01-19 11:32:58 --> Session: Class initialized using 'CodeIgniter\Session\Handlers\FileHandler' driver.
INFO - 2024-01-19 11:38:02 --> Session: Class initialized using 'CodeIgniter\Session\Handlers\FileHandler' driver.
INFO - 2024-01-19 11:38:08 --> Session: Class initialized using 'CodeIgniter\Session\Handlers\FileHandler' driver.
INFO - 2024-01-19 11:38:13 --> Session: Class initialized using 'CodeIgniter\Session\Handlers\FileHandler' driver.
INFO - 2024-01-19 11:38:24 --> Session: Class initialized using 'CodeIgniter\Session\Handlers\FileHandler' driver.
INFO - 2024-01-19 11:38:24 --> Session: Class initialized using 'CodeIgniter\Session\Handlers\FileHandler' driver.
INFO - 2024-01-19 11:38:31 --> Session: Class initialized using 'CodeIgniter\Session\Handlers\FileHandler' driver.
INFO - 2024-01-19 11:38:31 --> Session: Class initialized using 'CodeIgniter\Session\Handlers\FileHandler' driver.
