INFO - 2024-10-24 04:21:06 --> Session: Class initialized using 'CodeIgniter\Session\Handlers\FileHandler' driver.
INFO - 2024-10-24 04:21:07 --> Session: Class initialized using 'CodeIgniter\Session\Handlers\FileHandler' driver.
INFO - 2024-10-24 04:21:36 --> Session: Class initialized using 'CodeIgniter\Session\Handlers\FileHandler' driver.
INFO - 2024-10-24 04:21:37 --> Session: Class initialized using 'CodeIgniter\Session\Handlers\FileHandler' driver.
INFO - 2024-10-24 04:24:46 --> Session: Class initialized using 'CodeIgniter\Session\Handlers\FileHandler' driver.
INFO - 2024-10-24 04:35:41 --> Session: Class initialized using 'CodeIgniter\Session\Handlers\FileHandler' driver.
INFO - 2024-10-24 04:35:46 --> Session: Class initialized using 'CodeIgniter\Session\Handlers\FileHandler' driver.
INFO - 2024-10-24 04:39:10 --> Session: Class initialized using 'CodeIgniter\Session\Handlers\FileHandler' driver.
INFO - 2024-10-24 04:57:57 --> Session: Class initialized using 'CodeIgniter\Session\Handlers\FileHandler' driver.
INFO - 2024-10-24 04:58:02 --> Session: Class initialized using 'CodeIgniter\Session\Handlers\FileHandler' driver.
CRITICAL - 2024-10-24 04:58:02 --> Undefined variable $gaji
in APPPATH\Views\transaksi\indexpakaian.php on line 89.
 1 APPPATH\Views\transaksi\indexpakaian.php(89): CodeIgniter\Debug\Exceptions->errorHandler(2, 'Undefined variable $gaji', 'C:\\Users\\atiz2\\Downloads\\ecomerce5\\admin2\\app\\Views\\transaksi\\indexpakaian.php', 89)
 2 SYSTEMPATH\View\View.php(226): include('C:\\Users\\atiz2\\Downloads\\ecomerce5\\admin2\\app\\Views\\transaksi\\indexpakaian.php')
 3 SYSTEMPATH\View\View.php(229): CodeIgniter\View\View->CodeIgniter\View\{closure}()
 4 SYSTEMPATH\Common.php(1188): CodeIgniter\View\View->render('transaksi/indexpakaian', [], true)
 5 APPPATH\Controllers\transaksi.php(133): view('transaksi/indexpakaian', [...])
 6 SYSTEMPATH\CodeIgniter.php(919): App\Controllers\Transaksi->indexpakaian()
 7 SYSTEMPATH\CodeIgniter.php(494): CodeIgniter\CodeIgniter->runController(Object(App\Controllers\Transaksi))
 8 SYSTEMPATH\CodeIgniter.php(353): CodeIgniter\CodeIgniter->handleRequest(null, Object(Config\Cache), false)
 9 FCPATH\index.php(79): CodeIgniter\CodeIgniter->run()
10 SYSTEMPATH\Commands\Server\rewrite.php(47): require_once('C:\\Users\\atiz2\\Downloads\\ecomerce5\\admin2\\public\\index.php')
INFO - 2024-10-24 04:58:12 --> Session: Class initialized using 'CodeIgniter\Session\Handlers\FileHandler' driver.
INFO - 2024-10-24 04:58:56 --> Session: Class initialized using 'CodeIgniter\Session\Handlers\FileHandler' driver.
CRITICAL - 2024-10-24 04:58:56 --> Undefined variable $gaji
in APPPATH\Views\transaksi\indexpakaian.php on line 89.
 1 APPPATH\Views\transaksi\indexpakaian.php(89): CodeIgniter\Debug\Exceptions->errorHandler(2, 'Undefined variable $gaji', 'C:\\Users\\atiz2\\Downloads\\ecomerce5\\admin2\\app\\Views\\transaksi\\indexpakaian.php', 89)
 2 SYSTEMPATH\View\View.php(226): include('C:\\Users\\atiz2\\Downloads\\ecomerce5\\admin2\\app\\Views\\transaksi\\indexpakaian.php')
 3 SYSTEMPATH\View\View.php(229): CodeIgniter\View\View->CodeIgniter\View\{closure}()
 4 SYSTEMPATH\Common.php(1188): CodeIgniter\View\View->render('transaksi/indexpakaian', [], true)
 5 APPPATH\Controllers\transaksi.php(133): view('transaksi/indexpakaian', [...])
 6 SYSTEMPATH\CodeIgniter.php(919): App\Controllers\Transaksi->indexpakaian()
 7 SYSTEMPATH\CodeIgniter.php(494): CodeIgniter\CodeIgniter->runController(Object(App\Controllers\Transaksi))
 8 SYSTEMPATH\CodeIgniter.php(353): CodeIgniter\CodeIgniter->handleRequest(null, Object(Config\Cache), false)
 9 FCPATH\index.php(79): CodeIgniter\CodeIgniter->run()
10 SYSTEMPATH\Commands\Server\rewrite.php(47): require_once('C:\\Users\\atiz2\\Downloads\\ecomerce5\\admin2\\public\\index.php')
INFO - 2024-10-24 04:59:01 --> Session: Class initialized using 'CodeIgniter\Session\Handlers\FileHandler' driver.
INFO - 2024-10-24 05:04:53 --> Session: Class initialized using 'CodeIgniter\Session\Handlers\FileHandler' driver.
CRITICAL - 2024-10-24 05:04:53 --> Undefined variable $gaji
in APPPATH\Views\transaksi\indexpakaian.php on line 89.
 1 APPPATH\Views\transaksi\indexpakaian.php(89): CodeIgniter\Debug\Exceptions->errorHandler(2, 'Undefined variable $gaji', 'C:\\Users\\atiz2\\Downloads\\ecomerce5\\admin2\\app\\Views\\transaksi\\indexpakaian.php', 89)
 2 SYSTEMPATH\View\View.php(226): include('C:\\Users\\atiz2\\Downloads\\ecomerce5\\admin2\\app\\Views\\transaksi\\indexpakaian.php')
 3 SYSTEMPATH\View\View.php(229): CodeIgniter\View\View->CodeIgniter\View\{closure}()
 4 SYSTEMPATH\Common.php(1188): CodeIgniter\View\View->render('transaksi/indexpakaian', [], true)
 5 APPPATH\Controllers\transaksi.php(123): view('transaksi/indexpakaian', [...])
 6 SYSTEMPATH\CodeIgniter.php(919): App\Controllers\Transaksi->indexpakaian()
 7 SYSTEMPATH\CodeIgniter.php(494): CodeIgniter\CodeIgniter->runController(Object(App\Controllers\Transaksi))
 8 SYSTEMPATH\CodeIgniter.php(353): CodeIgniter\CodeIgniter->handleRequest(null, Object(Config\Cache), false)
 9 FCPATH\index.php(79): CodeIgniter\CodeIgniter->run()
10 SYSTEMPATH\Commands\Server\rewrite.php(47): require_once('C:\\Users\\atiz2\\Downloads\\ecomerce5\\admin2\\public\\index.php')
INFO - 2024-10-24 05:05:01 --> Session: Class initialized using 'CodeIgniter\Session\Handlers\FileHandler' driver.
INFO - 2024-10-24 05:09:30 --> Session: Class initialized using 'CodeIgniter\Session\Handlers\FileHandler' driver.
CRITICAL - 2024-10-24 05:09:30 --> Undefined variable $gaji
in APPPATH\Views\transaksi\indexpakaian.php on line 89.
 1 APPPATH\Views\transaksi\indexpakaian.php(89): CodeIgniter\Debug\Exceptions->errorHandler(2, 'Undefined variable $gaji', 'C:\\Users\\atiz2\\Downloads\\ecomerce5\\admin2\\app\\Views\\transaksi\\indexpakaian.php', 89)
 2 SYSTEMPATH\View\View.php(226): include('C:\\Users\\atiz2\\Downloads\\ecomerce5\\admin2\\app\\Views\\transaksi\\indexpakaian.php')
 3 SYSTEMPATH\View\View.php(229): CodeIgniter\View\View->CodeIgniter\View\{closure}()
 4 SYSTEMPATH\Common.php(1188): CodeIgniter\View\View->render('transaksi/indexpakaian', [], true)
 5 APPPATH\Controllers\transaksi.php(123): view('transaksi/indexpakaian', [...])
 6 SYSTEMPATH\CodeIgniter.php(919): App\Controllers\Transaksi->indexpakaian()
 7 SYSTEMPATH\CodeIgniter.php(494): CodeIgniter\CodeIgniter->runController(Object(App\Controllers\Transaksi))
 8 SYSTEMPATH\CodeIgniter.php(353): CodeIgniter\CodeIgniter->handleRequest(null, Object(Config\Cache), false)
 9 FCPATH\index.php(79): CodeIgniter\CodeIgniter->run()
10 SYSTEMPATH\Commands\Server\rewrite.php(47): require_once('C:\\Users\\atiz2\\Downloads\\ecomerce5\\admin2\\public\\index.php')
INFO - 2024-10-24 05:11:08 --> Session: Class initialized using 'CodeIgniter\Session\Handlers\FileHandler' driver.
INFO - 2024-10-24 05:13:24 --> Session: Class initialized using 'CodeIgniter\Session\Handlers\FileHandler' driver.
CRITICAL - 2024-10-24 05:13:24 --> Undefined array key "kategori"
in APPPATH\Views\transaksi\indexpakaian.php on line 90.
 1 APPPATH\Views\transaksi\indexpakaian.php(90): CodeIgniter\Debug\Exceptions->errorHandler(2, 'Undefined array key "kategori"', 'C:\\Users\\atiz2\\Downloads\\ecomerce5\\admin2\\app\\Views\\transaksi\\indexpakaian.php', 90)
 2 SYSTEMPATH\View\View.php(226): include('C:\\Users\\atiz2\\Downloads\\ecomerce5\\admin2\\app\\Views\\transaksi\\indexpakaian.php')
 3 SYSTEMPATH\View\View.php(229): CodeIgniter\View\View->CodeIgniter\View\{closure}()
 4 SYSTEMPATH\Common.php(1188): CodeIgniter\View\View->render('transaksi/indexpakaian', [], true)
 5 APPPATH\Controllers\transaksi.php(114): view('transaksi/indexpakaian', [...])
 6 SYSTEMPATH\CodeIgniter.php(919): App\Controllers\Transaksi->indexpakaian()
 7 SYSTEMPATH\CodeIgniter.php(494): CodeIgniter\CodeIgniter->runController(Object(App\Controllers\Transaksi))
 8 SYSTEMPATH\CodeIgniter.php(353): CodeIgniter\CodeIgniter->handleRequest(null, Object(Config\Cache), false)
 9 FCPATH\index.php(79): CodeIgniter\CodeIgniter->run()
10 SYSTEMPATH\Commands\Server\rewrite.php(47): require_once('C:\\Users\\atiz2\\Downloads\\ecomerce5\\admin2\\public\\index.php')
INFO - 2024-10-24 05:13:47 --> Session: Class initialized using 'CodeIgniter\Session\Handlers\FileHandler' driver.
CRITICAL - 2024-10-24 05:13:47 --> Undefined array key "kategori"
in APPPATH\Views\transaksi\indexpakaian.php on line 90.
 1 APPPATH\Views\transaksi\indexpakaian.php(90): CodeIgniter\Debug\Exceptions->errorHandler(2, 'Undefined array key "kategori"', 'C:\\Users\\atiz2\\Downloads\\ecomerce5\\admin2\\app\\Views\\transaksi\\indexpakaian.php', 90)
 2 SYSTEMPATH\View\View.php(226): include('C:\\Users\\atiz2\\Downloads\\ecomerce5\\admin2\\app\\Views\\transaksi\\indexpakaian.php')
 3 SYSTEMPATH\View\View.php(229): CodeIgniter\View\View->CodeIgniter\View\{closure}()
 4 SYSTEMPATH\Common.php(1188): CodeIgniter\View\View->render('transaksi/indexpakaian', [], true)
 5 APPPATH\Controllers\transaksi.php(114): view('transaksi/indexpakaian', [...])
 6 SYSTEMPATH\CodeIgniter.php(919): App\Controllers\Transaksi->indexpakaian()
 7 SYSTEMPATH\CodeIgniter.php(494): CodeIgniter\CodeIgniter->runController(Object(App\Controllers\Transaksi))
 8 SYSTEMPATH\CodeIgniter.php(353): CodeIgniter\CodeIgniter->handleRequest(null, Object(Config\Cache), false)
 9 FCPATH\index.php(79): CodeIgniter\CodeIgniter->run()
10 SYSTEMPATH\Commands\Server\rewrite.php(47): require_once('C:\\Users\\atiz2\\Downloads\\ecomerce5\\admin2\\public\\index.php')
INFO - 2024-10-24 05:14:08 --> Session: Class initialized using 'CodeIgniter\Session\Handlers\FileHandler' driver.
CRITICAL - 2024-10-24 05:14:08 --> Undefined array key "kategori"
in APPPATH\Views\transaksi\indexpakaian.php on line 90.
 1 APPPATH\Views\transaksi\indexpakaian.php(90): CodeIgniter\Debug\Exceptions->errorHandler(2, 'Undefined array key "kategori"', 'C:\\Users\\atiz2\\Downloads\\ecomerce5\\admin2\\app\\Views\\transaksi\\indexpakaian.php', 90)
 2 SYSTEMPATH\View\View.php(226): include('C:\\Users\\atiz2\\Downloads\\ecomerce5\\admin2\\app\\Views\\transaksi\\indexpakaian.php')
 3 SYSTEMPATH\View\View.php(229): CodeIgniter\View\View->CodeIgniter\View\{closure}()
 4 SYSTEMPATH\Common.php(1188): CodeIgniter\View\View->render('transaksi/indexpakaian', [], true)
 5 APPPATH\Controllers\transaksi.php(114): view('transaksi/indexpakaian', [...])
 6 SYSTEMPATH\CodeIgniter.php(919): App\Controllers\Transaksi->indexpakaian()
 7 SYSTEMPATH\CodeIgniter.php(494): CodeIgniter\CodeIgniter->runController(Object(App\Controllers\Transaksi))
 8 SYSTEMPATH\CodeIgniter.php(353): CodeIgniter\CodeIgniter->handleRequest(null, Object(Config\Cache), false)
 9 FCPATH\index.php(79): CodeIgniter\CodeIgniter->run()
10 SYSTEMPATH\Commands\Server\rewrite.php(47): require_once('C:\\Users\\atiz2\\Downloads\\ecomerce5\\admin2\\public\\index.php')
INFO - 2024-10-24 05:15:48 --> Session: Class initialized using 'CodeIgniter\Session\Handlers\FileHandler' driver.
INFO - 2024-10-24 05:15:57 --> Session: Class initialized using 'CodeIgniter\Session\Handlers\FileHandler' driver.
INFO - 2024-10-24 05:15:59 --> Session: Class initialized using 'CodeIgniter\Session\Handlers\FileHandler' driver.
INFO - 2024-10-24 05:16:14 --> Session: Class initialized using 'CodeIgniter\Session\Handlers\FileHandler' driver.
INFO - 2024-10-24 05:21:05 --> Session: Class initialized using 'CodeIgniter\Session\Handlers\FileHandler' driver.
INFO - 2024-10-24 05:21:10 --> Session: Class initialized using 'CodeIgniter\Session\Handlers\FileHandler' driver.
INFO - 2024-10-24 05:21:34 --> Session: Class initialized using 'CodeIgniter\Session\Handlers\FileHandler' driver.
INFO - 2024-10-24 05:21:56 --> Session: Class initialized using 'CodeIgniter\Session\Handlers\FileHandler' driver.
INFO - 2024-10-24 05:22:12 --> Session: Class initialized using 'CodeIgniter\Session\Handlers\FileHandler' driver.
INFO - 2024-10-24 05:22:17 --> Session: Class initialized using 'CodeIgniter\Session\Handlers\FileHandler' driver.
INFO - 2024-10-24 05:22:29 --> Session: Class initialized using 'CodeIgniter\Session\Handlers\FileHandler' driver.
INFO - 2024-10-24 05:22:41 --> Session: Class initialized using 'CodeIgniter\Session\Handlers\FileHandler' driver.
INFO - 2024-10-24 05:22:45 --> Session: Class initialized using 'CodeIgniter\Session\Handlers\FileHandler' driver.
INFO - 2024-10-24 05:22:49 --> Session: Class initialized using 'CodeIgniter\Session\Handlers\FileHandler' driver.
INFO - 2024-10-24 05:22:56 --> Session: Class initialized using 'CodeIgniter\Session\Handlers\FileHandler' driver.
INFO - 2024-10-24 05:29:18 --> Session: Class initialized using 'CodeIgniter\Session\Handlers\FileHandler' driver.
INFO - 2024-10-24 05:29:23 --> Session: Class initialized using 'CodeIgniter\Session\Handlers\FileHandler' driver.
INFO - 2024-10-24 05:42:29 --> Session: Class initialized using 'CodeIgniter\Session\Handlers\FileHandler' driver.
INFO - 2024-10-24 05:42:34 --> Session: Class initialized using 'CodeIgniter\Session\Handlers\FileHandler' driver.
INFO - 2024-10-24 05:42:41 --> Session: Class initialized using 'CodeIgniter\Session\Handlers\FileHandler' driver.
INFO - 2024-10-24 05:44:17 --> Session: Class initialized using 'CodeIgniter\Session\Handlers\FileHandler' driver.
INFO - 2024-10-24 05:44:21 --> Session: Class initialized using 'CodeIgniter\Session\Handlers\FileHandler' driver.
INFO - 2024-10-24 05:45:20 --> Session: Class initialized using 'CodeIgniter\Session\Handlers\FileHandler' driver.
INFO - 2024-10-24 05:45:26 --> Session: Class initialized using 'CodeIgniter\Session\Handlers\FileHandler' driver.
INFO - 2024-10-24 05:46:08 --> Session: Class initialized using 'CodeIgniter\Session\Handlers\FileHandler' driver.
INFO - 2024-10-24 05:46:08 --> Session: Class initialized using 'CodeIgniter\Session\Handlers\FileHandler' driver.
INFO - 2024-10-24 05:46:23 --> Session: Class initialized using 'CodeIgniter\Session\Handlers\FileHandler' driver.
INFO - 2024-10-24 05:46:33 --> Session: Class initialized using 'CodeIgniter\Session\Handlers\FileHandler' driver.
INFO - 2024-10-24 05:46:38 --> Session: Class initialized using 'CodeIgniter\Session\Handlers\FileHandler' driver.
INFO - 2024-10-24 05:46:49 --> Session: Class initialized using 'CodeIgniter\Session\Handlers\FileHandler' driver.
INFO - 2024-10-24 05:46:50 --> Session: Class initialized using 'CodeIgniter\Session\Handlers\FileHandler' driver.
INFO - 2024-10-24 05:46:54 --> Session: Class initialized using 'CodeIgniter\Session\Handlers\FileHandler' driver.
