ERROR - 2024-01-02 08:56:05 --> Error connecting to the database: mysqli_sql_exception: Unknown database 'admindua' in C:\Users\HP\Downloads\admindua\admin2\system\Database\MySQLi\Connection.php:184
Stack trace:
#0 C:\Users\HP\Downloads\admindua\admin2\system\Database\MySQLi\Connection.php(184): mysqli->real_connect('localhost', 'root', Object(SensitiveParameterValue), 'admindua', 3306, '', 0)
#1 C:\Users\HP\Downloads\admindua\admin2\system\Database\BaseConnection.php(391): CodeIgniter\Database\MySQLi\Connection->connect(false)
#2 C:\Users\HP\Downloads\admindua\admin2\system\Database\BaseConnection.php(574): CodeIgniter\Database\BaseConnection->initialize()
#3 C:\Users\HP\Downloads\admindua\admin2\system\Database\BaseBuilder.php(1615): CodeIgniter\Database\BaseConnection->query('SELECT *\nFROM `...', Array, false)
#4 C:\Users\HP\Downloads\admindua\admin2\system\Model.php(264): CodeIgniter\Database\BaseBuilder->get()
#5 C:\Users\HP\Downloads\admindua\admin2\system\BaseModel.php(662): CodeIgniter\Model->doFirst()
#6 C:\Users\HP\Downloads\admindua\admin2\app\Controllers\Home.php(19): CodeIgniter\BaseModel->first()
#7 C:\Users\HP\Downloads\admindua\admin2\system\CodeIgniter.php(919): App\Controllers\Home->val_user()
#8 C:\Users\HP\Downloads\admindua\admin2\system\CodeIgniter.php(494): CodeIgniter\CodeIgniter->runController(Object(App\Controllers\Home))
#9 C:\Users\HP\Downloads\admindua\admin2\system\CodeIgniter.php(353): CodeIgniter\CodeIgniter->handleRequest(NULL, Object(Config\Cache), false)
#10 C:\Users\HP\Downloads\admindua\admin2\public\index.php(79): CodeIgniter\CodeIgniter->run()
#11 C:\Users\HP\Downloads\admindua\admin2\system\Commands\Server\rewrite.php(47): require_once('C:\\Users\\HP\\Dow...')
#12 {main}

Next CodeIgniter\Database\Exceptions\DatabaseException: Unknown database 'admindua' in C:\Users\HP\Downloads\admindua\admin2\system\Database\MySQLi\Connection.php:229
Stack trace:
#0 C:\Users\HP\Downloads\admindua\admin2\system\Database\BaseConnection.php(391): CodeIgniter\Database\MySQLi\Connection->connect(false)
#1 C:\Users\HP\Downloads\admindua\admin2\system\Database\BaseConnection.php(574): CodeIgniter\Database\BaseConnection->initialize()
#2 C:\Users\HP\Downloads\admindua\admin2\system\Database\BaseBuilder.php(1615): CodeIgniter\Database\BaseConnection->query('SELECT *\nFROM `...', Array, false)
#3 C:\Users\HP\Downloads\admindua\admin2\system\Model.php(264): CodeIgniter\Database\BaseBuilder->get()
#4 C:\Users\HP\Downloads\admindua\admin2\system\BaseModel.php(662): CodeIgniter\Model->doFirst()
#5 C:\Users\HP\Downloads\admindua\admin2\app\Controllers\Home.php(19): CodeIgniter\BaseModel->first()
#6 C:\Users\HP\Downloads\admindua\admin2\system\CodeIgniter.php(919): App\Controllers\Home->val_user()
#7 C:\Users\HP\Downloads\admindua\admin2\system\CodeIgniter.php(494): CodeIgniter\CodeIgniter->runController(Object(App\Controllers\Home))
#8 C:\Users\HP\Downloads\admindua\admin2\system\CodeIgniter.php(353): CodeIgniter\CodeIgniter->handleRequest(NULL, Object(Config\Cache), false)
#9 C:\Users\HP\Downloads\admindua\admin2\public\index.php(79): CodeIgniter\CodeIgniter->run()
#10 C:\Users\HP\Downloads\admindua\admin2\system\Commands\Server\rewrite.php(47): require_once('C:\\Users\\HP\\Dow...')
#11 {main}
CRITICAL - 2024-01-02 08:56:05 --> Unable to connect to the database.
Main connection [MySQLi]: Unknown database 'admindua'
in SYSTEMPATH\Database\BaseConnection.php on line 427.
 1 SYSTEMPATH\Database\BaseConnection.php(574): CodeIgniter\Database\BaseConnection->initialize()
 2 SYSTEMPATH\Database\BaseBuilder.php(1615): CodeIgniter\Database\BaseConnection->query('SELECT *
FROM `user`
WHERE `email_user` = :email_user:
 LIMIT 1', [...], false)
 3 SYSTEMPATH\Model.php(264): CodeIgniter\Database\BaseBuilder->get()
 4 SYSTEMPATH\BaseModel.php(662): CodeIgniter\Model->doFirst()
 5 APPPATH\Controllers\Home.php(19): CodeIgniter\BaseModel->first()
 6 SYSTEMPATH\CodeIgniter.php(919): App\Controllers\Home->val_user()
 7 SYSTEMPATH\CodeIgniter.php(494): CodeIgniter\CodeIgniter->runController(Object(App\Controllers\Home))
 8 SYSTEMPATH\CodeIgniter.php(353): CodeIgniter\CodeIgniter->handleRequest(null, Object(Config\Cache), false)
 9 FCPATH\index.php(79): CodeIgniter\CodeIgniter->run()
10 SYSTEMPATH\Commands\Server\rewrite.php(47): require_once('C:\\Users\\HP\\Downloads\\admindua\\admin2\\public\\index.php')
ERROR - 2024-01-02 09:24:32 --> Error connecting to the database: mysqli_sql_exception: Unknown database 'admindua' in C:\Users\HP\Downloads\admindua\admin2\system\Database\MySQLi\Connection.php:184
Stack trace:
#0 C:\Users\HP\Downloads\admindua\admin2\system\Database\MySQLi\Connection.php(184): mysqli->real_connect('localhost', 'root', Object(SensitiveParameterValue), 'admindua', 3306, '', 0)
#1 C:\Users\HP\Downloads\admindua\admin2\system\Database\BaseConnection.php(391): CodeIgniter\Database\MySQLi\Connection->connect(false)
#2 C:\Users\HP\Downloads\admindua\admin2\system\Database\BaseConnection.php(574): CodeIgniter\Database\BaseConnection->initialize()
#3 C:\Users\HP\Downloads\admindua\admin2\system\Database\BaseBuilder.php(1615): CodeIgniter\Database\BaseConnection->query('SELECT *\nFROM `...', Array, false)
#4 C:\Users\HP\Downloads\admindua\admin2\system\Model.php(264): CodeIgniter\Database\BaseBuilder->get()
#5 C:\Users\HP\Downloads\admindua\admin2\system\BaseModel.php(662): CodeIgniter\Model->doFirst()
#6 C:\Users\HP\Downloads\admindua\admin2\app\Controllers\Home.php(19): CodeIgniter\BaseModel->first()
#7 C:\Users\HP\Downloads\admindua\admin2\system\CodeIgniter.php(919): App\Controllers\Home->val_user()
#8 C:\Users\HP\Downloads\admindua\admin2\system\CodeIgniter.php(494): CodeIgniter\CodeIgniter->runController(Object(App\Controllers\Home))
#9 C:\Users\HP\Downloads\admindua\admin2\system\CodeIgniter.php(353): CodeIgniter\CodeIgniter->handleRequest(NULL, Object(Config\Cache), false)
#10 C:\Users\HP\Downloads\admindua\admin2\public\index.php(79): CodeIgniter\CodeIgniter->run()
#11 C:\Users\HP\Downloads\admindua\admin2\system\Commands\Server\rewrite.php(47): require_once('C:\\Users\\HP\\Dow...')
#12 {main}

Next CodeIgniter\Database\Exceptions\DatabaseException: Unknown database 'admindua' in C:\Users\HP\Downloads\admindua\admin2\system\Database\MySQLi\Connection.php:229
Stack trace:
#0 C:\Users\HP\Downloads\admindua\admin2\system\Database\BaseConnection.php(391): CodeIgniter\Database\MySQLi\Connection->connect(false)
#1 C:\Users\HP\Downloads\admindua\admin2\system\Database\BaseConnection.php(574): CodeIgniter\Database\BaseConnection->initialize()
#2 C:\Users\HP\Downloads\admindua\admin2\system\Database\BaseBuilder.php(1615): CodeIgniter\Database\BaseConnection->query('SELECT *\nFROM `...', Array, false)
#3 C:\Users\HP\Downloads\admindua\admin2\system\Model.php(264): CodeIgniter\Database\BaseBuilder->get()
#4 C:\Users\HP\Downloads\admindua\admin2\system\BaseModel.php(662): CodeIgniter\Model->doFirst()
#5 C:\Users\HP\Downloads\admindua\admin2\app\Controllers\Home.php(19): CodeIgniter\BaseModel->first()
#6 C:\Users\HP\Downloads\admindua\admin2\system\CodeIgniter.php(919): App\Controllers\Home->val_user()
#7 C:\Users\HP\Downloads\admindua\admin2\system\CodeIgniter.php(494): CodeIgniter\CodeIgniter->runController(Object(App\Controllers\Home))
#8 C:\Users\HP\Downloads\admindua\admin2\system\CodeIgniter.php(353): CodeIgniter\CodeIgniter->handleRequest(NULL, Object(Config\Cache), false)
#9 C:\Users\HP\Downloads\admindua\admin2\public\index.php(79): CodeIgniter\CodeIgniter->run()
#10 C:\Users\HP\Downloads\admindua\admin2\system\Commands\Server\rewrite.php(47): require_once('C:\\Users\\HP\\Dow...')
#11 {main}
CRITICAL - 2024-01-02 09:24:32 --> Unable to connect to the database.
Main connection [MySQLi]: Unknown database 'admindua'
in SYSTEMPATH\Database\BaseConnection.php on line 427.
 1 SYSTEMPATH\Database\BaseConnection.php(574): CodeIgniter\Database\BaseConnection->initialize()
 2 SYSTEMPATH\Database\BaseBuilder.php(1615): CodeIgniter\Database\BaseConnection->query('SELECT *
FROM `user`
WHERE `email_user` = :email_user:
 LIMIT 1', [...], false)
 3 SYSTEMPATH\Model.php(264): CodeIgniter\Database\BaseBuilder->get()
 4 SYSTEMPATH\BaseModel.php(662): CodeIgniter\Model->doFirst()
 5 APPPATH\Controllers\Home.php(19): CodeIgniter\BaseModel->first()
 6 SYSTEMPATH\CodeIgniter.php(919): App\Controllers\Home->val_user()
 7 SYSTEMPATH\CodeIgniter.php(494): CodeIgniter\CodeIgniter->runController(Object(App\Controllers\Home))
 8 SYSTEMPATH\CodeIgniter.php(353): CodeIgniter\CodeIgniter->handleRequest(null, Object(Config\Cache), false)
 9 FCPATH\index.php(79): CodeIgniter\CodeIgniter->run()
10 SYSTEMPATH\Commands\Server\rewrite.php(47): require_once('C:\\Users\\HP\\Downloads\\admindua\\admin2\\public\\index.php')
CRITICAL - 2024-01-02 09:34:29 --> Invalid file: "dashboard.php"
in SYSTEMPATH\Exceptions\FrameworkException.php on line 39.
 1 SYSTEMPATH\View\View.php(214): CodeIgniter\Exceptions\FrameworkException::forInvalidFile('dashboard.php')
 2 SYSTEMPATH\Common.php(1188): CodeIgniter\View\View->render('dashboard', [], true)
 3 APPPATH\Controllers\Home.php(38): view('dashboard')
 4 SYSTEMPATH\CodeIgniter.php(919): App\Controllers\Home->dashboard()
 5 SYSTEMPATH\CodeIgniter.php(494): CodeIgniter\CodeIgniter->runController(Object(App\Controllers\Home))
 6 SYSTEMPATH\CodeIgniter.php(353): CodeIgniter\CodeIgniter->handleRequest(null, Object(Config\Cache), false)
 7 FCPATH\index.php(79): CodeIgniter\CodeIgniter->run()
 8 SYSTEMPATH\Commands\Server\rewrite.php(47): require_once('C:\\Users\\HP\\Downloads\\admindua\\admin2\\public\\index.php')
CRITICAL - 2024-01-02 09:35:59 --> Invalid file: "dashboard.php"
in SYSTEMPATH\Exceptions\FrameworkException.php on line 39.
 1 SYSTEMPATH\View\View.php(214): CodeIgniter\Exceptions\FrameworkException::forInvalidFile('dashboard.php')
 2 SYSTEMPATH\Common.php(1188): CodeIgniter\View\View->render('dashboard', [], true)
 3 APPPATH\Controllers\Home.php(38): view('dashboard')
 4 SYSTEMPATH\CodeIgniter.php(919): App\Controllers\Home->dashboard()
 5 SYSTEMPATH\CodeIgniter.php(494): CodeIgniter\CodeIgniter->runController(Object(App\Controllers\Home))
 6 SYSTEMPATH\CodeIgniter.php(353): CodeIgniter\CodeIgniter->handleRequest(null, Object(Config\Cache), false)
 7 FCPATH\index.php(79): CodeIgniter\CodeIgniter->run()
 8 SYSTEMPATH\Commands\Server\rewrite.php(47): require_once('C:\\Users\\HP\\Downloads\\admindua\\admin2\\public\\index.php')
CRITICAL - 2024-01-02 09:36:02 --> Invalid file: "dashboard.php"
in SYSTEMPATH\Exceptions\FrameworkException.php on line 39.
 1 SYSTEMPATH\View\View.php(214): CodeIgniter\Exceptions\FrameworkException::forInvalidFile('dashboard.php')
 2 SYSTEMPATH\Common.php(1188): CodeIgniter\View\View->render('dashboard', [], true)
 3 APPPATH\Controllers\Home.php(38): view('dashboard')
 4 SYSTEMPATH\CodeIgniter.php(919): App\Controllers\Home->dashboard()
 5 SYSTEMPATH\CodeIgniter.php(494): CodeIgniter\CodeIgniter->runController(Object(App\Controllers\Home))
 6 SYSTEMPATH\CodeIgniter.php(353): CodeIgniter\CodeIgniter->handleRequest(null, Object(Config\Cache), false)
 7 FCPATH\index.php(79): CodeIgniter\CodeIgniter->run()
 8 SYSTEMPATH\Commands\Server\rewrite.php(47): require_once('C:\\Users\\HP\\Downloads\\admindua\\admin2\\public\\index.php')
