INFO - 2024-04-01 06:54:19 --> Session: Class initialized using 'CodeIgniter\Session\Handlers\FileHandler' driver.
INFO - 2024-04-01 06:54:24 --> Session: Class initialized using 'CodeIgniter\Session\Handlers\FileHandler' driver.
INFO - 2024-04-01 06:54:26 --> Session: Class initialized using 'CodeIgniter\Session\Handlers\FileHandler' driver.
ERROR - 2024-04-01 06:54:47 --> mysqli_sql_exception: Cannot add or update a child row: a foreign key constraint fails (`user`.`gaji`, CONSTRAINT `gaji` FOREIGN KEY (`nip`) REFERENCES `karyawan` (`nip`) ON DELETE CASCADE ON UPDATE CASCADE) in C:\Users\rafi_atiz\Downloads\update finance\admin2\system\Database\MySQLi\Connection.php:306
Stack trace:
#0 C:\Users\rafi_atiz\Downloads\update finance\admin2\system\Database\MySQLi\Connection.php(306): mysqli->query('INSERT INTO `ga...', 0)
#1 C:\Users\rafi_atiz\Downloads\update finance\admin2\system\Database\BaseConnection.php(692): CodeIgniter\Database\MySQLi\Connection->execute('INSERT INTO `ga...')
#2 C:\Users\rafi_atiz\Downloads\update finance\admin2\system\Database\BaseConnection.php(606): CodeIgniter\Database\BaseConnection->simpleQuery('INSERT INTO `ga...')
#3 C:\Users\rafi_atiz\Downloads\update finance\admin2\system\Database\BaseBuilder.php(2308): CodeIgniter\Database\BaseConnection->query('INSERT INTO `ga...', Array, false)
#4 C:\Users\rafi_atiz\Downloads\update finance\admin2\system\Model.php(319): CodeIgniter\Database\BaseBuilder->insert()
#5 C:\Users\rafi_atiz\Downloads\update finance\admin2\system\BaseModel.php(788): CodeIgniter\Model->doInsert(Array)
#6 C:\Users\rafi_atiz\Downloads\update finance\admin2\system\Model.php(715): CodeIgniter\BaseModel->insert(Array, false)
#7 C:\Users\rafi_atiz\Downloads\update finance\admin2\system\BaseModel.php(698): CodeIgniter\Model->insert(Array, false)
#8 C:\Users\rafi_atiz\Downloads\update finance\admin2\app\Controllers\gaji.php(58): CodeIgniter\BaseModel->save(Array)
#9 C:\Users\rafi_atiz\Downloads\update finance\admin2\system\CodeIgniter.php(919): App\Controllers\gaji->simpan()
#10 C:\Users\rafi_atiz\Downloads\update finance\admin2\system\CodeIgniter.php(494): CodeIgniter\CodeIgniter->runController(Object(App\Controllers\gaji))
#11 C:\Users\rafi_atiz\Downloads\update finance\admin2\system\CodeIgniter.php(353): CodeIgniter\CodeIgniter->handleRequest(NULL, Object(Config\Cache), false)
#12 C:\Users\rafi_atiz\Downloads\update finance\admin2\public\index.php(79): CodeIgniter\CodeIgniter->run()
#13 C:\Users\rafi_atiz\Downloads\update finance\admin2\system\Commands\Server\rewrite.php(47): require_once('C:\\Users\\rafi_a...')
#14 {main}
CRITICAL - 2024-04-01 06:54:47 --> Cannot add or update a child row: a foreign key constraint fails (`user`.`gaji`, CONSTRAINT `gaji` FOREIGN KEY (`nip`) REFERENCES `karyawan` (`nip`) ON DELETE CASCADE ON UPDATE CASCADE)
in SYSTEMPATH\Database\BaseConnection.php on line 646.
 1 SYSTEMPATH\Database\BaseBuilder.php(2308): CodeIgniter\Database\BaseConnection->query('INSERT INTO `gaji` (`nama_bagian`, `nip`, `kd_bagian`, `nama_pegawai`, `gaji_bersih`) VALUES (:nama_bagian:, :nip:, :kd_bagian:, :nama_pegawai:, :gaji_bersih:)', [...], false)
 2 SYSTEMPATH\Model.php(319): CodeIgniter\Database\BaseBuilder->insert()
 3 SYSTEMPATH\BaseModel.php(788): CodeIgniter\Model->doInsert([...])
 4 SYSTEMPATH\Model.php(715): CodeIgniter\BaseModel->insert([...], false)
 5 SYSTEMPATH\BaseModel.php(698): CodeIgniter\Model->insert([...], false)
 6 APPPATH\Controllers\gaji.php(58): CodeIgniter\BaseModel->save([...])
 7 SYSTEMPATH\CodeIgniter.php(919): App\Controllers\gaji->simpan()
 8 SYSTEMPATH\CodeIgniter.php(494): CodeIgniter\CodeIgniter->runController(Object(App\Controllers\gaji))
 9 SYSTEMPATH\CodeIgniter.php(353): CodeIgniter\CodeIgniter->handleRequest(null, Object(Config\Cache), false)
10 FCPATH\index.php(79): CodeIgniter\CodeIgniter->run()
11 SYSTEMPATH\Commands\Server\rewrite.php(47): require_once('C:\\Users\\rafi_atiz\\Downloads\\update finance\\admin2\\public\\index.php')
INFO - 2024-04-01 07:14:46 --> Session: Class initialized using 'CodeIgniter\Session\Handlers\FileHandler' driver.
INFO - 2024-04-01 07:15:43 --> Session: Class initialized using 'CodeIgniter\Session\Handlers\FileHandler' driver.
INFO - 2024-04-01 07:16:12 --> Session: Class initialized using 'CodeIgniter\Session\Handlers\FileHandler' driver.
INFO - 2024-04-01 07:16:13 --> Session: Class initialized using 'CodeIgniter\Session\Handlers\FileHandler' driver.
INFO - 2024-04-01 07:16:25 --> Session: Class initialized using 'CodeIgniter\Session\Handlers\FileHandler' driver.
INFO - 2024-04-01 07:19:39 --> Session: Class initialized using 'CodeIgniter\Session\Handlers\FileHandler' driver.
INFO - 2024-04-01 07:19:55 --> Session: Class initialized using 'CodeIgniter\Session\Handlers\FileHandler' driver.
INFO - 2024-04-01 07:19:56 --> Session: Class initialized using 'CodeIgniter\Session\Handlers\FileHandler' driver.
INFO - 2024-04-01 07:21:31 --> Session: Class initialized using 'CodeIgniter\Session\Handlers\FileHandler' driver.
INFO - 2024-04-01 07:21:32 --> Session: Class initialized using 'CodeIgniter\Session\Handlers\FileHandler' driver.
INFO - 2024-04-01 07:25:36 --> Session: Class initialized using 'CodeIgniter\Session\Handlers\FileHandler' driver.
INFO - 2024-04-01 07:26:29 --> Session: Class initialized using 'CodeIgniter\Session\Handlers\FileHandler' driver.
INFO - 2024-04-01 07:26:38 --> Session: Class initialized using 'CodeIgniter\Session\Handlers\FileHandler' driver.
INFO - 2024-04-01 07:26:41 --> Session: Class initialized using 'CodeIgniter\Session\Handlers\FileHandler' driver.
INFO - 2024-04-01 07:26:43 --> Session: Class initialized using 'CodeIgniter\Session\Handlers\FileHandler' driver.
INFO - 2024-04-01 07:26:45 --> Session: Class initialized using 'CodeIgniter\Session\Handlers\FileHandler' driver.
INFO - 2024-04-01 07:26:46 --> Session: Class initialized using 'CodeIgniter\Session\Handlers\FileHandler' driver.
INFO - 2024-04-01 07:26:55 --> Session: Class initialized using 'CodeIgniter\Session\Handlers\FileHandler' driver.
INFO - 2024-04-01 07:26:58 --> Session: Class initialized using 'CodeIgniter\Session\Handlers\FileHandler' driver.
INFO - 2024-04-01 07:27:06 --> Session: Class initialized using 'CodeIgniter\Session\Handlers\FileHandler' driver.
INFO - 2024-04-01 07:27:08 --> Session: Class initialized using 'CodeIgniter\Session\Handlers\FileHandler' driver.
INFO - 2024-04-01 07:27:10 --> Session: Class initialized using 'CodeIgniter\Session\Handlers\FileHandler' driver.
INFO - 2024-04-01 07:27:19 --> Session: Class initialized using 'CodeIgniter\Session\Handlers\FileHandler' driver.
INFO - 2024-04-01 07:27:32 --> Session: Class initialized using 'CodeIgniter\Session\Handlers\FileHandler' driver.
INFO - 2024-04-01 07:27:33 --> Session: Class initialized using 'CodeIgniter\Session\Handlers\FileHandler' driver.
INFO - 2024-04-01 07:27:33 --> Session: Class initialized using 'CodeIgniter\Session\Handlers\FileHandler' driver.
INFO - 2024-04-01 07:27:33 --> Session: Class initialized using 'CodeIgniter\Session\Handlers\FileHandler' driver.
INFO - 2024-04-01 07:27:34 --> Session: Class initialized using 'CodeIgniter\Session\Handlers\FileHandler' driver.
INFO - 2024-04-01 07:27:35 --> Session: Class initialized using 'CodeIgniter\Session\Handlers\FileHandler' driver.
INFO - 2024-04-01 07:27:38 --> Session: Class initialized using 'CodeIgniter\Session\Handlers\FileHandler' driver.
INFO - 2024-04-01 07:27:46 --> Session: Class initialized using 'CodeIgniter\Session\Handlers\FileHandler' driver.
INFO - 2024-04-01 07:27:56 --> Session: Class initialized using 'CodeIgniter\Session\Handlers\FileHandler' driver.
INFO - 2024-04-01 07:28:04 --> Session: Class initialized using 'CodeIgniter\Session\Handlers\FileHandler' driver.
INFO - 2024-04-01 07:28:06 --> Session: Class initialized using 'CodeIgniter\Session\Handlers\FileHandler' driver.
INFO - 2024-04-01 07:28:10 --> Session: Class initialized using 'CodeIgniter\Session\Handlers\FileHandler' driver.
INFO - 2024-04-01 07:28:11 --> Session: Class initialized using 'CodeIgniter\Session\Handlers\FileHandler' driver.
INFO - 2024-04-01 07:28:12 --> Session: Class initialized using 'CodeIgniter\Session\Handlers\FileHandler' driver.
INFO - 2024-04-01 07:28:55 --> Session: Class initialized using 'CodeIgniter\Session\Handlers\FileHandler' driver.
INFO - 2024-04-01 07:31:05 --> Session: Class initialized using 'CodeIgniter\Session\Handlers\FileHandler' driver.
INFO - 2024-04-01 07:32:02 --> Session: Class initialized using 'CodeIgniter\Session\Handlers\FileHandler' driver.
INFO - 2024-04-01 07:32:03 --> Session: Class initialized using 'CodeIgniter\Session\Handlers\FileHandler' driver.
INFO - 2024-04-01 07:32:04 --> Session: Class initialized using 'CodeIgniter\Session\Handlers\FileHandler' driver.
INFO - 2024-04-01 07:32:09 --> Session: Class initialized using 'CodeIgniter\Session\Handlers\FileHandler' driver.
INFO - 2024-04-01 07:33:27 --> Session: Class initialized using 'CodeIgniter\Session\Handlers\FileHandler' driver.
INFO - 2024-04-01 07:33:28 --> Session: Class initialized using 'CodeIgniter\Session\Handlers\FileHandler' driver.
INFO - 2024-04-01 07:33:28 --> Session: Class initialized using 'CodeIgniter\Session\Handlers\FileHandler' driver.
INFO - 2024-04-01 07:33:29 --> Session: Class initialized using 'CodeIgniter\Session\Handlers\FileHandler' driver.
INFO - 2024-04-01 07:33:30 --> Session: Class initialized using 'CodeIgniter\Session\Handlers\FileHandler' driver.
INFO - 2024-04-01 07:33:30 --> Session: Class initialized using 'CodeIgniter\Session\Handlers\FileHandler' driver.
INFO - 2024-04-01 07:33:31 --> Session: Class initialized using 'CodeIgniter\Session\Handlers\FileHandler' driver.
INFO - 2024-04-01 07:33:31 --> Session: Class initialized using 'CodeIgniter\Session\Handlers\FileHandler' driver.
INFO - 2024-04-01 07:33:37 --> Session: Class initialized using 'CodeIgniter\Session\Handlers\FileHandler' driver.
INFO - 2024-04-01 07:33:41 --> Session: Class initialized using 'CodeIgniter\Session\Handlers\FileHandler' driver.
INFO - 2024-04-01 07:33:44 --> Session: Class initialized using 'CodeIgniter\Session\Handlers\FileHandler' driver.
INFO - 2024-04-01 07:33:45 --> Session: Class initialized using 'CodeIgniter\Session\Handlers\FileHandler' driver.
INFO - 2024-04-01 07:33:46 --> Session: Class initialized using 'CodeIgniter\Session\Handlers\FileHandler' driver.
INFO - 2024-04-01 07:33:46 --> Session: Class initialized using 'CodeIgniter\Session\Handlers\FileHandler' driver.
INFO - 2024-04-01 07:33:47 --> Session: Class initialized using 'CodeIgniter\Session\Handlers\FileHandler' driver.
INFO - 2024-04-01 07:33:47 --> Session: Class initialized using 'CodeIgniter\Session\Handlers\FileHandler' driver.
INFO - 2024-04-01 07:33:50 --> Session: Class initialized using 'CodeIgniter\Session\Handlers\FileHandler' driver.
INFO - 2024-04-01 07:33:51 --> Session: Class initialized using 'CodeIgniter\Session\Handlers\FileHandler' driver.
INFO - 2024-04-01 07:38:24 --> Session: Class initialized using 'CodeIgniter\Session\Handlers\FileHandler' driver.
INFO - 2024-04-01 07:38:24 --> Session: Class initialized using 'CodeIgniter\Session\Handlers\FileHandler' driver.
INFO - 2024-04-01 07:38:26 --> Session: Class initialized using 'CodeIgniter\Session\Handlers\FileHandler' driver.
INFO - 2024-04-01 07:38:26 --> Session: Class initialized using 'CodeIgniter\Session\Handlers\FileHandler' driver.
INFO - 2024-04-01 07:38:27 --> Session: Class initialized using 'CodeIgniter\Session\Handlers\FileHandler' driver.
INFO - 2024-04-01 07:38:27 --> Session: Class initialized using 'CodeIgniter\Session\Handlers\FileHandler' driver.
INFO - 2024-04-01 07:38:27 --> Session: Class initialized using 'CodeIgniter\Session\Handlers\FileHandler' driver.
INFO - 2024-04-01 07:38:27 --> Session: Class initialized using 'CodeIgniter\Session\Handlers\FileHandler' driver.
INFO - 2024-04-01 07:38:28 --> Session: Class initialized using 'CodeIgniter\Session\Handlers\FileHandler' driver.
INFO - 2024-04-01 07:38:28 --> Session: Class initialized using 'CodeIgniter\Session\Handlers\FileHandler' driver.
INFO - 2024-04-01 07:38:28 --> Session: Class initialized using 'CodeIgniter\Session\Handlers\FileHandler' driver.
INFO - 2024-04-01 07:38:29 --> Session: Class initialized using 'CodeIgniter\Session\Handlers\FileHandler' driver.
INFO - 2024-04-01 07:38:29 --> Session: Class initialized using 'CodeIgniter\Session\Handlers\FileHandler' driver.
INFO - 2024-04-01 07:38:29 --> Session: Class initialized using 'CodeIgniter\Session\Handlers\FileHandler' driver.
INFO - 2024-04-01 07:38:37 --> Session: Class initialized using 'CodeIgniter\Session\Handlers\FileHandler' driver.
INFO - 2024-04-01 07:38:37 --> Session: Class initialized using 'CodeIgniter\Session\Handlers\FileHandler' driver.
INFO - 2024-04-01 07:40:54 --> Session: Class initialized using 'CodeIgniter\Session\Handlers\FileHandler' driver.
INFO - 2024-04-01 07:40:55 --> Session: Class initialized using 'CodeIgniter\Session\Handlers\FileHandler' driver.
INFO - 2024-04-01 07:40:55 --> Session: Class initialized using 'CodeIgniter\Session\Handlers\FileHandler' driver.
INFO - 2024-04-01 07:40:55 --> Session: Class initialized using 'CodeIgniter\Session\Handlers\FileHandler' driver.
INFO - 2024-04-01 07:40:56 --> Session: Class initialized using 'CodeIgniter\Session\Handlers\FileHandler' driver.
INFO - 2024-04-01 07:40:56 --> Session: Class initialized using 'CodeIgniter\Session\Handlers\FileHandler' driver.
INFO - 2024-04-01 07:40:57 --> Session: Class initialized using 'CodeIgniter\Session\Handlers\FileHandler' driver.
INFO - 2024-04-01 07:40:57 --> Session: Class initialized using 'CodeIgniter\Session\Handlers\FileHandler' driver.
INFO - 2024-04-01 07:40:57 --> Session: Class initialized using 'CodeIgniter\Session\Handlers\FileHandler' driver.
INFO - 2024-04-01 07:40:57 --> Session: Class initialized using 'CodeIgniter\Session\Handlers\FileHandler' driver.
INFO - 2024-04-01 07:40:58 --> Session: Class initialized using 'CodeIgniter\Session\Handlers\FileHandler' driver.
INFO - 2024-04-01 07:40:58 --> Session: Class initialized using 'CodeIgniter\Session\Handlers\FileHandler' driver.
INFO - 2024-04-01 07:40:58 --> Session: Class initialized using 'CodeIgniter\Session\Handlers\FileHandler' driver.
INFO - 2024-04-01 07:41:00 --> Session: Class initialized using 'CodeIgniter\Session\Handlers\FileHandler' driver.
INFO - 2024-04-01 07:41:02 --> Session: Class initialized using 'CodeIgniter\Session\Handlers\FileHandler' driver.
INFO - 2024-04-01 07:41:15 --> Session: Class initialized using 'CodeIgniter\Session\Handlers\FileHandler' driver.
INFO - 2024-04-01 07:41:19 --> Session: Class initialized using 'CodeIgniter\Session\Handlers\FileHandler' driver.
INFO - 2024-04-01 07:42:47 --> Session: Class initialized using 'CodeIgniter\Session\Handlers\FileHandler' driver.
INFO - 2024-04-01 07:42:54 --> Session: Class initialized using 'CodeIgniter\Session\Handlers\FileHandler' driver.
INFO - 2024-04-01 07:45:00 --> Session: Class initialized using 'CodeIgniter\Session\Handlers\FileHandler' driver.
INFO - 2024-04-01 07:45:01 --> Session: Class initialized using 'CodeIgniter\Session\Handlers\FileHandler' driver.
INFO - 2024-04-01 07:45:01 --> Session: Class initialized using 'CodeIgniter\Session\Handlers\FileHandler' driver.
INFO - 2024-04-01 07:45:06 --> Session: Class initialized using 'CodeIgniter\Session\Handlers\FileHandler' driver.
INFO - 2024-04-01 07:45:07 --> Session: Class initialized using 'CodeIgniter\Session\Handlers\FileHandler' driver.
INFO - 2024-04-01 07:45:16 --> Session: Class initialized using 'CodeIgniter\Session\Handlers\FileHandler' driver.
INFO - 2024-04-01 07:45:16 --> Session: Class initialized using 'CodeIgniter\Session\Handlers\FileHandler' driver.
INFO - 2024-04-01 07:45:16 --> Session: Class initialized using 'CodeIgniter\Session\Handlers\FileHandler' driver.
INFO - 2024-04-01 07:45:19 --> Session: Class initialized using 'CodeIgniter\Session\Handlers\FileHandler' driver.
CRITICAL - 2024-04-01 07:49:20 --> Undefined property: App\Controllers\gaji::$bagianModel
in APPPATH\Controllers\gaji.php on line 65.
 1 APPPATH\Controllers\gaji.php(65): CodeIgniter\Debug\Exceptions->errorHandler(2, 'Undefined property: App\\Controllers\\gaji::$bagianModel', 'C:\\Users\\rafi_atiz\\Downloads\\update finance\\admin2\\app\\Controllers\\gaji.php', 65)
 2 SYSTEMPATH\CodeIgniter.php(919): App\Controllers\gaji->simpan()
 3 SYSTEMPATH\CodeIgniter.php(494): CodeIgniter\CodeIgniter->runController(Object(App\Controllers\gaji))
 4 SYSTEMPATH\CodeIgniter.php(353): CodeIgniter\CodeIgniter->handleRequest(null, Object(Config\Cache), false)
 5 FCPATH\index.php(79): CodeIgniter\CodeIgniter->run()
 6 SYSTEMPATH\Commands\Server\rewrite.php(47): require_once('C:\\Users\\rafi_atiz\\Downloads\\update finance\\admin2\\public\\index.php')
INFO - 2024-04-01 07:51:26 --> Session: Class initialized using 'CodeIgniter\Session\Handlers\FileHandler' driver.
CRITICAL - 2024-04-01 07:51:27 --> Class "App\Models\KaryawanModel" not found
in APPPATH\Controllers\gaji.php on line 29.
 1 SYSTEMPATH\CodeIgniter.php(919): App\Controllers\gaji->tambahgaji()
 2 SYSTEMPATH\CodeIgniter.php(494): CodeIgniter\CodeIgniter->runController(Object(App\Controllers\gaji))
 3 SYSTEMPATH\CodeIgniter.php(353): CodeIgniter\CodeIgniter->handleRequest(null, Object(Config\Cache), false)
 4 FCPATH\index.php(79): CodeIgniter\CodeIgniter->run()
 5 SYSTEMPATH\Commands\Server\rewrite.php(47): require_once('C:\\Users\\rafi_atiz\\Downloads\\update finance\\admin2\\public\\index.php')
INFO - 2024-04-01 07:51:29 --> Session: Class initialized using 'CodeIgniter\Session\Handlers\FileHandler' driver.
INFO - 2024-04-01 07:51:30 --> Session: Class initialized using 'CodeIgniter\Session\Handlers\FileHandler' driver.
CRITICAL - 2024-04-01 07:51:30 --> Class "App\Models\KaryawanModel" not found
in APPPATH\Controllers\gaji.php on line 29.
 1 SYSTEMPATH\CodeIgniter.php(919): App\Controllers\gaji->tambahgaji()
 2 SYSTEMPATH\CodeIgniter.php(494): CodeIgniter\CodeIgniter->runController(Object(App\Controllers\gaji))
 3 SYSTEMPATH\CodeIgniter.php(353): CodeIgniter\CodeIgniter->handleRequest(null, Object(Config\Cache), false)
 4 FCPATH\index.php(79): CodeIgniter\CodeIgniter->run()
 5 SYSTEMPATH\Commands\Server\rewrite.php(47): require_once('C:\\Users\\rafi_atiz\\Downloads\\update finance\\admin2\\public\\index.php')
INFO - 2024-04-01 07:52:23 --> Session: Class initialized using 'CodeIgniter\Session\Handlers\FileHandler' driver.
CRITICAL - 2024-04-01 07:52:29 --> Undefined property: App\Controllers\gaji::$bagianModel
in APPPATH\Controllers\gaji.php on line 65.
 1 APPPATH\Controllers\gaji.php(65): CodeIgniter\Debug\Exceptions->errorHandler(2, 'Undefined property: App\\Controllers\\gaji::$bagianModel', 'C:\\Users\\rafi_atiz\\Downloads\\update finance\\admin2\\app\\Controllers\\gaji.php', 65)
 2 SYSTEMPATH\CodeIgniter.php(919): App\Controllers\gaji->simpan()
 3 SYSTEMPATH\CodeIgniter.php(494): CodeIgniter\CodeIgniter->runController(Object(App\Controllers\gaji))
 4 SYSTEMPATH\CodeIgniter.php(353): CodeIgniter\CodeIgniter->handleRequest(null, Object(Config\Cache), false)
 5 FCPATH\index.php(79): CodeIgniter\CodeIgniter->run()
 6 SYSTEMPATH\Commands\Server\rewrite.php(47): require_once('C:\\Users\\rafi_atiz\\Downloads\\update finance\\admin2\\public\\index.php')
CRITICAL - 2024-04-01 07:52:29 --> Undefined property: App\Controllers\gaji::$bagianModel
in APPPATH\Controllers\gaji.php on line 65.
 1 APPPATH\Controllers\gaji.php(65): CodeIgniter\Debug\Exceptions->errorHandler(2, 'Undefined property: App\\Controllers\\gaji::$bagianModel', 'C:\\Users\\rafi_atiz\\Downloads\\update finance\\admin2\\app\\Controllers\\gaji.php', 65)
 2 SYSTEMPATH\CodeIgniter.php(919): App\Controllers\gaji->simpan()
 3 SYSTEMPATH\CodeIgniter.php(494): CodeIgniter\CodeIgniter->runController(Object(App\Controllers\gaji))
 4 SYSTEMPATH\CodeIgniter.php(353): CodeIgniter\CodeIgniter->handleRequest(null, Object(Config\Cache), false)
 5 FCPATH\index.php(79): CodeIgniter\CodeIgniter->run()
 6 SYSTEMPATH\Commands\Server\rewrite.php(47): require_once('C:\\Users\\rafi_atiz\\Downloads\\update finance\\admin2\\public\\index.php')
INFO - 2024-04-01 07:55:09 --> Session: Class initialized using 'CodeIgniter\Session\Handlers\FileHandler' driver.
CRITICAL - 2024-04-01 07:55:09 --> Class "App\Controllers\BagianModel" not found
in APPPATH\Controllers\gaji.php on line 16.
 1 SYSTEMPATH\CodeIgniter.php(891): App\Controllers\gaji->__construct()
 2 SYSTEMPATH\CodeIgniter.php(485): CodeIgniter\CodeIgniter->createController()
 3 SYSTEMPATH\CodeIgniter.php(353): CodeIgniter\CodeIgniter->handleRequest(null, Object(Config\Cache), false)
 4 FCPATH\index.php(79): CodeIgniter\CodeIgniter->run()
 5 SYSTEMPATH\Commands\Server\rewrite.php(47): require_once('C:\\Users\\rafi_atiz\\Downloads\\update finance\\admin2\\public\\index.php')
INFO - 2024-04-01 07:55:12 --> Session: Class initialized using 'CodeIgniter\Session\Handlers\FileHandler' driver.
CRITICAL - 2024-04-01 07:55:12 --> Class "App\Controllers\BagianModel" not found
in APPPATH\Controllers\gaji.php on line 16.
 1 SYSTEMPATH\CodeIgniter.php(891): App\Controllers\gaji->__construct()
 2 SYSTEMPATH\CodeIgniter.php(485): CodeIgniter\CodeIgniter->createController()
 3 SYSTEMPATH\CodeIgniter.php(353): CodeIgniter\CodeIgniter->handleRequest(null, Object(Config\Cache), false)
 4 FCPATH\index.php(79): CodeIgniter\CodeIgniter->run()
 5 SYSTEMPATH\Commands\Server\rewrite.php(47): require_once('C:\\Users\\rafi_atiz\\Downloads\\update finance\\admin2\\public\\index.php')
INFO - 2024-04-01 07:55:12 --> Session: Class initialized using 'CodeIgniter\Session\Handlers\FileHandler' driver.
CRITICAL - 2024-04-01 07:55:12 --> Class "App\Controllers\BagianModel" not found
in APPPATH\Controllers\gaji.php on line 16.
 1 SYSTEMPATH\CodeIgniter.php(891): App\Controllers\gaji->__construct()
 2 SYSTEMPATH\CodeIgniter.php(485): CodeIgniter\CodeIgniter->createController()
 3 SYSTEMPATH\CodeIgniter.php(353): CodeIgniter\CodeIgniter->handleRequest(null, Object(Config\Cache), false)
 4 FCPATH\index.php(79): CodeIgniter\CodeIgniter->run()
 5 SYSTEMPATH\Commands\Server\rewrite.php(47): require_once('C:\\Users\\rafi_atiz\\Downloads\\update finance\\admin2\\public\\index.php')
INFO - 2024-04-01 07:55:13 --> Session: Class initialized using 'CodeIgniter\Session\Handlers\FileHandler' driver.
CRITICAL - 2024-04-01 07:55:13 --> Class "App\Controllers\BagianModel" not found
in APPPATH\Controllers\gaji.php on line 16.
 1 SYSTEMPATH\CodeIgniter.php(891): App\Controllers\gaji->__construct()
 2 SYSTEMPATH\CodeIgniter.php(485): CodeIgniter\CodeIgniter->createController()
 3 SYSTEMPATH\CodeIgniter.php(353): CodeIgniter\CodeIgniter->handleRequest(null, Object(Config\Cache), false)
 4 FCPATH\index.php(79): CodeIgniter\CodeIgniter->run()
 5 SYSTEMPATH\Commands\Server\rewrite.php(47): require_once('C:\\Users\\rafi_atiz\\Downloads\\update finance\\admin2\\public\\index.php')
INFO - 2024-04-01 07:55:13 --> Session: Class initialized using 'CodeIgniter\Session\Handlers\FileHandler' driver.
CRITICAL - 2024-04-01 07:55:13 --> Class "App\Controllers\BagianModel" not found
in APPPATH\Controllers\gaji.php on line 16.
 1 SYSTEMPATH\CodeIgniter.php(891): App\Controllers\gaji->__construct()
 2 SYSTEMPATH\CodeIgniter.php(485): CodeIgniter\CodeIgniter->createController()
 3 SYSTEMPATH\CodeIgniter.php(353): CodeIgniter\CodeIgniter->handleRequest(null, Object(Config\Cache), false)
 4 FCPATH\index.php(79): CodeIgniter\CodeIgniter->run()
 5 SYSTEMPATH\Commands\Server\rewrite.php(47): require_once('C:\\Users\\rafi_atiz\\Downloads\\update finance\\admin2\\public\\index.php')
INFO - 2024-04-01 07:55:14 --> Session: Class initialized using 'CodeIgniter\Session\Handlers\FileHandler' driver.
CRITICAL - 2024-04-01 07:55:14 --> Class "App\Controllers\BagianModel" not found
in APPPATH\Controllers\gaji.php on line 16.
 1 SYSTEMPATH\CodeIgniter.php(891): App\Controllers\gaji->__construct()
 2 SYSTEMPATH\CodeIgniter.php(485): CodeIgniter\CodeIgniter->createController()
 3 SYSTEMPATH\CodeIgniter.php(353): CodeIgniter\CodeIgniter->handleRequest(null, Object(Config\Cache), false)
 4 FCPATH\index.php(79): CodeIgniter\CodeIgniter->run()
 5 SYSTEMPATH\Commands\Server\rewrite.php(47): require_once('C:\\Users\\rafi_atiz\\Downloads\\update finance\\admin2\\public\\index.php')
INFO - 2024-04-01 07:55:14 --> Session: Class initialized using 'CodeIgniter\Session\Handlers\FileHandler' driver.
INFO - 2024-04-01 07:55:15 --> Session: Class initialized using 'CodeIgniter\Session\Handlers\FileHandler' driver.
CRITICAL - 2024-04-01 07:55:15 --> Class "App\Controllers\BagianModel" not found
in APPPATH\Controllers\gaji.php on line 16.
 1 SYSTEMPATH\CodeIgniter.php(891): App\Controllers\gaji->__construct()
 2 SYSTEMPATH\CodeIgniter.php(485): CodeIgniter\CodeIgniter->createController()
 3 SYSTEMPATH\CodeIgniter.php(353): CodeIgniter\CodeIgniter->handleRequest(null, Object(Config\Cache), false)
 4 FCPATH\index.php(79): CodeIgniter\CodeIgniter->run()
 5 SYSTEMPATH\Commands\Server\rewrite.php(47): require_once('C:\\Users\\rafi_atiz\\Downloads\\update finance\\admin2\\public\\index.php')
INFO - 2024-04-01 07:55:15 --> Session: Class initialized using 'CodeIgniter\Session\Handlers\FileHandler' driver.
INFO - 2024-04-01 07:55:16 --> Session: Class initialized using 'CodeIgniter\Session\Handlers\FileHandler' driver.
CRITICAL - 2024-04-01 07:55:16 --> Class "App\Controllers\BagianModel" not found
in APPPATH\Controllers\gaji.php on line 16.
 1 SYSTEMPATH\CodeIgniter.php(891): App\Controllers\gaji->__construct()
 2 SYSTEMPATH\CodeIgniter.php(485): CodeIgniter\CodeIgniter->createController()
 3 SYSTEMPATH\CodeIgniter.php(353): CodeIgniter\CodeIgniter->handleRequest(null, Object(Config\Cache), false)
 4 FCPATH\index.php(79): CodeIgniter\CodeIgniter->run()
 5 SYSTEMPATH\Commands\Server\rewrite.php(47): require_once('C:\\Users\\rafi_atiz\\Downloads\\update finance\\admin2\\public\\index.php')
INFO - 2024-04-01 07:55:17 --> Session: Class initialized using 'CodeIgniter\Session\Handlers\FileHandler' driver.
CRITICAL - 2024-04-01 07:55:17 --> Class "App\Controllers\BagianModel" not found
in APPPATH\Controllers\gaji.php on line 16.
 1 SYSTEMPATH\CodeIgniter.php(891): App\Controllers\gaji->__construct()
 2 SYSTEMPATH\CodeIgniter.php(485): CodeIgniter\CodeIgniter->createController()
 3 SYSTEMPATH\CodeIgniter.php(353): CodeIgniter\CodeIgniter->handleRequest(null, Object(Config\Cache), false)
 4 FCPATH\index.php(79): CodeIgniter\CodeIgniter->run()
 5 SYSTEMPATH\Commands\Server\rewrite.php(47): require_once('C:\\Users\\rafi_atiz\\Downloads\\update finance\\admin2\\public\\index.php')
INFO - 2024-04-01 07:55:17 --> Session: Class initialized using 'CodeIgniter\Session\Handlers\FileHandler' driver.
CRITICAL - 2024-04-01 07:55:17 --> Class "App\Controllers\BagianModel" not found
in APPPATH\Controllers\gaji.php on line 16.
 1 SYSTEMPATH\CodeIgniter.php(891): App\Controllers\gaji->__construct()
 2 SYSTEMPATH\CodeIgniter.php(485): CodeIgniter\CodeIgniter->createController()
 3 SYSTEMPATH\CodeIgniter.php(353): CodeIgniter\CodeIgniter->handleRequest(null, Object(Config\Cache), false)
 4 FCPATH\index.php(79): CodeIgniter\CodeIgniter->run()
 5 SYSTEMPATH\Commands\Server\rewrite.php(47): require_once('C:\\Users\\rafi_atiz\\Downloads\\update finance\\admin2\\public\\index.php')
INFO - 2024-04-01 07:55:17 --> Session: Class initialized using 'CodeIgniter\Session\Handlers\FileHandler' driver.
CRITICAL - 2024-04-01 07:55:17 --> Class "App\Controllers\BagianModel" not found
in APPPATH\Controllers\gaji.php on line 16.
 1 SYSTEMPATH\CodeIgniter.php(891): App\Controllers\gaji->__construct()
 2 SYSTEMPATH\CodeIgniter.php(485): CodeIgniter\CodeIgniter->createController()
 3 SYSTEMPATH\CodeIgniter.php(353): CodeIgniter\CodeIgniter->handleRequest(null, Object(Config\Cache), false)
 4 FCPATH\index.php(79): CodeIgniter\CodeIgniter->run()
 5 SYSTEMPATH\Commands\Server\rewrite.php(47): require_once('C:\\Users\\rafi_atiz\\Downloads\\update finance\\admin2\\public\\index.php')
INFO - 2024-04-01 07:55:18 --> Session: Class initialized using 'CodeIgniter\Session\Handlers\FileHandler' driver.
CRITICAL - 2024-04-01 07:55:18 --> Class "App\Controllers\BagianModel" not found
in APPPATH\Controllers\gaji.php on line 16.
 1 SYSTEMPATH\CodeIgniter.php(891): App\Controllers\gaji->__construct()
 2 SYSTEMPATH\CodeIgniter.php(485): CodeIgniter\CodeIgniter->createController()
 3 SYSTEMPATH\CodeIgniter.php(353): CodeIgniter\CodeIgniter->handleRequest(null, Object(Config\Cache), false)
 4 FCPATH\index.php(79): CodeIgniter\CodeIgniter->run()
 5 SYSTEMPATH\Commands\Server\rewrite.php(47): require_once('C:\\Users\\rafi_atiz\\Downloads\\update finance\\admin2\\public\\index.php')
INFO - 2024-04-01 07:55:18 --> Session: Class initialized using 'CodeIgniter\Session\Handlers\FileHandler' driver.
CRITICAL - 2024-04-01 07:55:18 --> Class "App\Controllers\BagianModel" not found
in APPPATH\Controllers\gaji.php on line 16.
 1 SYSTEMPATH\CodeIgniter.php(891): App\Controllers\gaji->__construct()
 2 SYSTEMPATH\CodeIgniter.php(485): CodeIgniter\CodeIgniter->createController()
 3 SYSTEMPATH\CodeIgniter.php(353): CodeIgniter\CodeIgniter->handleRequest(null, Object(Config\Cache), false)
 4 FCPATH\index.php(79): CodeIgniter\CodeIgniter->run()
 5 SYSTEMPATH\Commands\Server\rewrite.php(47): require_once('C:\\Users\\rafi_atiz\\Downloads\\update finance\\admin2\\public\\index.php')
INFO - 2024-04-01 07:55:18 --> Session: Class initialized using 'CodeIgniter\Session\Handlers\FileHandler' driver.
CRITICAL - 2024-04-01 07:55:18 --> Class "App\Controllers\BagianModel" not found
in APPPATH\Controllers\gaji.php on line 16.
 1 SYSTEMPATH\CodeIgniter.php(891): App\Controllers\gaji->__construct()
 2 SYSTEMPATH\CodeIgniter.php(485): CodeIgniter\CodeIgniter->createController()
 3 SYSTEMPATH\CodeIgniter.php(353): CodeIgniter\CodeIgniter->handleRequest(null, Object(Config\Cache), false)
 4 FCPATH\index.php(79): CodeIgniter\CodeIgniter->run()
 5 SYSTEMPATH\Commands\Server\rewrite.php(47): require_once('C:\\Users\\rafi_atiz\\Downloads\\update finance\\admin2\\public\\index.php')
INFO - 2024-04-01 07:55:18 --> Session: Class initialized using 'CodeIgniter\Session\Handlers\FileHandler' driver.
CRITICAL - 2024-04-01 07:55:18 --> Class "App\Controllers\BagianModel" not found
in APPPATH\Controllers\gaji.php on line 16.
 1 SYSTEMPATH\CodeIgniter.php(891): App\Controllers\gaji->__construct()
 2 SYSTEMPATH\CodeIgniter.php(485): CodeIgniter\CodeIgniter->createController()
 3 SYSTEMPATH\CodeIgniter.php(353): CodeIgniter\CodeIgniter->handleRequest(null, Object(Config\Cache), false)
 4 FCPATH\index.php(79): CodeIgniter\CodeIgniter->run()
 5 SYSTEMPATH\Commands\Server\rewrite.php(47): require_once('C:\\Users\\rafi_atiz\\Downloads\\update finance\\admin2\\public\\index.php')
INFO - 2024-04-01 07:55:18 --> Session: Class initialized using 'CodeIgniter\Session\Handlers\FileHandler' driver.
CRITICAL - 2024-04-01 07:55:18 --> Class "App\Controllers\BagianModel" not found
in APPPATH\Controllers\gaji.php on line 16.
 1 SYSTEMPATH\CodeIgniter.php(891): App\Controllers\gaji->__construct()
 2 SYSTEMPATH\CodeIgniter.php(485): CodeIgniter\CodeIgniter->createController()
 3 SYSTEMPATH\CodeIgniter.php(353): CodeIgniter\CodeIgniter->handleRequest(null, Object(Config\Cache), false)
 4 FCPATH\index.php(79): CodeIgniter\CodeIgniter->run()
 5 SYSTEMPATH\Commands\Server\rewrite.php(47): require_once('C:\\Users\\rafi_atiz\\Downloads\\update finance\\admin2\\public\\index.php')
INFO - 2024-04-01 07:55:19 --> Session: Class initialized using 'CodeIgniter\Session\Handlers\FileHandler' driver.
CRITICAL - 2024-04-01 07:55:19 --> Class "App\Controllers\BagianModel" not found
in APPPATH\Controllers\gaji.php on line 16.
 1 SYSTEMPATH\CodeIgniter.php(891): App\Controllers\gaji->__construct()
 2 SYSTEMPATH\CodeIgniter.php(485): CodeIgniter\CodeIgniter->createController()
 3 SYSTEMPATH\CodeIgniter.php(353): CodeIgniter\CodeIgniter->handleRequest(null, Object(Config\Cache), false)
 4 FCPATH\index.php(79): CodeIgniter\CodeIgniter->run()
 5 SYSTEMPATH\Commands\Server\rewrite.php(47): require_once('C:\\Users\\rafi_atiz\\Downloads\\update finance\\admin2\\public\\index.php')
INFO - 2024-04-01 07:55:19 --> Session: Class initialized using 'CodeIgniter\Session\Handlers\FileHandler' driver.
INFO - 2024-04-01 07:55:19 --> Session: Class initialized using 'CodeIgniter\Session\Handlers\FileHandler' driver.
CRITICAL - 2024-04-01 07:55:19 --> Class "App\Controllers\BagianModel" not found
in APPPATH\Controllers\gaji.php on line 16.
 1 SYSTEMPATH\CodeIgniter.php(891): App\Controllers\gaji->__construct()
 2 SYSTEMPATH\CodeIgniter.php(485): CodeIgniter\CodeIgniter->createController()
 3 SYSTEMPATH\CodeIgniter.php(353): CodeIgniter\CodeIgniter->handleRequest(null, Object(Config\Cache), false)
 4 FCPATH\index.php(79): CodeIgniter\CodeIgniter->run()
 5 SYSTEMPATH\Commands\Server\rewrite.php(47): require_once('C:\\Users\\rafi_atiz\\Downloads\\update finance\\admin2\\public\\index.php')
INFO - 2024-04-01 07:55:19 --> Session: Class initialized using 'CodeIgniter\Session\Handlers\FileHandler' driver.
CRITICAL - 2024-04-01 07:55:19 --> Class "App\Controllers\BagianModel" not found
in APPPATH\Controllers\gaji.php on line 16.
 1 SYSTEMPATH\CodeIgniter.php(891): App\Controllers\gaji->__construct()
 2 SYSTEMPATH\CodeIgniter.php(485): CodeIgniter\CodeIgniter->createController()
 3 SYSTEMPATH\CodeIgniter.php(353): CodeIgniter\CodeIgniter->handleRequest(null, Object(Config\Cache), false)
 4 FCPATH\index.php(79): CodeIgniter\CodeIgniter->run()
 5 SYSTEMPATH\Commands\Server\rewrite.php(47): require_once('C:\\Users\\rafi_atiz\\Downloads\\update finance\\admin2\\public\\index.php')
INFO - 2024-04-01 07:55:20 --> Session: Class initialized using 'CodeIgniter\Session\Handlers\FileHandler' driver.
CRITICAL - 2024-04-01 07:55:20 --> Class "App\Controllers\BagianModel" not found
in APPPATH\Controllers\gaji.php on line 16.
 1 SYSTEMPATH\CodeIgniter.php(891): App\Controllers\gaji->__construct()
 2 SYSTEMPATH\CodeIgniter.php(485): CodeIgniter\CodeIgniter->createController()
 3 SYSTEMPATH\CodeIgniter.php(353): CodeIgniter\CodeIgniter->handleRequest(null, Object(Config\Cache), false)
 4 FCPATH\index.php(79): CodeIgniter\CodeIgniter->run()
 5 SYSTEMPATH\Commands\Server\rewrite.php(47): require_once('C:\\Users\\rafi_atiz\\Downloads\\update finance\\admin2\\public\\index.php')
INFO - 2024-04-01 07:55:20 --> Session: Class initialized using 'CodeIgniter\Session\Handlers\FileHandler' driver.
INFO - 2024-04-01 07:55:22 --> Session: Class initialized using 'CodeIgniter\Session\Handlers\FileHandler' driver.
CRITICAL - 2024-04-01 07:55:22 --> Class "App\Controllers\BagianModel" not found
in APPPATH\Controllers\gaji.php on line 16.
 1 SYSTEMPATH\CodeIgniter.php(891): App\Controllers\gaji->__construct()
 2 SYSTEMPATH\CodeIgniter.php(485): CodeIgniter\CodeIgniter->createController()
 3 SYSTEMPATH\CodeIgniter.php(353): CodeIgniter\CodeIgniter->handleRequest(null, Object(Config\Cache), false)
 4 FCPATH\index.php(79): CodeIgniter\CodeIgniter->run()
 5 SYSTEMPATH\Commands\Server\rewrite.php(47): require_once('C:\\Users\\rafi_atiz\\Downloads\\update finance\\admin2\\public\\index.php')
INFO - 2024-04-01 07:56:35 --> Session: Class initialized using 'CodeIgniter\Session\Handlers\FileHandler' driver.
INFO - 2024-04-01 07:56:36 --> Session: Class initialized using 'CodeIgniter\Session\Handlers\FileHandler' driver.
INFO - 2024-04-01 07:56:42 --> Session: Class initialized using 'CodeIgniter\Session\Handlers\FileHandler' driver.
INFO - 2024-04-01 07:56:42 --> Session: Class initialized using 'CodeIgniter\Session\Handlers\FileHandler' driver.
INFO - 2024-04-01 07:57:42 --> Session: Class initialized using 'CodeIgniter\Session\Handlers\FileHandler' driver.
INFO - 2024-04-01 07:58:16 --> Session: Class initialized using 'CodeIgniter\Session\Handlers\FileHandler' driver.
INFO - 2024-04-01 07:58:16 --> Session: Class initialized using 'CodeIgniter\Session\Handlers\FileHandler' driver.
INFO - 2024-04-01 07:58:18 --> Session: Class initialized using 'CodeIgniter\Session\Handlers\FileHandler' driver.
INFO - 2024-04-01 07:58:19 --> Session: Class initialized using 'CodeIgniter\Session\Handlers\FileHandler' driver.
INFO - 2024-04-01 07:58:35 --> Session: Class initialized using 'CodeIgniter\Session\Handlers\FileHandler' driver.
INFO - 2024-04-01 07:58:35 --> Session: Class initialized using 'CodeIgniter\Session\Handlers\FileHandler' driver.
INFO - 2024-04-01 08:01:48 --> Session: Class initialized using 'CodeIgniter\Session\Handlers\FileHandler' driver.
INFO - 2024-04-01 08:02:03 --> Session: Class initialized using 'CodeIgniter\Session\Handlers\FileHandler' driver.
CRITICAL - 2024-04-01 08:02:03 --> Undefined array key "kd bagian"
in APPPATH\Views\gaji\indexkls.php on line 52.
 1 APPPATH\Views\gaji\indexkls.php(52): CodeIgniter\Debug\Exceptions->errorHandler(2, 'Undefined array key "kd bagian"', 'C:\\Users\\rafi_atiz\\Downloads\\update finance\\admin2\\app\\Views\\gaji\\indexkls.php', 52)
 2 SYSTEMPATH\View\View.php(226): include('C:\\Users\\rafi_atiz\\Downloads\\update finance\\admin2\\app\\Views\\gaji\\indexkls.php')
 3 SYSTEMPATH\View\View.php(229): CodeIgniter\View\View->CodeIgniter\View\{closure}()
 4 SYSTEMPATH\Common.php(1188): CodeIgniter\View\View->render('gaji/indexkls', [], true)
 5 APPPATH\Controllers\gaji.php(27): view('gaji/indexkls', [...])
 6 SYSTEMPATH\CodeIgniter.php(919): App\Controllers\gaji->indexkls()
 7 SYSTEMPATH\CodeIgniter.php(494): CodeIgniter\CodeIgniter->runController(Object(App\Controllers\gaji))
 8 SYSTEMPATH\CodeIgniter.php(353): CodeIgniter\CodeIgniter->handleRequest(null, Object(Config\Cache), false)
 9 FCPATH\index.php(79): CodeIgniter\CodeIgniter->run()
10 SYSTEMPATH\Commands\Server\rewrite.php(47): require_once('C:\\Users\\rafi_atiz\\Downloads\\update finance\\admin2\\public\\index.php')
INFO - 2024-04-01 08:02:29 --> Session: Class initialized using 'CodeIgniter\Session\Handlers\FileHandler' driver.
INFO - 2024-04-01 08:02:33 --> Session: Class initialized using 'CodeIgniter\Session\Handlers\FileHandler' driver.
INFO - 2024-04-01 08:02:49 --> Session: Class initialized using 'CodeIgniter\Session\Handlers\FileHandler' driver.
INFO - 2024-04-01 08:10:21 --> Session: Class initialized using 'CodeIgniter\Session\Handlers\FileHandler' driver.
CRITICAL - 2024-04-01 08:10:21 --> Undefined variable $gaji
in APPPATH\Views\gaji\tambahgaji.php on line 50.
 1 APPPATH\Views\gaji\tambahgaji.php(50): CodeIgniter\Debug\Exceptions->errorHandler(2, 'Undefined variable $gaji', 'C:\\Users\\rafi_atiz\\Downloads\\update finance\\admin2\\app\\Views\\gaji\\tambahgaji.php', 50)
 2 SYSTEMPATH\View\View.php(226): include('C:\\Users\\rafi_atiz\\Downloads\\update finance\\admin2\\app\\Views\\gaji\\tambahgaji.php')
 3 SYSTEMPATH\View\View.php(229): CodeIgniter\View\View->CodeIgniter\View\{closure}()
 4 SYSTEMPATH\Common.php(1188): CodeIgniter\View\View->render('gaji/tambahgaji', [], true)
 5 APPPATH\Controllers\gaji.php(49): view('gaji/tambahgaji', [...])
 6 SYSTEMPATH\CodeIgniter.php(919): App\Controllers\gaji->tambahgaji()
 7 SYSTEMPATH\CodeIgniter.php(494): CodeIgniter\CodeIgniter->runController(Object(App\Controllers\gaji))
 8 SYSTEMPATH\CodeIgniter.php(353): CodeIgniter\CodeIgniter->handleRequest(null, Object(Config\Cache), false)
 9 FCPATH\index.php(79): CodeIgniter\CodeIgniter->run()
10 SYSTEMPATH\Commands\Server\rewrite.php(47): require_once('C:\\Users\\rafi_atiz\\Downloads\\update finance\\admin2\\public\\index.php')
INFO - 2024-04-01 08:12:02 --> Session: Class initialized using 'CodeIgniter\Session\Handlers\FileHandler' driver.
CRITICAL - 2024-04-01 08:12:02 --> Undefined variable $gaji
in APPPATH\Views\gaji\tambahgaji.php on line 50.
 1 APPPATH\Views\gaji\tambahgaji.php(50): CodeIgniter\Debug\Exceptions->errorHandler(2, 'Undefined variable $gaji', 'C:\\Users\\rafi_atiz\\Downloads\\update finance\\admin2\\app\\Views\\gaji\\tambahgaji.php', 50)
 2 SYSTEMPATH\View\View.php(226): include('C:\\Users\\rafi_atiz\\Downloads\\update finance\\admin2\\app\\Views\\gaji\\tambahgaji.php')
 3 SYSTEMPATH\View\View.php(229): CodeIgniter\View\View->CodeIgniter\View\{closure}()
 4 SYSTEMPATH\Common.php(1188): CodeIgniter\View\View->render('gaji/tambahgaji', [], true)
 5 APPPATH\Controllers\gaji.php(54): view('gaji/tambahgaji', [...])
 6 SYSTEMPATH\CodeIgniter.php(919): App\Controllers\gaji->tambahgaji()
 7 SYSTEMPATH\CodeIgniter.php(494): CodeIgniter\CodeIgniter->runController(Object(App\Controllers\gaji))
 8 SYSTEMPATH\CodeIgniter.php(353): CodeIgniter\CodeIgniter->handleRequest(null, Object(Config\Cache), false)
 9 FCPATH\index.php(79): CodeIgniter\CodeIgniter->run()
10 SYSTEMPATH\Commands\Server\rewrite.php(47): require_once('C:\\Users\\rafi_atiz\\Downloads\\update finance\\admin2\\public\\index.php')
INFO - 2024-04-01 08:12:03 --> Session: Class initialized using 'CodeIgniter\Session\Handlers\FileHandler' driver.
CRITICAL - 2024-04-01 08:12:03 --> Undefined variable $gaji
in APPPATH\Views\gaji\tambahgaji.php on line 50.
 1 APPPATH\Views\gaji\tambahgaji.php(50): CodeIgniter\Debug\Exceptions->errorHandler(2, 'Undefined variable $gaji', 'C:\\Users\\rafi_atiz\\Downloads\\update finance\\admin2\\app\\Views\\gaji\\tambahgaji.php', 50)
 2 SYSTEMPATH\View\View.php(226): include('C:\\Users\\rafi_atiz\\Downloads\\update finance\\admin2\\app\\Views\\gaji\\tambahgaji.php')
 3 SYSTEMPATH\View\View.php(229): CodeIgniter\View\View->CodeIgniter\View\{closure}()
 4 SYSTEMPATH\Common.php(1188): CodeIgniter\View\View->render('gaji/tambahgaji', [], true)
 5 APPPATH\Controllers\gaji.php(54): view('gaji/tambahgaji', [...])
 6 SYSTEMPATH\CodeIgniter.php(919): App\Controllers\gaji->tambahgaji()
 7 SYSTEMPATH\CodeIgniter.php(494): CodeIgniter\CodeIgniter->runController(Object(App\Controllers\gaji))
 8 SYSTEMPATH\CodeIgniter.php(353): CodeIgniter\CodeIgniter->handleRequest(null, Object(Config\Cache), false)
 9 FCPATH\index.php(79): CodeIgniter\CodeIgniter->run()
10 SYSTEMPATH\Commands\Server\rewrite.php(47): require_once('C:\\Users\\rafi_atiz\\Downloads\\update finance\\admin2\\public\\index.php')
INFO - 2024-04-01 08:14:40 --> Session: Class initialized using 'CodeIgniter\Session\Handlers\FileHandler' driver.
CRITICAL - 2024-04-01 08:14:40 --> Call to undefined method App\Models\gajiModel::getAllGaji
in SYSTEMPATH\Model.php on line 873.
 1 APPPATH\Controllers\gaji.php(33): CodeIgniter\Model->__call('getAllGaji', [])
 2 SYSTEMPATH\CodeIgniter.php(919): App\Controllers\gaji->tambahgaji()
 3 SYSTEMPATH\CodeIgniter.php(494): CodeIgniter\CodeIgniter->runController(Object(App\Controllers\gaji))
 4 SYSTEMPATH\CodeIgniter.php(353): CodeIgniter\CodeIgniter->handleRequest(null, Object(Config\Cache), false)
 5 FCPATH\index.php(79): CodeIgniter\CodeIgniter->run()
 6 SYSTEMPATH\Commands\Server\rewrite.php(47): require_once('C:\\Users\\rafi_atiz\\Downloads\\update finance\\admin2\\public\\index.php')
INFO - 2024-04-01 08:14:41 --> Session: Class initialized using 'CodeIgniter\Session\Handlers\FileHandler' driver.
CRITICAL - 2024-04-01 08:14:41 --> Call to undefined method App\Models\gajiModel::getAllGaji
in SYSTEMPATH\Model.php on line 873.
 1 APPPATH\Controllers\gaji.php(33): CodeIgniter\Model->__call('getAllGaji', [])
 2 SYSTEMPATH\CodeIgniter.php(919): App\Controllers\gaji->tambahgaji()
 3 SYSTEMPATH\CodeIgniter.php(494): CodeIgniter\CodeIgniter->runController(Object(App\Controllers\gaji))
 4 SYSTEMPATH\CodeIgniter.php(353): CodeIgniter\CodeIgniter->handleRequest(null, Object(Config\Cache), false)
 5 FCPATH\index.php(79): CodeIgniter\CodeIgniter->run()
 6 SYSTEMPATH\Commands\Server\rewrite.php(47): require_once('C:\\Users\\rafi_atiz\\Downloads\\update finance\\admin2\\public\\index.php')
INFO - 2024-04-01 09:31:09 --> Session: Class initialized using 'CodeIgniter\Session\Handlers\FileHandler' driver.
INFO - 2024-04-01 09:31:20 --> Session: Class initialized using 'CodeIgniter\Session\Handlers\FileHandler' driver.
INFO - 2024-04-01 09:31:21 --> Session: Class initialized using 'CodeIgniter\Session\Handlers\FileHandler' driver.
INFO - 2024-04-01 09:31:28 --> Session: Class initialized using 'CodeIgniter\Session\Handlers\FileHandler' driver.
INFO - 2024-04-01 09:31:28 --> Session: Class initialized using 'CodeIgniter\Session\Handlers\FileHandler' driver.
INFO - 2024-04-01 09:36:52 --> Session: Class initialized using 'CodeIgniter\Session\Handlers\FileHandler' driver.
CRITICAL - 2024-04-01 09:36:52 --> Undefined array key "nama_pegawai"
in APPPATH\Views\gaji\indexkls.php on line 54.
 1 APPPATH\Views\gaji\indexkls.php(54): CodeIgniter\Debug\Exceptions->errorHandler(2, 'Undefined array key "nama_pegawai"', 'C:\\Users\\rafi_atiz\\Downloads\\update finance\\admin2\\app\\Views\\gaji\\indexkls.php', 54)
 2 SYSTEMPATH\View\View.php(226): include('C:\\Users\\rafi_atiz\\Downloads\\update finance\\admin2\\app\\Views\\gaji\\indexkls.php')
 3 SYSTEMPATH\View\View.php(229): CodeIgniter\View\View->CodeIgniter\View\{closure}()
 4 SYSTEMPATH\Common.php(1188): CodeIgniter\View\View->render('gaji/indexkls', [], true)
 5 APPPATH\Controllers\gaji.php(27): view('gaji/indexkls', [...])
 6 SYSTEMPATH\CodeIgniter.php(919): App\Controllers\gaji->indexkls()
 7 SYSTEMPATH\CodeIgniter.php(494): CodeIgniter\CodeIgniter->runController(Object(App\Controllers\gaji))
 8 SYSTEMPATH\CodeIgniter.php(353): CodeIgniter\CodeIgniter->handleRequest(null, Object(Config\Cache), false)
 9 FCPATH\index.php(79): CodeIgniter\CodeIgniter->run()
10 SYSTEMPATH\Commands\Server\rewrite.php(47): require_once('C:\\Users\\rafi_atiz\\Downloads\\update finance\\admin2\\public\\index.php')
INFO - 2024-04-01 09:38:46 --> Session: Class initialized using 'CodeIgniter\Session\Handlers\FileHandler' driver.
INFO - 2024-04-01 09:39:11 --> Session: Class initialized using 'CodeIgniter\Session\Handlers\FileHandler' driver.
INFO - 2024-04-01 09:39:25 --> Session: Class initialized using 'CodeIgniter\Session\Handlers\FileHandler' driver.
INFO - 2024-04-01 09:39:45 --> Session: Class initialized using 'CodeIgniter\Session\Handlers\FileHandler' driver.
INFO - 2024-04-01 09:39:58 --> Session: Class initialized using 'CodeIgniter\Session\Handlers\FileHandler' driver.
INFO - 2024-04-01 09:40:05 --> Session: Class initialized using 'CodeIgniter\Session\Handlers\FileHandler' driver.
INFO - 2024-04-01 09:40:50 --> Session: Class initialized using 'CodeIgniter\Session\Handlers\FileHandler' driver.
INFO - 2024-04-01 09:41:13 --> Session: Class initialized using 'CodeIgniter\Session\Handlers\FileHandler' driver.
INFO - 2024-04-01 09:41:13 --> Session: Class initialized using 'CodeIgniter\Session\Handlers\FileHandler' driver.
INFO - 2024-04-01 09:41:15 --> Session: Class initialized using 'CodeIgniter\Session\Handlers\FileHandler' driver.
INFO - 2024-04-01 09:42:03 --> Session: Class initialized using 'CodeIgniter\Session\Handlers\FileHandler' driver.
INFO - 2024-04-01 09:42:14 --> Session: Class initialized using 'CodeIgniter\Session\Handlers\FileHandler' driver.
INFO - 2024-04-01 09:42:14 --> Session: Class initialized using 'CodeIgniter\Session\Handlers\FileHandler' driver.
INFO - 2024-04-01 09:42:52 --> Session: Class initialized using 'CodeIgniter\Session\Handlers\FileHandler' driver.
INFO - 2024-04-01 09:42:53 --> Session: Class initialized using 'CodeIgniter\Session\Handlers\FileHandler' driver.
INFO - 2024-04-01 09:43:03 --> Session: Class initialized using 'CodeIgniter\Session\Handlers\FileHandler' driver.
INFO - 2024-04-01 09:43:04 --> Session: Class initialized using 'CodeIgniter\Session\Handlers\FileHandler' driver.
INFO - 2024-04-01 09:43:11 --> Session: Class initialized using 'CodeIgniter\Session\Handlers\FileHandler' driver.
INFO - 2024-04-01 09:47:37 --> Session: Class initialized using 'CodeIgniter\Session\Handlers\FileHandler' driver.
INFO - 2024-04-01 09:47:37 --> Session: Class initialized using 'CodeIgniter\Session\Handlers\FileHandler' driver.
INFO - 2024-04-01 09:48:06 --> Session: Class initialized using 'CodeIgniter\Session\Handlers\FileHandler' driver.
INFO - 2024-04-01 09:48:22 --> Session: Class initialized using 'CodeIgniter\Session\Handlers\FileHandler' driver.
INFO - 2024-04-01 09:48:22 --> Session: Class initialized using 'CodeIgniter\Session\Handlers\FileHandler' driver.
INFO - 2024-04-01 09:48:34 --> Session: Class initialized using 'CodeIgniter\Session\Handlers\FileHandler' driver.
INFO - 2024-04-01 09:50:09 --> Session: Class initialized using 'CodeIgniter\Session\Handlers\FileHandler' driver.
INFO - 2024-04-01 09:50:09 --> Session: Class initialized using 'CodeIgniter\Session\Handlers\FileHandler' driver.
INFO - 2024-04-01 09:50:19 --> Session: Class initialized using 'CodeIgniter\Session\Handlers\FileHandler' driver.
INFO - 2024-04-01 09:50:20 --> Session: Class initialized using 'CodeIgniter\Session\Handlers\FileHandler' driver.
INFO - 2024-04-01 09:50:29 --> Session: Class initialized using 'CodeIgniter\Session\Handlers\FileHandler' driver.
INFO - 2024-04-01 09:50:29 --> Session: Class initialized using 'CodeIgniter\Session\Handlers\FileHandler' driver.
INFO - 2024-04-01 09:50:31 --> Session: Class initialized using 'CodeIgniter\Session\Handlers\FileHandler' driver.
INFO - 2024-04-01 09:58:51 --> Session: Class initialized using 'CodeIgniter\Session\Handlers\FileHandler' driver.
INFO - 2024-04-01 09:58:55 --> Session: Class initialized using 'CodeIgniter\Session\Handlers\FileHandler' driver.
INFO - 2024-04-01 09:58:56 --> Session: Class initialized using 'CodeIgniter\Session\Handlers\FileHandler' driver.
INFO - 2024-04-01 09:59:11 --> Session: Class initialized using 'CodeIgniter\Session\Handlers\FileHandler' driver.
INFO - 2024-04-01 09:59:19 --> Session: Class initialized using 'CodeIgniter\Session\Handlers\FileHandler' driver.
INFO - 2024-04-01 10:00:07 --> Session: Class initialized using 'CodeIgniter\Session\Handlers\FileHandler' driver.
INFO - 2024-04-01 10:00:07 --> Session: Class initialized using 'CodeIgniter\Session\Handlers\FileHandler' driver.
INFO - 2024-04-01 10:00:12 --> Session: Class initialized using 'CodeIgniter\Session\Handlers\FileHandler' driver.
INFO - 2024-04-01 10:00:12 --> Session: Class initialized using 'CodeIgniter\Session\Handlers\FileHandler' driver.
INFO - 2024-04-01 10:07:54 --> Session: Class initialized using 'CodeIgniter\Session\Handlers\FileHandler' driver.
INFO - 2024-04-01 10:07:54 --> Session: Class initialized using 'CodeIgniter\Session\Handlers\FileHandler' driver.
INFO - 2024-04-01 10:08:35 --> Session: Class initialized using 'CodeIgniter\Session\Handlers\FileHandler' driver.
INFO - 2024-04-01 10:11:26 --> Session: Class initialized using 'CodeIgniter\Session\Handlers\FileHandler' driver.
INFO - 2024-04-01 10:11:31 --> Session: Class initialized using 'CodeIgniter\Session\Handlers\FileHandler' driver.
CRITICAL - 2024-04-01 10:11:31 --> Call to undefined method App\Models\gajiModel::getgaji
in SYSTEMPATH\Model.php on line 873.
 1 APPPATH\Controllers\gaji.php(25): CodeIgniter\Model->__call('getgaji', [])
 2 SYSTEMPATH\CodeIgniter.php(919): App\Controllers\gaji->indexkls()
 3 SYSTEMPATH\CodeIgniter.php(494): CodeIgniter\CodeIgniter->runController(Object(App\Controllers\gaji))
 4 SYSTEMPATH\CodeIgniter.php(353): CodeIgniter\CodeIgniter->handleRequest(null, Object(Config\Cache), false)
 5 FCPATH\index.php(79): CodeIgniter\CodeIgniter->run()
 6 SYSTEMPATH\Commands\Server\rewrite.php(47): require_once('C:\\Users\\rafi_atiz\\Downloads\\update finance\\admin2\\public\\index.php')
INFO - 2024-04-01 10:11:49 --> Session: Class initialized using 'CodeIgniter\Session\Handlers\FileHandler' driver.
INFO - 2024-04-01 10:11:56 --> Session: Class initialized using 'CodeIgniter\Session\Handlers\FileHandler' driver.
INFO - 2024-04-01 10:13:03 --> Session: Class initialized using 'CodeIgniter\Session\Handlers\FileHandler' driver.
INFO - 2024-04-01 10:13:13 --> Session: Class initialized using 'CodeIgniter\Session\Handlers\FileHandler' driver.
INFO - 2024-04-01 10:13:13 --> Session: Class initialized using 'CodeIgniter\Session\Handlers\FileHandler' driver.
INFO - 2024-04-01 10:14:33 --> Session: Class initialized using 'CodeIgniter\Session\Handlers\FileHandler' driver.
INFO - 2024-04-01 10:14:51 --> Session: Class initialized using 'CodeIgniter\Session\Handlers\FileHandler' driver.
INFO - 2024-04-01 10:14:51 --> Session: Class initialized using 'CodeIgniter\Session\Handlers\FileHandler' driver.
INFO - 2024-04-01 10:14:51 --> Session: Class initialized using 'CodeIgniter\Session\Handlers\FileHandler' driver.
INFO - 2024-04-01 10:20:06 --> Session: Class initialized using 'CodeIgniter\Session\Handlers\FileHandler' driver.
INFO - 2024-04-01 10:20:06 --> Session: Class initialized using 'CodeIgniter\Session\Handlers\FileHandler' driver.
INFO - 2024-04-01 10:20:07 --> Session: Class initialized using 'CodeIgniter\Session\Handlers\FileHandler' driver.
INFO - 2024-04-01 10:20:07 --> Session: Class initialized using 'CodeIgniter\Session\Handlers\FileHandler' driver.
INFO - 2024-04-01 10:20:08 --> Session: Class initialized using 'CodeIgniter\Session\Handlers\FileHandler' driver.
INFO - 2024-04-01 10:20:10 --> Session: Class initialized using 'CodeIgniter\Session\Handlers\FileHandler' driver.
INFO - 2024-04-01 10:20:10 --> Session: Class initialized using 'CodeIgniter\Session\Handlers\FileHandler' driver.
INFO - 2024-04-01 10:20:10 --> Session: Class initialized using 'CodeIgniter\Session\Handlers\FileHandler' driver.
INFO - 2024-04-01 10:20:11 --> Session: Class initialized using 'CodeIgniter\Session\Handlers\FileHandler' driver.
INFO - 2024-04-01 10:20:11 --> Session: Class initialized using 'CodeIgniter\Session\Handlers\FileHandler' driver.
INFO - 2024-04-01 10:20:12 --> Session: Class initialized using 'CodeIgniter\Session\Handlers\FileHandler' driver.
INFO - 2024-04-01 10:20:12 --> Session: Class initialized using 'CodeIgniter\Session\Handlers\FileHandler' driver.
INFO - 2024-04-01 10:20:13 --> Session: Class initialized using 'CodeIgniter\Session\Handlers\FileHandler' driver.
INFO - 2024-04-01 10:20:13 --> Session: Class initialized using 'CodeIgniter\Session\Handlers\FileHandler' driver.
INFO - 2024-04-01 10:20:13 --> Session: Class initialized using 'CodeIgniter\Session\Handlers\FileHandler' driver.
INFO - 2024-04-01 10:20:14 --> Session: Class initialized using 'CodeIgniter\Session\Handlers\FileHandler' driver.
INFO - 2024-04-01 10:20:14 --> Session: Class initialized using 'CodeIgniter\Session\Handlers\FileHandler' driver.
INFO - 2024-04-01 10:20:15 --> Session: Class initialized using 'CodeIgniter\Session\Handlers\FileHandler' driver.
INFO - 2024-04-01 10:20:15 --> Session: Class initialized using 'CodeIgniter\Session\Handlers\FileHandler' driver.
INFO - 2024-04-01 10:20:16 --> Session: Class initialized using 'CodeIgniter\Session\Handlers\FileHandler' driver.
INFO - 2024-04-01 10:20:16 --> Session: Class initialized using 'CodeIgniter\Session\Handlers\FileHandler' driver.
INFO - 2024-04-01 10:20:17 --> Session: Class initialized using 'CodeIgniter\Session\Handlers\FileHandler' driver.
INFO - 2024-04-01 10:27:26 --> Session: Class initialized using 'CodeIgniter\Session\Handlers\FileHandler' driver.
INFO - 2024-04-01 10:27:26 --> Session: Class initialized using 'CodeIgniter\Session\Handlers\FileHandler' driver.
INFO - 2024-04-01 10:27:28 --> Session: Class initialized using 'CodeIgniter\Session\Handlers\FileHandler' driver.
INFO - 2024-04-01 10:27:28 --> Session: Class initialized using 'CodeIgniter\Session\Handlers\FileHandler' driver.
INFO - 2024-04-01 10:27:28 --> Session: Class initialized using 'CodeIgniter\Session\Handlers\FileHandler' driver.
INFO - 2024-04-01 10:27:28 --> Session: Class initialized using 'CodeIgniter\Session\Handlers\FileHandler' driver.
INFO - 2024-04-01 10:27:33 --> Session: Class initialized using 'CodeIgniter\Session\Handlers\FileHandler' driver.
INFO - 2024-04-01 10:27:34 --> Session: Class initialized using 'CodeIgniter\Session\Handlers\FileHandler' driver.
INFO - 2024-04-01 10:27:36 --> Session: Class initialized using 'CodeIgniter\Session\Handlers\FileHandler' driver.
INFO - 2024-04-01 10:27:36 --> Session: Class initialized using 'CodeIgniter\Session\Handlers\FileHandler' driver.
INFO - 2024-04-01 10:54:12 --> Session: Class initialized using 'CodeIgniter\Session\Handlers\FileHandler' driver.
INFO - 2024-04-01 10:54:16 --> Session: Class initialized using 'CodeIgniter\Session\Handlers\FileHandler' driver.
INFO - 2024-04-01 10:54:21 --> Session: Class initialized using 'CodeIgniter\Session\Handlers\FileHandler' driver.
ERROR - 2024-04-01 10:54:49 --> mysqli_sql_exception: Cannot add or update a child row: a foreign key constraint fails (`user`.`transaksi_keuangan`, CONSTRAINT `transaksi_keuangan_ibfk_1` FOREIGN KEY (`nip`) REFERENCES `karyawan` (`nip`)) in C:\Users\rafi_atiz\Downloads\update finance\admin2\system\Database\MySQLi\Connection.php:306
Stack trace:
#0 C:\Users\rafi_atiz\Downloads\update finance\admin2\system\Database\MySQLi\Connection.php(306): mysqli->query('INSERT INTO `tr...', 0)
#1 C:\Users\rafi_atiz\Downloads\update finance\admin2\system\Database\BaseConnection.php(692): CodeIgniter\Database\MySQLi\Connection->execute('INSERT INTO `tr...')
#2 C:\Users\rafi_atiz\Downloads\update finance\admin2\system\Database\BaseConnection.php(606): CodeIgniter\Database\BaseConnection->simpleQuery('INSERT INTO `tr...')
#3 C:\Users\rafi_atiz\Downloads\update finance\admin2\system\Database\BaseBuilder.php(2308): CodeIgniter\Database\BaseConnection->query('INSERT INTO `tr...', Array, false)
#4 C:\Users\rafi_atiz\Downloads\update finance\admin2\system\Model.php(319): CodeIgniter\Database\BaseBuilder->insert()
#5 C:\Users\rafi_atiz\Downloads\update finance\admin2\system\BaseModel.php(788): CodeIgniter\Model->doInsert(Array)
#6 C:\Users\rafi_atiz\Downloads\update finance\admin2\system\Model.php(715): CodeIgniter\BaseModel->insert(Array, false)
#7 C:\Users\rafi_atiz\Downloads\update finance\admin2\system\BaseModel.php(698): CodeIgniter\Model->insert(Array, false)
#8 C:\Users\rafi_atiz\Downloads\update finance\admin2\app\Controllers\transaksi.php(73): CodeIgniter\BaseModel->save(Array)
#9 C:\Users\rafi_atiz\Downloads\update finance\admin2\system\CodeIgniter.php(919): App\Controllers\transaksi->simpan()
#10 C:\Users\rafi_atiz\Downloads\update finance\admin2\system\CodeIgniter.php(494): CodeIgniter\CodeIgniter->runController(Object(App\Controllers\transaksi))
#11 C:\Users\rafi_atiz\Downloads\update finance\admin2\system\CodeIgniter.php(353): CodeIgniter\CodeIgniter->handleRequest(NULL, Object(Config\Cache), false)
#12 C:\Users\rafi_atiz\Downloads\update finance\admin2\public\index.php(79): CodeIgniter\CodeIgniter->run()
#13 C:\Users\rafi_atiz\Downloads\update finance\admin2\system\Commands\Server\rewrite.php(47): require_once('C:\\Users\\rafi_a...')
#14 {main}
CRITICAL - 2024-04-01 10:54:49 --> Cannot add or update a child row: a foreign key constraint fails (`user`.`transaksi_keuangan`, CONSTRAINT `transaksi_keuangan_ibfk_1` FOREIGN KEY (`nip`) REFERENCES `karyawan` (`nip`))
in SYSTEMPATH\Database\BaseConnection.php on line 646.
 1 SYSTEMPATH\Database\BaseBuilder.php(2308): CodeIgniter\Database\BaseConnection->query('INSERT INTO `transaksi_keuangan` (`nip`, `tanggal_transaksi`, `keterangan`, `jumlah`, `jenis_transaksi`) VALUES (:nip:, :tanggal_transaksi:, :keterangan:, :jumlah:, :jenis_transaksi:)', [...], false)
 2 SYSTEMPATH\Model.php(319): CodeIgniter\Database\BaseBuilder->insert()
 3 SYSTEMPATH\BaseModel.php(788): CodeIgniter\Model->doInsert([...])
 4 SYSTEMPATH\Model.php(715): CodeIgniter\BaseModel->insert([...], false)
 5 SYSTEMPATH\BaseModel.php(698): CodeIgniter\Model->insert([...], false)
 6 APPPATH\Controllers\transaksi.php(73): CodeIgniter\BaseModel->save([...])
 7 SYSTEMPATH\CodeIgniter.php(919): App\Controllers\transaksi->simpan()
 8 SYSTEMPATH\CodeIgniter.php(494): CodeIgniter\CodeIgniter->runController(Object(App\Controllers\transaksi))
 9 SYSTEMPATH\CodeIgniter.php(353): CodeIgniter\CodeIgniter->handleRequest(null, Object(Config\Cache), false)
10 FCPATH\index.php(79): CodeIgniter\CodeIgniter->run()
11 SYSTEMPATH\Commands\Server\rewrite.php(47): require_once('C:\\Users\\rafi_atiz\\Downloads\\update finance\\admin2\\public\\index.php')
ERROR - 2024-04-01 10:54:49 --> mysqli_sql_exception: Cannot add or update a child row: a foreign key constraint fails (`user`.`transaksi_keuangan`, CONSTRAINT `transaksi_keuangan_ibfk_1` FOREIGN KEY (`nip`) REFERENCES `karyawan` (`nip`)) in C:\Users\rafi_atiz\Downloads\update finance\admin2\system\Database\MySQLi\Connection.php:306
Stack trace:
#0 C:\Users\rafi_atiz\Downloads\update finance\admin2\system\Database\MySQLi\Connection.php(306): mysqli->query('INSERT INTO `tr...', 0)
#1 C:\Users\rafi_atiz\Downloads\update finance\admin2\system\Database\BaseConnection.php(692): CodeIgniter\Database\MySQLi\Connection->execute('INSERT INTO `tr...')
#2 C:\Users\rafi_atiz\Downloads\update finance\admin2\system\Database\BaseConnection.php(606): CodeIgniter\Database\BaseConnection->simpleQuery('INSERT INTO `tr...')
#3 C:\Users\rafi_atiz\Downloads\update finance\admin2\system\Database\BaseBuilder.php(2308): CodeIgniter\Database\BaseConnection->query('INSERT INTO `tr...', Array, false)
#4 C:\Users\rafi_atiz\Downloads\update finance\admin2\system\Model.php(319): CodeIgniter\Database\BaseBuilder->insert()
#5 C:\Users\rafi_atiz\Downloads\update finance\admin2\system\BaseModel.php(788): CodeIgniter\Model->doInsert(Array)
#6 C:\Users\rafi_atiz\Downloads\update finance\admin2\system\Model.php(715): CodeIgniter\BaseModel->insert(Array, false)
#7 C:\Users\rafi_atiz\Downloads\update finance\admin2\system\BaseModel.php(698): CodeIgniter\Model->insert(Array, false)
#8 C:\Users\rafi_atiz\Downloads\update finance\admin2\app\Controllers\transaksi.php(73): CodeIgniter\BaseModel->save(Array)
#9 C:\Users\rafi_atiz\Downloads\update finance\admin2\system\CodeIgniter.php(919): App\Controllers\transaksi->simpan()
#10 C:\Users\rafi_atiz\Downloads\update finance\admin2\system\CodeIgniter.php(494): CodeIgniter\CodeIgniter->runController(Object(App\Controllers\transaksi))
#11 C:\Users\rafi_atiz\Downloads\update finance\admin2\system\CodeIgniter.php(353): CodeIgniter\CodeIgniter->handleRequest(NULL, Object(Config\Cache), false)
#12 C:\Users\rafi_atiz\Downloads\update finance\admin2\public\index.php(79): CodeIgniter\CodeIgniter->run()
#13 C:\Users\rafi_atiz\Downloads\update finance\admin2\system\Commands\Server\rewrite.php(47): require_once('C:\\Users\\rafi_a...')
#14 {main}
CRITICAL - 2024-04-01 10:54:49 --> Cannot add or update a child row: a foreign key constraint fails (`user`.`transaksi_keuangan`, CONSTRAINT `transaksi_keuangan_ibfk_1` FOREIGN KEY (`nip`) REFERENCES `karyawan` (`nip`))
in SYSTEMPATH\Database\BaseConnection.php on line 646.
 1 SYSTEMPATH\Database\BaseBuilder.php(2308): CodeIgniter\Database\BaseConnection->query('INSERT INTO `transaksi_keuangan` (`nip`, `tanggal_transaksi`, `keterangan`, `jumlah`, `jenis_transaksi`) VALUES (:nip:, :tanggal_transaksi:, :keterangan:, :jumlah:, :jenis_transaksi:)', [...], false)
 2 SYSTEMPATH\Model.php(319): CodeIgniter\Database\BaseBuilder->insert()
 3 SYSTEMPATH\BaseModel.php(788): CodeIgniter\Model->doInsert([...])
 4 SYSTEMPATH\Model.php(715): CodeIgniter\BaseModel->insert([...], false)
 5 SYSTEMPATH\BaseModel.php(698): CodeIgniter\Model->insert([...], false)
 6 APPPATH\Controllers\transaksi.php(73): CodeIgniter\BaseModel->save([...])
 7 SYSTEMPATH\CodeIgniter.php(919): App\Controllers\transaksi->simpan()
 8 SYSTEMPATH\CodeIgniter.php(494): CodeIgniter\CodeIgniter->runController(Object(App\Controllers\transaksi))
 9 SYSTEMPATH\CodeIgniter.php(353): CodeIgniter\CodeIgniter->handleRequest(null, Object(Config\Cache), false)
10 FCPATH\index.php(79): CodeIgniter\CodeIgniter->run()
11 SYSTEMPATH\Commands\Server\rewrite.php(47): require_once('C:\\Users\\rafi_atiz\\Downloads\\update finance\\admin2\\public\\index.php')
INFO - 2024-04-01 10:54:54 --> Session: Class initialized using 'CodeIgniter\Session\Handlers\FileHandler' driver.
INFO - 2024-04-01 10:55:07 --> Session: Class initialized using 'CodeIgniter\Session\Handlers\FileHandler' driver.
INFO - 2024-04-01 10:55:08 --> Session: Class initialized using 'CodeIgniter\Session\Handlers\FileHandler' driver.
INFO - 2024-04-01 10:56:40 --> Session: Class initialized using 'CodeIgniter\Session\Handlers\FileHandler' driver.
INFO - 2024-04-01 10:57:02 --> Session: Class initialized using 'CodeIgniter\Session\Handlers\FileHandler' driver.
INFO - 2024-04-01 10:57:02 --> Session: Class initialized using 'CodeIgniter\Session\Handlers\FileHandler' driver.
INFO - 2024-04-01 10:57:06 --> Session: Class initialized using 'CodeIgniter\Session\Handlers\FileHandler' driver.
ERROR - 2024-04-01 10:57:16 --> mysqli_sql_exception: Cannot add or update a child row: a foreign key constraint fails (`user`.`transaksi_keuangan`, CONSTRAINT `transaksi_keuangan_ibfk_1` FOREIGN KEY (`nip`) REFERENCES `karyawan` (`nip`)) in C:\Users\rafi_atiz\Downloads\update finance\admin2\system\Database\MySQLi\Connection.php:306
Stack trace:
#0 C:\Users\rafi_atiz\Downloads\update finance\admin2\system\Database\MySQLi\Connection.php(306): mysqli->query('INSERT INTO `tr...', 0)
#1 C:\Users\rafi_atiz\Downloads\update finance\admin2\system\Database\BaseConnection.php(692): CodeIgniter\Database\MySQLi\Connection->execute('INSERT INTO `tr...')
#2 C:\Users\rafi_atiz\Downloads\update finance\admin2\system\Database\BaseConnection.php(606): CodeIgniter\Database\BaseConnection->simpleQuery('INSERT INTO `tr...')
#3 C:\Users\rafi_atiz\Downloads\update finance\admin2\system\Database\BaseBuilder.php(2308): CodeIgniter\Database\BaseConnection->query('INSERT INTO `tr...', Array, false)
#4 C:\Users\rafi_atiz\Downloads\update finance\admin2\system\Model.php(319): CodeIgniter\Database\BaseBuilder->insert()
#5 C:\Users\rafi_atiz\Downloads\update finance\admin2\system\BaseModel.php(788): CodeIgniter\Model->doInsert(Array)
#6 C:\Users\rafi_atiz\Downloads\update finance\admin2\system\Model.php(715): CodeIgniter\BaseModel->insert(Array, false)
#7 C:\Users\rafi_atiz\Downloads\update finance\admin2\system\BaseModel.php(698): CodeIgniter\Model->insert(Array, false)
#8 C:\Users\rafi_atiz\Downloads\update finance\admin2\app\Controllers\transaksi.php(73): CodeIgniter\BaseModel->save(Array)
#9 C:\Users\rafi_atiz\Downloads\update finance\admin2\system\CodeIgniter.php(919): App\Controllers\transaksi->simpan()
#10 C:\Users\rafi_atiz\Downloads\update finance\admin2\system\CodeIgniter.php(494): CodeIgniter\CodeIgniter->runController(Object(App\Controllers\transaksi))
#11 C:\Users\rafi_atiz\Downloads\update finance\admin2\system\CodeIgniter.php(353): CodeIgniter\CodeIgniter->handleRequest(NULL, Object(Config\Cache), false)
#12 C:\Users\rafi_atiz\Downloads\update finance\admin2\public\index.php(79): CodeIgniter\CodeIgniter->run()
#13 C:\Users\rafi_atiz\Downloads\update finance\admin2\system\Commands\Server\rewrite.php(47): require_once('C:\\Users\\rafi_a...')
#14 {main}
CRITICAL - 2024-04-01 10:57:16 --> Cannot add or update a child row: a foreign key constraint fails (`user`.`transaksi_keuangan`, CONSTRAINT `transaksi_keuangan_ibfk_1` FOREIGN KEY (`nip`) REFERENCES `karyawan` (`nip`))
in SYSTEMPATH\Database\BaseConnection.php on line 646.
 1 SYSTEMPATH\Database\BaseBuilder.php(2308): CodeIgniter\Database\BaseConnection->query('INSERT INTO `transaksi_keuangan` (`nip`, `tanggal_transaksi`, `keterangan`, `jumlah`, `jenis_transaksi`) VALUES (:nip:, :tanggal_transaksi:, :keterangan:, :jumlah:, :jenis_transaksi:)', [...], false)
 2 SYSTEMPATH\Model.php(319): CodeIgniter\Database\BaseBuilder->insert()
 3 SYSTEMPATH\BaseModel.php(788): CodeIgniter\Model->doInsert([...])
 4 SYSTEMPATH\Model.php(715): CodeIgniter\BaseModel->insert([...], false)
 5 SYSTEMPATH\BaseModel.php(698): CodeIgniter\Model->insert([...], false)
 6 APPPATH\Controllers\transaksi.php(73): CodeIgniter\BaseModel->save([...])
 7 SYSTEMPATH\CodeIgniter.php(919): App\Controllers\transaksi->simpan()
 8 SYSTEMPATH\CodeIgniter.php(494): CodeIgniter\CodeIgniter->runController(Object(App\Controllers\transaksi))
 9 SYSTEMPATH\CodeIgniter.php(353): CodeIgniter\CodeIgniter->handleRequest(null, Object(Config\Cache), false)
10 FCPATH\index.php(79): CodeIgniter\CodeIgniter->run()
11 SYSTEMPATH\Commands\Server\rewrite.php(47): require_once('C:\\Users\\rafi_atiz\\Downloads\\update finance\\admin2\\public\\index.php')
INFO - 2024-04-01 11:02:41 --> Session: Class initialized using 'CodeIgniter\Session\Handlers\FileHandler' driver.
INFO - 2024-04-01 11:07:28 --> Session: Class initialized using 'CodeIgniter\Session\Handlers\FileHandler' driver.
INFO - 2024-04-01 11:09:06 --> Session: Class initialized using 'CodeIgniter\Session\Handlers\FileHandler' driver.
CRITICAL - 2024-04-01 11:09:06 --> Undefined variable $validation
in APPPATH\Views\transaksi\tambahmtkl.php on line 30.
 1 APPPATH\Views\transaksi\tambahmtkl.php(30): CodeIgniter\Debug\Exceptions->errorHandler(2, 'Undefined variable $validation', 'C:\\Users\\rafi_atiz\\Downloads\\update finance\\admin2\\app\\Views\\transaksi\\tambahmtkl.php', 30)
 2 SYSTEMPATH\View\View.php(226): include('C:\\Users\\rafi_atiz\\Downloads\\update finance\\admin2\\app\\Views\\transaksi\\tambahmtkl.php')
 3 SYSTEMPATH\View\View.php(229): CodeIgniter\View\View->CodeIgniter\View\{closure}()
 4 SYSTEMPATH\Common.php(1188): CodeIgniter\View\View->render('transaksi/tambahmtkl', [], true)
 5 APPPATH\Controllers\transaksi.php(47): view('transaksi/tambahmtkl', [...])
 6 SYSTEMPATH\CodeIgniter.php(919): App\Controllers\Transaksi->tambahmtkl()
 7 SYSTEMPATH\CodeIgniter.php(494): CodeIgniter\CodeIgniter->runController(Object(App\Controllers\Transaksi))
 8 SYSTEMPATH\CodeIgniter.php(353): CodeIgniter\CodeIgniter->handleRequest(null, Object(Config\Cache), false)
 9 FCPATH\index.php(79): CodeIgniter\CodeIgniter->run()
10 SYSTEMPATH\Commands\Server\rewrite.php(47): require_once('C:\\Users\\rafi_atiz\\Downloads\\update finance\\admin2\\public\\index.php')
INFO - 2024-04-01 11:09:06 --> Session: Class initialized using 'CodeIgniter\Session\Handlers\FileHandler' driver.
CRITICAL - 2024-04-01 11:09:06 --> Undefined variable $validation
in APPPATH\Views\transaksi\tambahmtkl.php on line 30.
 1 APPPATH\Views\transaksi\tambahmtkl.php(30): CodeIgniter\Debug\Exceptions->errorHandler(2, 'Undefined variable $validation', 'C:\\Users\\rafi_atiz\\Downloads\\update finance\\admin2\\app\\Views\\transaksi\\tambahmtkl.php', 30)
 2 SYSTEMPATH\View\View.php(226): include('C:\\Users\\rafi_atiz\\Downloads\\update finance\\admin2\\app\\Views\\transaksi\\tambahmtkl.php')
 3 SYSTEMPATH\View\View.php(229): CodeIgniter\View\View->CodeIgniter\View\{closure}()
 4 SYSTEMPATH\Common.php(1188): CodeIgniter\View\View->render('transaksi/tambahmtkl', [], true)
 5 APPPATH\Controllers\transaksi.php(47): view('transaksi/tambahmtkl', [...])
 6 SYSTEMPATH\CodeIgniter.php(919): App\Controllers\Transaksi->tambahmtkl()
 7 SYSTEMPATH\CodeIgniter.php(494): CodeIgniter\CodeIgniter->runController(Object(App\Controllers\Transaksi))
 8 SYSTEMPATH\CodeIgniter.php(353): CodeIgniter\CodeIgniter->handleRequest(null, Object(Config\Cache), false)
 9 FCPATH\index.php(79): CodeIgniter\CodeIgniter->run()
10 SYSTEMPATH\Commands\Server\rewrite.php(47): require_once('C:\\Users\\rafi_atiz\\Downloads\\update finance\\admin2\\public\\index.php')
INFO - 2024-04-01 11:11:04 --> Session: Class initialized using 'CodeIgniter\Session\Handlers\FileHandler' driver.
INFO - 2024-04-01 11:11:05 --> Session: Class initialized using 'CodeIgniter\Session\Handlers\FileHandler' driver.
CRITICAL - 2024-04-01 11:11:05 --> Access denied for user 'username'@'localhost' (using password: YES)
in APPPATH\Views\transaksi\tambahmtkl.php on line 52.
 1 APPPATH\Views\transaksi\tambahmtkl.php(52): mysqli_connect('localhost', 'username', Object(SensitiveParameterValue), 'nama_database')
 2 SYSTEMPATH\View\View.php(226): include('C:\\Users\\rafi_atiz\\Downloads\\update finance\\admin2\\app\\Views\\transaksi\\tambahmtkl.php')
 3 SYSTEMPATH\View\View.php(229): CodeIgniter\View\View->CodeIgniter\View\{closure}()
 4 SYSTEMPATH\Common.php(1188): CodeIgniter\View\View->render('transaksi/tambahmtkl', [], true)
 5 APPPATH\Controllers\transaksi.php(47): view('transaksi/tambahmtkl', [...])
 6 SYSTEMPATH\CodeIgniter.php(919): App\Controllers\Transaksi->tambahmtkl()
 7 SYSTEMPATH\CodeIgniter.php(494): CodeIgniter\CodeIgniter->runController(Object(App\Controllers\Transaksi))
 8 SYSTEMPATH\CodeIgniter.php(353): CodeIgniter\CodeIgniter->handleRequest(null, Object(Config\Cache), false)
 9 FCPATH\index.php(79): CodeIgniter\CodeIgniter->run()
10 SYSTEMPATH\Commands\Server\rewrite.php(47): require_once('C:\\Users\\rafi_atiz\\Downloads\\update finance\\admin2\\public\\index.php')
INFO - 2024-04-01 11:17:50 --> Session: Class initialized using 'CodeIgniter\Session\Handlers\FileHandler' driver.
CRITICAL - 2024-04-01 11:17:50 --> Undefined variable $karyawan
in APPPATH\Views\transaksi\tambahmtkl.php on line 52.
 1 APPPATH\Views\transaksi\tambahmtkl.php(52): CodeIgniter\Debug\Exceptions->errorHandler(2, 'Undefined variable $karyawan', 'C:\\Users\\rafi_atiz\\Downloads\\update finance\\admin2\\app\\Views\\transaksi\\tambahmtkl.php', 52)
 2 SYSTEMPATH\View\View.php(226): include('C:\\Users\\rafi_atiz\\Downloads\\update finance\\admin2\\app\\Views\\transaksi\\tambahmtkl.php')
 3 SYSTEMPATH\View\View.php(229): CodeIgniter\View\View->CodeIgniter\View\{closure}()
 4 SYSTEMPATH\Common.php(1188): CodeIgniter\View\View->render('transaksi/tambahmtkl', [], true)
 5 APPPATH\Controllers\transaksi.php(47): view('transaksi/tambahmtkl', [...])
 6 SYSTEMPATH\CodeIgniter.php(919): App\Controllers\Transaksi->tambahmtkl()
 7 SYSTEMPATH\CodeIgniter.php(494): CodeIgniter\CodeIgniter->runController(Object(App\Controllers\Transaksi))
 8 SYSTEMPATH\CodeIgniter.php(353): CodeIgniter\CodeIgniter->handleRequest(null, Object(Config\Cache), false)
 9 FCPATH\index.php(79): CodeIgniter\CodeIgniter->run()
10 SYSTEMPATH\Commands\Server\rewrite.php(47): require_once('C:\\Users\\rafi_atiz\\Downloads\\update finance\\admin2\\public\\index.php')
INFO - 2024-04-01 11:17:52 --> Session: Class initialized using 'CodeIgniter\Session\Handlers\FileHandler' driver.
INFO - 2024-04-01 11:17:53 --> Session: Class initialized using 'CodeIgniter\Session\Handlers\FileHandler' driver.
CRITICAL - 2024-04-01 11:17:53 --> Undefined variable $karyawan
in APPPATH\Views\transaksi\tambahmtkl.php on line 52.
 1 APPPATH\Views\transaksi\tambahmtkl.php(52): CodeIgniter\Debug\Exceptions->errorHandler(2, 'Undefined variable $karyawan', 'C:\\Users\\rafi_atiz\\Downloads\\update finance\\admin2\\app\\Views\\transaksi\\tambahmtkl.php', 52)
 2 SYSTEMPATH\View\View.php(226): include('C:\\Users\\rafi_atiz\\Downloads\\update finance\\admin2\\app\\Views\\transaksi\\tambahmtkl.php')
 3 SYSTEMPATH\View\View.php(229): CodeIgniter\View\View->CodeIgniter\View\{closure}()
 4 SYSTEMPATH\Common.php(1188): CodeIgniter\View\View->render('transaksi/tambahmtkl', [], true)
 5 APPPATH\Controllers\transaksi.php(47): view('transaksi/tambahmtkl', [...])
 6 SYSTEMPATH\CodeIgniter.php(919): App\Controllers\Transaksi->tambahmtkl()
 7 SYSTEMPATH\CodeIgniter.php(494): CodeIgniter\CodeIgniter->runController(Object(App\Controllers\Transaksi))
 8 SYSTEMPATH\CodeIgniter.php(353): CodeIgniter\CodeIgniter->handleRequest(null, Object(Config\Cache), false)
 9 FCPATH\index.php(79): CodeIgniter\CodeIgniter->run()
10 SYSTEMPATH\Commands\Server\rewrite.php(47): require_once('C:\\Users\\rafi_atiz\\Downloads\\update finance\\admin2\\public\\index.php')
INFO - 2024-04-01 11:21:31 --> Session: Class initialized using 'CodeIgniter\Session\Handlers\FileHandler' driver.
CRITICAL - 2024-04-01 11:21:31 --> Class "App\Controllers\KaryawanModel" not found
in APPPATH\Controllers\transaksi.php on line 44.
 1 SYSTEMPATH\CodeIgniter.php(919): App\Controllers\Transaksi->tambahmtkl()
 2 SYSTEMPATH\CodeIgniter.php(494): CodeIgniter\CodeIgniter->runController(Object(App\Controllers\Transaksi))
 3 SYSTEMPATH\CodeIgniter.php(353): CodeIgniter\CodeIgniter->handleRequest(null, Object(Config\Cache), false)
 4 FCPATH\index.php(79): CodeIgniter\CodeIgniter->run()
 5 SYSTEMPATH\Commands\Server\rewrite.php(47): require_once('C:\\Users\\rafi_atiz\\Downloads\\update finance\\admin2\\public\\index.php')
INFO - 2024-04-01 11:25:08 --> Session: Class initialized using 'CodeIgniter\Session\Handlers\FileHandler' driver.
INFO - 2024-04-01 11:25:24 --> Session: Class initialized using 'CodeIgniter\Session\Handlers\FileHandler' driver.
INFO - 2024-04-01 11:25:25 --> Session: Class initialized using 'CodeIgniter\Session\Handlers\FileHandler' driver.
INFO - 2024-04-01 11:28:42 --> Session: Class initialized using 'CodeIgniter\Session\Handlers\FileHandler' driver.
INFO - 2024-04-01 11:32:16 --> Session: Class initialized using 'CodeIgniter\Session\Handlers\FileHandler' driver.
INFO - 2024-04-01 11:32:53 --> Session: Class initialized using 'CodeIgniter\Session\Handlers\FileHandler' driver.
INFO - 2024-04-01 11:32:53 --> Session: Class initialized using 'CodeIgniter\Session\Handlers\FileHandler' driver.
INFO - 2024-04-01 11:32:57 --> Session: Class initialized using 'CodeIgniter\Session\Handlers\FileHandler' driver.
INFO - 2024-04-01 11:32:57 --> Session: Class initialized using 'CodeIgniter\Session\Handlers\FileHandler' driver.
INFO - 2024-04-01 11:33:48 --> Session: Class initialized using 'CodeIgniter\Session\Handlers\FileHandler' driver.
INFO - 2024-04-01 11:34:39 --> Session: Class initialized using 'CodeIgniter\Session\Handlers\FileHandler' driver.
INFO - 2024-04-01 11:34:50 --> Session: Class initialized using 'CodeIgniter\Session\Handlers\FileHandler' driver.
INFO - 2024-04-01 11:34:52 --> Session: Class initialized using 'CodeIgniter\Session\Handlers\FileHandler' driver.
INFO - 2024-04-01 11:45:55 --> Session: Class initialized using 'CodeIgniter\Session\Handlers\FileHandler' driver.
INFO - 2024-04-01 11:45:56 --> Session: Class initialized using 'CodeIgniter\Session\Handlers\FileHandler' driver.
INFO - 2024-04-01 11:48:32 --> Session: Class initialized using 'CodeIgniter\Session\Handlers\FileHandler' driver.
INFO - 2024-04-01 11:48:33 --> Session: Class initialized using 'CodeIgniter\Session\Handlers\FileHandler' driver.
INFO - 2024-04-01 11:48:51 --> Session: Class initialized using 'CodeIgniter\Session\Handlers\FileHandler' driver.
INFO - 2024-04-01 11:48:51 --> Session: Class initialized using 'CodeIgniter\Session\Handlers\FileHandler' driver.
INFO - 2024-04-01 11:49:32 --> Session: Class initialized using 'CodeIgniter\Session\Handlers\FileHandler' driver.
CRITICAL - 2024-04-01 11:49:32 --> Undefined array key "nama_bagian"
in APPPATH\Views\gaji\edit.php on line 15.
 1 APPPATH\Views\gaji\edit.php(15): CodeIgniter\Debug\Exceptions->errorHandler(2, 'Undefined array key "nama_bagian"', 'C:\\Users\\rafi_atiz\\Downloads\\update finance\\admin2\\app\\Views\\gaji\\edit.php', 15)
 2 SYSTEMPATH\View\View.php(226): include('C:\\Users\\rafi_atiz\\Downloads\\update finance\\admin2\\app\\Views\\gaji\\edit.php')
 3 SYSTEMPATH\View\View.php(229): CodeIgniter\View\View->CodeIgniter\View\{closure}()
 4 SYSTEMPATH\Common.php(1188): CodeIgniter\View\View->render('gaji/edit', [], true)
 5 APPPATH\Controllers\gaji.php(83): view('gaji/edit', [...])
 6 SYSTEMPATH\CodeIgniter.php(919): App\Controllers\gaji->edit('168')
 7 SYSTEMPATH\CodeIgniter.php(494): CodeIgniter\CodeIgniter->runController(Object(App\Controllers\gaji))
 8 SYSTEMPATH\CodeIgniter.php(353): CodeIgniter\CodeIgniter->handleRequest(null, Object(Config\Cache), false)
 9 FCPATH\index.php(79): CodeIgniter\CodeIgniter->run()
10 SYSTEMPATH\Commands\Server\rewrite.php(47): require_once('C:\\Users\\rafi_atiz\\Downloads\\update finance\\admin2\\public\\index.php')
INFO - 2024-04-01 11:50:40 --> Session: Class initialized using 'CodeIgniter\Session\Handlers\FileHandler' driver.
CRITICAL - 2024-04-01 11:52:26 --> Undefined variable $karyawan
in APPPATH\Views\gaji\edit.php on line 19.
 1 APPPATH\Views\gaji\edit.php(19): CodeIgniter\Debug\Exceptions->errorHandler(2, 'Undefined variable $karyawan', 'C:\\Users\\rafi_atiz\\Downloads\\update finance\\admin2\\app\\Views\\gaji\\edit.php', 19)
 2 SYSTEMPATH\View\View.php(226): include('C:\\Users\\rafi_atiz\\Downloads\\update finance\\admin2\\app\\Views\\gaji\\edit.php')
 3 SYSTEMPATH\View\View.php(229): CodeIgniter\View\View->CodeIgniter\View\{closure}()
 4 SYSTEMPATH\Common.php(1188): CodeIgniter\View\View->render('gaji/edit', [], true)
 5 APPPATH\Controllers\gaji.php(83): view('gaji/edit', [...])
 6 SYSTEMPATH\CodeIgniter.php(919): App\Controllers\gaji->edit('168')
 7 SYSTEMPATH\CodeIgniter.php(494): CodeIgniter\CodeIgniter->runController(Object(App\Controllers\gaji))
 8 SYSTEMPATH\CodeIgniter.php(353): CodeIgniter\CodeIgniter->handleRequest(null, Object(Config\Cache), false)
 9 FCPATH\index.php(79): CodeIgniter\CodeIgniter->run()
10 SYSTEMPATH\Commands\Server\rewrite.php(47): require_once('C:\\Users\\rafi_atiz\\Downloads\\update finance\\admin2\\public\\index.php')
INFO - 2024-04-01 11:54:09 --> Session: Class initialized using 'CodeIgniter\Session\Handlers\FileHandler' driver.
INFO - 2024-04-01 11:55:01 --> Session: Class initialized using 'CodeIgniter\Session\Handlers\FileHandler' driver.
INFO - 2024-04-01 11:55:12 --> Session: Class initialized using 'CodeIgniter\Session\Handlers\FileHandler' driver.
INFO - 2024-04-01 11:55:19 --> Session: Class initialized using 'CodeIgniter\Session\Handlers\FileHandler' driver.
INFO - 2024-04-01 11:55:19 --> Session: Class initialized using 'CodeIgniter\Session\Handlers\FileHandler' driver.
INFO - 2024-04-01 11:55:21 --> Session: Class initialized using 'CodeIgniter\Session\Handlers\FileHandler' driver.
INFO - 2024-04-01 11:55:22 --> Session: Class initialized using 'CodeIgniter\Session\Handlers\FileHandler' driver.
INFO - 2024-04-01 11:55:27 --> Session: Class initialized using 'CodeIgniter\Session\Handlers\FileHandler' driver.
INFO - 2024-04-01 11:55:29 --> Session: Class initialized using 'CodeIgniter\Session\Handlers\FileHandler' driver.
INFO - 2024-04-01 11:55:35 --> Session: Class initialized using 'CodeIgniter\Session\Handlers\FileHandler' driver.
INFO - 2024-04-01 11:55:36 --> Session: Class initialized using 'CodeIgniter\Session\Handlers\FileHandler' driver.
INFO - 2024-04-01 11:56:34 --> Session: Class initialized using 'CodeIgniter\Session\Handlers\FileHandler' driver.
INFO - 2024-04-01 11:56:47 --> Session: Class initialized using 'CodeIgniter\Session\Handlers\FileHandler' driver.
INFO - 2024-04-01 11:57:01 --> Session: Class initialized using 'CodeIgniter\Session\Handlers\FileHandler' driver.
INFO - 2024-04-01 11:57:01 --> Session: Class initialized using 'CodeIgniter\Session\Handlers\FileHandler' driver.
INFO - 2024-04-01 11:57:05 --> Session: Class initialized using 'CodeIgniter\Session\Handlers\FileHandler' driver.
INFO - 2024-04-01 11:57:17 --> Session: Class initialized using 'CodeIgniter\Session\Handlers\FileHandler' driver.
INFO - 2024-04-01 11:57:40 --> Session: Class initialized using 'CodeIgniter\Session\Handlers\FileHandler' driver.
INFO - 2024-04-01 11:57:40 --> Session: Class initialized using 'CodeIgniter\Session\Handlers\FileHandler' driver.
INFO - 2024-04-01 12:03:12 --> Session: Class initialized using 'CodeIgniter\Session\Handlers\FileHandler' driver.
INFO - 2024-04-01 12:04:20 --> Session: Class initialized using 'CodeIgniter\Session\Handlers\FileHandler' driver.
INFO - 2024-04-01 12:04:25 --> Session: Class initialized using 'CodeIgniter\Session\Handlers\FileHandler' driver.
INFO - 2024-04-01 12:07:56 --> Session: Class initialized using 'CodeIgniter\Session\Handlers\FileHandler' driver.
INFO - 2024-04-01 12:08:30 --> Session: Class initialized using 'CodeIgniter\Session\Handlers\FileHandler' driver.
INFO - 2024-04-01 12:08:30 --> Session: Class initialized using 'CodeIgniter\Session\Handlers\FileHandler' driver.
INFO - 2024-04-01 12:08:34 --> Session: Class initialized using 'CodeIgniter\Session\Handlers\FileHandler' driver.
INFO - 2024-04-01 12:08:38 --> Session: Class initialized using 'CodeIgniter\Session\Handlers\FileHandler' driver.
INFO - 2024-04-01 12:08:38 --> Session: Class initialized using 'CodeIgniter\Session\Handlers\FileHandler' driver.
INFO - 2024-04-01 12:08:50 --> Session: Class initialized using 'CodeIgniter\Session\Handlers\FileHandler' driver.
INFO - 2024-04-01 12:08:56 --> Session: Class initialized using 'CodeIgniter\Session\Handlers\FileHandler' driver.
INFO - 2024-04-01 12:13:25 --> Session: Class initialized using 'CodeIgniter\Session\Handlers\FileHandler' driver.
INFO - 2024-04-01 12:13:40 --> Session: Class initialized using 'CodeIgniter\Session\Handlers\FileHandler' driver.
INFO - 2024-04-01 12:13:40 --> Session: Class initialized using 'CodeIgniter\Session\Handlers\FileHandler' driver.
INFO - 2024-04-01 12:13:45 --> Session: Class initialized using 'CodeIgniter\Session\Handlers\FileHandler' driver.
INFO - 2024-04-01 12:13:50 --> Session: Class initialized using 'CodeIgniter\Session\Handlers\FileHandler' driver.
INFO - 2024-04-01 12:13:50 --> Session: Class initialized using 'CodeIgniter\Session\Handlers\FileHandler' driver.
INFO - 2024-04-01 12:13:55 --> Session: Class initialized using 'CodeIgniter\Session\Handlers\FileHandler' driver.
INFO - 2024-04-01 12:14:03 --> Session: Class initialized using 'CodeIgniter\Session\Handlers\FileHandler' driver.
INFO - 2024-04-01 12:14:04 --> Session: Class initialized using 'CodeIgniter\Session\Handlers\FileHandler' driver.
INFO - 2024-04-01 12:16:54 --> Session: Class initialized using 'CodeIgniter\Session\Handlers\FileHandler' driver.
INFO - 2024-04-01 12:16:54 --> Session: Class initialized using 'CodeIgniter\Session\Handlers\FileHandler' driver.
INFO - 2024-04-01 12:16:57 --> Session: Class initialized using 'CodeIgniter\Session\Handlers\FileHandler' driver.
INFO - 2024-04-01 12:16:59 --> Session: Class initialized using 'CodeIgniter\Session\Handlers\FileHandler' driver.
INFO - 2024-04-01 12:17:45 --> Session: Class initialized using 'CodeIgniter\Session\Handlers\FileHandler' driver.
INFO - 2024-04-01 12:17:48 --> Session: Class initialized using 'CodeIgniter\Session\Handlers\FileHandler' driver.
INFO - 2024-04-01 12:18:59 --> Session: Class initialized using 'CodeIgniter\Session\Handlers\FileHandler' driver.
INFO - 2024-04-01 12:20:44 --> Session: Class initialized using 'CodeIgniter\Session\Handlers\FileHandler' driver.
INFO - 2024-04-01 12:20:46 --> Session: Class initialized using 'CodeIgniter\Session\Handlers\FileHandler' driver.
INFO - 2024-04-01 12:22:16 --> Session: Class initialized using 'CodeIgniter\Session\Handlers\FileHandler' driver.
INFO - 2024-04-01 12:22:27 --> Session: Class initialized using 'CodeIgniter\Session\Handlers\FileHandler' driver.
INFO - 2024-04-01 12:22:29 --> Session: Class initialized using 'CodeIgniter\Session\Handlers\FileHandler' driver.
INFO - 2024-04-01 12:24:47 --> Session: Class initialized using 'CodeIgniter\Session\Handlers\FileHandler' driver.
INFO - 2024-04-01 12:24:51 --> Session: Class initialized using 'CodeIgniter\Session\Handlers\FileHandler' driver.
INFO - 2024-04-01 12:24:53 --> Session: Class initialized using 'CodeIgniter\Session\Handlers\FileHandler' driver.
INFO - 2024-04-01 12:24:56 --> Session: Class initialized using 'CodeIgniter\Session\Handlers\FileHandler' driver.
INFO - 2024-04-01 12:25:51 --> Session: Class initialized using 'CodeIgniter\Session\Handlers\FileHandler' driver.
INFO - 2024-04-01 12:25:52 --> Session: Class initialized using 'CodeIgniter\Session\Handlers\FileHandler' driver.
